12-Apr-2023 11:13:22.091 INFO [main] org.apache.catalina.startup.VersionLoggerListener.log Server version name:   Apache Tomcat/10.1.7
12-Apr-2023 11:13:22.155 INFO [main] org.apache.catalina.startup.VersionLoggerListener.log Server built:          Feb 27 2023 20:25:27 UTC
12-Apr-2023 11:13:22.156 INFO [main] org.apache.catalina.startup.VersionLoggerListener.log Server version number: 10.1.7.0
12-Apr-2023 11:13:22.156 INFO [main] org.apache.catalina.startup.VersionLoggerListener.log OS Name:               Linux
12-Apr-2023 11:13:22.157 INFO [main] org.apache.catalina.startup.VersionLoggerListener.log OS Version:            5.4.0-1105-azure
12-Apr-2023 11:13:22.157 INFO [main] org.apache.catalina.startup.VersionLoggerListener.log Architecture:          amd64
12-Apr-2023 11:13:22.157 INFO [main] org.apache.catalina.startup.VersionLoggerListener.log Java Home:             /usr/local/sdkman/candidates/java/17.0.6-ms
12-Apr-2023 11:13:22.157 INFO [main] org.apache.catalina.startup.VersionLoggerListener.log JVM Version:           17.0.6+10-LTS
12-Apr-2023 11:13:22.158 INFO [main] org.apache.catalina.startup.VersionLoggerListener.log JVM Vendor:            Microsoft
12-Apr-2023 11:13:22.158 INFO [main] org.apache.catalina.startup.VersionLoggerListener.log CATALINA_BASE:         /workspaces/chess/tomcat
12-Apr-2023 11:13:22.158 INFO [main] org.apache.catalina.startup.VersionLoggerListener.log CATALINA_HOME:         /workspaces/chess/tomcat
12-Apr-2023 11:13:22.284 INFO [main] org.apache.catalina.startup.VersionLoggerListener.log Command line argument: -Djava.util.logging.config.file=/workspaces/chess/tomcat/conf/logging.properties
12-Apr-2023 11:13:22.285 INFO [main] org.apache.catalina.startup.VersionLoggerListener.log Command line argument: -Djava.util.logging.manager=org.apache.juli.ClassLoaderLogManager
12-Apr-2023 11:13:22.286 INFO [main] org.apache.catalina.startup.VersionLoggerListener.log Command line argument: -Djdk.tls.ephemeralDHKeySize=2048
12-Apr-2023 11:13:22.286 INFO [main] org.apache.catalina.startup.VersionLoggerListener.log Command line argument: -Djava.protocol.handler.pkgs=org.apache.catalina.webresources
12-Apr-2023 11:13:22.286 INFO [main] org.apache.catalina.startup.VersionLoggerListener.log Command line argument: -Dorg.apache.catalina.security.SecurityListener.UMASK=0027
12-Apr-2023 11:13:22.287 INFO [main] org.apache.catalina.startup.VersionLoggerListener.log Command line argument: --add-opens=java.base/java.lang=ALL-UNNAMED
12-Apr-2023 11:13:22.288 INFO [main] org.apache.catalina.startup.VersionLoggerListener.log Command line argument: --add-opens=java.base/java.io=ALL-UNNAMED
12-Apr-2023 11:13:22.288 INFO [main] org.apache.catalina.startup.VersionLoggerListener.log Command line argument: --add-opens=java.base/java.util=ALL-UNNAMED
12-Apr-2023 11:13:22.288 INFO [main] org.apache.catalina.startup.VersionLoggerListener.log Command line argument: --add-opens=java.base/java.util.concurrent=ALL-UNNAMED
12-Apr-2023 11:13:22.288 INFO [main] org.apache.catalina.startup.VersionLoggerListener.log Command line argument: --add-opens=java.rmi/sun.rmi.transport=ALL-UNNAMED
12-Apr-2023 11:13:22.289 INFO [main] org.apache.catalina.startup.VersionLoggerListener.log Command line argument: -Dcatalina.base=/workspaces/chess/tomcat
12-Apr-2023 11:13:22.289 INFO [main] org.apache.catalina.startup.VersionLoggerListener.log Command line argument: -Dcatalina.home=/workspaces/chess/tomcat
12-Apr-2023 11:13:22.289 INFO [main] org.apache.catalina.startup.VersionLoggerListener.log Command line argument: -Djava.io.tmpdir=/workspaces/chess/tomcat/temp
12-Apr-2023 11:13:22.291 INFO [main] org.apache.catalina.core.AprLifecycleListener.lifecycleEvent The Apache Tomcat Native library which allows using OpenSSL was not found on the java.library.path: [/usr/java/packages/lib:/usr/lib64:/lib64:/lib:/usr/lib]
12-Apr-2023 11:13:23.053 INFO [main] org.apache.coyote.AbstractProtocol.init Initializing ProtocolHandler ["http-nio-8080"]
12-Apr-2023 11:13:23.114 INFO [main] org.apache.catalina.startup.Catalina.load Server initialization in [1946] milliseconds
12-Apr-2023 11:13:23.200 INFO [main] org.apache.catalina.core.StandardService.startInternal Starting service [Catalina]
12-Apr-2023 11:13:23.201 INFO [main] org.apache.catalina.core.StandardEngine.startInternal Starting Servlet engine: [Apache Tomcat/10.1.7]
12-Apr-2023 11:13:23.220 INFO [main] org.apache.catalina.startup.HostConfig.deployDirectory Deploying web application directory [/workspaces/chess/tomcat/webapps/app]
12-Apr-2023 11:13:23.942 INFO [main] org.apache.catalina.startup.HostConfig.deployDirectory Deployment of web application directory [/workspaces/chess/tomcat/webapps/app] has finished in [721] ms
12-Apr-2023 11:13:23.943 INFO [main] org.apache.catalina.startup.HostConfig.deployDirectory Deploying web application directory [/workspaces/chess/tomcat/webapps/examples]
12-Apr-2023 11:13:25.025 INFO [main] org.apache.catalina.startup.HostConfig.deployDirectory Deployment of web application directory [/workspaces/chess/tomcat/webapps/examples] has finished in [1,082] ms
12-Apr-2023 11:13:25.028 INFO [main] org.apache.catalina.startup.HostConfig.deployDirectory Deploying web application directory [/workspaces/chess/tomcat/webapps/host-manager]
12-Apr-2023 11:13:25.134 INFO [main] org.apache.catalina.startup.HostConfig.deployDirectory Deployment of web application directory [/workspaces/chess/tomcat/webapps/host-manager] has finished in [108] ms
12-Apr-2023 11:13:25.135 INFO [main] org.apache.catalina.startup.HostConfig.deployDirectory Deploying web application directory [/workspaces/chess/tomcat/webapps/docs]
12-Apr-2023 11:13:25.204 INFO [main] org.apache.catalina.startup.HostConfig.deployDirectory Deployment of web application directory [/workspaces/chess/tomcat/webapps/docs] has finished in [68] ms
12-Apr-2023 11:13:25.204 INFO [main] org.apache.catalina.startup.HostConfig.deployDirectory Deploying web application directory [/workspaces/chess/tomcat/webapps/ROOT]
12-Apr-2023 11:13:25.288 INFO [main] org.apache.catalina.startup.HostConfig.deployDirectory Deployment of web application directory [/workspaces/chess/tomcat/webapps/ROOT] has finished in [84] ms
12-Apr-2023 11:13:25.289 INFO [main] org.apache.catalina.startup.HostConfig.deployDirectory Deploying web application directory [/workspaces/chess/tomcat/webapps/manager]
12-Apr-2023 11:13:25.391 INFO [main] org.apache.catalina.startup.HostConfig.deployDirectory Deployment of web application directory [/workspaces/chess/tomcat/webapps/manager] has finished in [102] ms
12-Apr-2023 11:13:25.407 INFO [main] org.apache.coyote.AbstractProtocol.start Starting ProtocolHandler ["http-nio-8080"]
12-Apr-2023 11:13:25.501 INFO [main] org.apache.catalina.startup.Catalina.start Server startup in [2386] milliseconds
12-Apr-2023 11:20:11.128 INFO [main] org.apache.catalina.core.StandardServer.await A valid shutdown command was received via the shutdown port. Stopping the Server instance.
12-Apr-2023 11:20:11.129 INFO [main] org.apache.coyote.AbstractProtocol.pause Pausing ProtocolHandler ["http-nio-8080"]
12-Apr-2023 11:20:11.133 INFO [main] org.apache.catalina.core.StandardService.stopInternal Stopping service [Catalina]
12-Apr-2023 11:20:11.189 INFO [main] org.apache.coyote.AbstractProtocol.stop Stopping ProtocolHandler ["http-nio-8080"]
12-Apr-2023 11:20:11.196 INFO [main] org.apache.coyote.AbstractProtocol.destroy Destroying ProtocolHandler ["http-nio-8080"]
12-Apr-2023 11:20:13.520 INFO [main] org.apache.catalina.startup.VersionLoggerListener.log Server version name:   Apache Tomcat/10.1.7
12-Apr-2023 11:20:13.524 INFO [main] org.apache.catalina.startup.VersionLoggerListener.log Server built:          Feb 27 2023 20:25:27 UTC
12-Apr-2023 11:20:13.524 INFO [main] org.apache.catalina.startup.VersionLoggerListener.log Server version number: 10.1.7.0
12-Apr-2023 11:20:13.525 INFO [main] org.apache.catalina.startup.VersionLoggerListener.log OS Name:               Linux
12-Apr-2023 11:20:13.525 INFO [main] org.apache.catalina.startup.VersionLoggerListener.log OS Version:            5.4.0-1105-azure
12-Apr-2023 11:20:13.525 INFO [main] org.apache.catalina.startup.VersionLoggerListener.log Architecture:          amd64
12-Apr-2023 11:20:13.526 INFO [main] org.apache.catalina.startup.VersionLoggerListener.log Java Home:             /usr/local/sdkman/candidates/java/17.0.6-ms
12-Apr-2023 11:20:13.526 INFO [main] org.apache.catalina.startup.VersionLoggerListener.log JVM Version:           17.0.6+10-LTS
12-Apr-2023 11:20:13.526 INFO [main] org.apache.catalina.startup.VersionLoggerListener.log JVM Vendor:            Microsoft
12-Apr-2023 11:20:13.527 INFO [main] org.apache.catalina.startup.VersionLoggerListener.log CATALINA_BASE:         /workspaces/chess/tomcat
12-Apr-2023 11:20:13.527 INFO [main] org.apache.catalina.startup.VersionLoggerListener.log CATALINA_HOME:         /workspaces/chess/tomcat
12-Apr-2023 11:20:13.541 INFO [main] org.apache.catalina.startup.VersionLoggerListener.log Command line argument: -Djava.util.logging.config.file=/workspaces/chess/tomcat/conf/logging.properties
12-Apr-2023 11:20:13.543 INFO [main] org.apache.catalina.startup.VersionLoggerListener.log Command line argument: -Djava.util.logging.manager=org.apache.juli.ClassLoaderLogManager
12-Apr-2023 11:20:13.544 INFO [main] org.apache.catalina.startup.VersionLoggerListener.log Command line argument: -Djdk.tls.ephemeralDHKeySize=2048
12-Apr-2023 11:20:13.544 INFO [main] org.apache.catalina.startup.VersionLoggerListener.log Command line argument: -Djava.protocol.handler.pkgs=org.apache.catalina.webresources
12-Apr-2023 11:20:13.545 INFO [main] org.apache.catalina.startup.VersionLoggerListener.log Command line argument: -Dorg.apache.catalina.security.SecurityListener.UMASK=0027
12-Apr-2023 11:20:13.546 INFO [main] org.apache.catalina.startup.VersionLoggerListener.log Command line argument: --add-opens=java.base/java.lang=ALL-UNNAMED
12-Apr-2023 11:20:13.546 INFO [main] org.apache.catalina.startup.VersionLoggerListener.log Command line argument: --add-opens=java.base/java.io=ALL-UNNAMED
12-Apr-2023 11:20:13.547 INFO [main] org.apache.catalina.startup.VersionLoggerListener.log Command line argument: --add-opens=java.base/java.util=ALL-UNNAMED
12-Apr-2023 11:20:13.548 INFO [main] org.apache.catalina.startup.VersionLoggerListener.log Command line argument: --add-opens=java.base/java.util.concurrent=ALL-UNNAMED
12-Apr-2023 11:20:13.548 INFO [main] org.apache.catalina.startup.VersionLoggerListener.log Command line argument: --add-opens=java.rmi/sun.rmi.transport=ALL-UNNAMED
12-Apr-2023 11:20:13.549 INFO [main] org.apache.catalina.startup.VersionLoggerListener.log Command line argument: -Dcatalina.base=/workspaces/chess/tomcat
12-Apr-2023 11:20:13.549 INFO [main] org.apache.catalina.startup.VersionLoggerListener.log Command line argument: -Dcatalina.home=/workspaces/chess/tomcat
12-Apr-2023 11:20:13.550 INFO [main] org.apache.catalina.startup.VersionLoggerListener.log Command line argument: -Djava.io.tmpdir=/workspaces/chess/tomcat/temp
12-Apr-2023 11:20:13.553 INFO [main] org.apache.catalina.core.AprLifecycleListener.lifecycleEvent The Apache Tomcat Native library which allows using OpenSSL was not found on the java.library.path: [/usr/java/packages/lib:/usr/lib64:/lib64:/lib:/usr/lib]
12-Apr-2023 11:20:13.983 INFO [main] org.apache.coyote.AbstractProtocol.init Initializing ProtocolHandler ["http-nio-8080"]
12-Apr-2023 11:20:14.026 INFO [main] org.apache.catalina.startup.Catalina.load Server initialization in [711] milliseconds
12-Apr-2023 11:20:14.102 INFO [main] org.apache.catalina.core.StandardService.startInternal Starting service [Catalina]
12-Apr-2023 11:20:14.102 INFO [main] org.apache.catalina.core.StandardEngine.startInternal Starting Servlet engine: [Apache Tomcat/10.1.7]
12-Apr-2023 11:20:14.121 INFO [main] org.apache.catalina.startup.HostConfig.deployDirectory Deploying web application directory [/workspaces/chess/tomcat/webapps/app]
12-Apr-2023 11:20:14.688 INFO [main] org.apache.catalina.startup.HostConfig.deployDirectory Deployment of web application directory [/workspaces/chess/tomcat/webapps/app] has finished in [566] ms
12-Apr-2023 11:20:14.690 INFO [main] org.apache.catalina.startup.HostConfig.deployDirectory Deploying web application directory [/workspaces/chess/tomcat/webapps/examples]
12-Apr-2023 11:20:15.037 INFO [main] org.apache.catalina.startup.HostConfig.deployDirectory Deployment of web application directory [/workspaces/chess/tomcat/webapps/examples] has finished in [343] ms
12-Apr-2023 11:20:15.038 INFO [main] org.apache.catalina.startup.HostConfig.deployDirectory Deploying web application directory [/workspaces/chess/tomcat/webapps/host-manager]
12-Apr-2023 11:20:15.122 INFO [main] org.apache.catalina.startup.HostConfig.deployDirectory Deployment of web application directory [/workspaces/chess/tomcat/webapps/host-manager] has finished in [84] ms
12-Apr-2023 11:20:15.126 INFO [main] org.apache.catalina.startup.HostConfig.deployDirectory Deploying web application directory [/workspaces/chess/tomcat/webapps/docs]
12-Apr-2023 11:20:15.155 INFO [main] org.apache.catalina.startup.HostConfig.deployDirectory Deployment of web application directory [/workspaces/chess/tomcat/webapps/docs] has finished in [29] ms
12-Apr-2023 11:20:15.156 INFO [main] org.apache.catalina.startup.HostConfig.deployDirectory Deploying web application directory [/workspaces/chess/tomcat/webapps/ROOT]
12-Apr-2023 11:20:15.193 INFO [main] org.apache.catalina.startup.HostConfig.deployDirectory Deployment of web application directory [/workspaces/chess/tomcat/webapps/ROOT] has finished in [36] ms
12-Apr-2023 11:20:15.194 INFO [main] org.apache.catalina.startup.HostConfig.deployDirectory Deploying web application directory [/workspaces/chess/tomcat/webapps/manager]
12-Apr-2023 11:20:15.235 INFO [main] org.apache.catalina.startup.HostConfig.deployDirectory Deployment of web application directory [/workspaces/chess/tomcat/webapps/manager] has finished in [41] ms
12-Apr-2023 11:20:15.240 INFO [main] org.apache.coyote.AbstractProtocol.start Starting ProtocolHandler ["http-nio-8080"]
12-Apr-2023 11:20:15.267 INFO [main] org.apache.catalina.startup.Catalina.start Server startup in [1240] milliseconds
12-Apr-2023 11:31:22.566 INFO [main] org.apache.catalina.core.StandardServer.await A valid shutdown command was received via the shutdown port. Stopping the Server instance.
12-Apr-2023 11:31:22.567 INFO [main] org.apache.coyote.AbstractProtocol.pause Pausing ProtocolHandler ["http-nio-8080"]
12-Apr-2023 11:31:22.571 INFO [main] org.apache.catalina.core.StandardService.stopInternal Stopping service [Catalina]
12-Apr-2023 11:31:22.611 INFO [main] org.apache.coyote.AbstractProtocol.stop Stopping ProtocolHandler ["http-nio-8080"]
12-Apr-2023 11:31:22.618 INFO [main] org.apache.coyote.AbstractProtocol.destroy Destroying ProtocolHandler ["http-nio-8080"]
12-Apr-2023 11:31:26.604 INFO [main] org.apache.catalina.startup.VersionLoggerListener.log Server version name:   Apache Tomcat/10.1.7
12-Apr-2023 11:31:26.610 INFO [main] org.apache.catalina.startup.VersionLoggerListener.log Server built:          Feb 27 2023 20:25:27 UTC
12-Apr-2023 11:31:26.610 INFO [main] org.apache.catalina.startup.VersionLoggerListener.log Server version number: 10.1.7.0
12-Apr-2023 11:31:26.611 INFO [main] org.apache.catalina.startup.VersionLoggerListener.log OS Name:               Linux
12-Apr-2023 11:31:26.611 INFO [main] org.apache.catalina.startup.VersionLoggerListener.log OS Version:            5.4.0-1105-azure
12-Apr-2023 11:31:26.611 INFO [main] org.apache.catalina.startup.VersionLoggerListener.log Architecture:          amd64
12-Apr-2023 11:31:26.611 INFO [main] org.apache.catalina.startup.VersionLoggerListener.log Java Home:             /usr/local/sdkman/candidates/java/17.0.6-ms
12-Apr-2023 11:31:26.611 INFO [main] org.apache.catalina.startup.VersionLoggerListener.log JVM Version:           17.0.6+10-LTS
12-Apr-2023 11:31:26.612 INFO [main] org.apache.catalina.startup.VersionLoggerListener.log JVM Vendor:            Microsoft
12-Apr-2023 11:31:26.612 INFO [main] org.apache.catalina.startup.VersionLoggerListener.log CATALINA_BASE:         /workspaces/chess/tomcat
12-Apr-2023 11:31:26.612 INFO [main] org.apache.catalina.startup.VersionLoggerListener.log CATALINA_HOME:         /workspaces/chess/tomcat
12-Apr-2023 11:31:26.640 INFO [main] org.apache.catalina.startup.VersionLoggerListener.log Command line argument: -Djava.util.logging.config.file=/workspaces/chess/tomcat/conf/logging.properties
12-Apr-2023 11:31:26.640 INFO [main] org.apache.catalina.startup.VersionLoggerListener.log Command line argument: -Djava.util.logging.manager=org.apache.juli.ClassLoaderLogManager
12-Apr-2023 11:31:26.641 INFO [main] org.apache.catalina.startup.VersionLoggerListener.log Command line argument: -Djdk.tls.ephemeralDHKeySize=2048
12-Apr-2023 11:31:26.642 INFO [main] org.apache.catalina.startup.VersionLoggerListener.log Command line argument: -Djava.protocol.handler.pkgs=org.apache.catalina.webresources
12-Apr-2023 11:31:26.642 INFO [main] org.apache.catalina.startup.VersionLoggerListener.log Command line argument: -Dorg.apache.catalina.security.SecurityListener.UMASK=0027
12-Apr-2023 11:31:26.643 INFO [main] org.apache.catalina.startup.VersionLoggerListener.log Command line argument: --add-opens=java.base/java.lang=ALL-UNNAMED
12-Apr-2023 11:31:26.644 INFO [main] org.apache.catalina.startup.VersionLoggerListener.log Command line argument: --add-opens=java.base/java.io=ALL-UNNAMED
12-Apr-2023 11:31:26.644 INFO [main] org.apache.catalina.startup.VersionLoggerListener.log Command line argument: --add-opens=java.base/java.util=ALL-UNNAMED
12-Apr-2023 11:31:26.645 INFO [main] org.apache.catalina.startup.VersionLoggerListener.log Command line argument: --add-opens=java.base/java.util.concurrent=ALL-UNNAMED
12-Apr-2023 11:31:26.646 INFO [main] org.apache.catalina.startup.VersionLoggerListener.log Command line argument: --add-opens=java.rmi/sun.rmi.transport=ALL-UNNAMED
12-Apr-2023 11:31:26.646 INFO [main] org.apache.catalina.startup.VersionLoggerListener.log Command line argument: -Dcatalina.base=/workspaces/chess/tomcat
12-Apr-2023 11:31:26.648 INFO [main] org.apache.catalina.startup.VersionLoggerListener.log Command line argument: -Dcatalina.home=/workspaces/chess/tomcat
12-Apr-2023 11:31:26.648 INFO [main] org.apache.catalina.startup.VersionLoggerListener.log Command line argument: -Djava.io.tmpdir=/workspaces/chess/tomcat/temp
12-Apr-2023 11:31:26.650 INFO [main] org.apache.catalina.core.AprLifecycleListener.lifecycleEvent The Apache Tomcat Native library which allows using OpenSSL was not found on the java.library.path: [/usr/java/packages/lib:/usr/lib64:/lib64:/lib:/usr/lib]
12-Apr-2023 11:31:27.174 INFO [main] org.apache.coyote.AbstractProtocol.init Initializing ProtocolHandler ["http-nio-8080"]
12-Apr-2023 11:31:27.240 INFO [main] org.apache.catalina.startup.Catalina.load Server initialization in [892] milliseconds
12-Apr-2023 11:31:27.311 INFO [main] org.apache.catalina.core.StandardService.startInternal Starting service [Catalina]
12-Apr-2023 11:31:27.312 INFO [main] org.apache.catalina.core.StandardEngine.startInternal Starting Servlet engine: [Apache Tomcat/10.1.7]
12-Apr-2023 11:31:27.328 INFO [main] org.apache.catalina.startup.HostConfig.deployDirectory Deploying web application directory [/workspaces/chess/tomcat/webapps/app]
12-Apr-2023 11:31:27.788 INFO [main] org.apache.catalina.startup.HostConfig.deployDirectory Deployment of web application directory [/workspaces/chess/tomcat/webapps/app] has finished in [459] ms
12-Apr-2023 11:31:27.789 INFO [main] org.apache.catalina.startup.HostConfig.deployDirectory Deploying web application directory [/workspaces/chess/tomcat/webapps/examples]
12-Apr-2023 11:31:28.329 INFO [main] org.apache.catalina.startup.HostConfig.deployDirectory Deployment of web application directory [/workspaces/chess/tomcat/webapps/examples] has finished in [539] ms
12-Apr-2023 11:31:28.330 INFO [main] org.apache.catalina.startup.HostConfig.deployDirectory Deploying web application directory [/workspaces/chess/tomcat/webapps/host-manager]
12-Apr-2023 11:31:28.393 INFO [main] org.apache.catalina.startup.HostConfig.deployDirectory Deployment of web application directory [/workspaces/chess/tomcat/webapps/host-manager] has finished in [63] ms
12-Apr-2023 11:31:28.394 INFO [main] org.apache.catalina.startup.HostConfig.deployDirectory Deploying web application directory [/workspaces/chess/tomcat/webapps/docs]
12-Apr-2023 11:31:28.413 INFO [main] org.apache.catalina.startup.HostConfig.deployDirectory Deployment of web application directory [/workspaces/chess/tomcat/webapps/docs] has finished in [19] ms
12-Apr-2023 11:31:28.414 INFO [main] org.apache.catalina.startup.HostConfig.deployDirectory Deploying web application directory [/workspaces/chess/tomcat/webapps/ROOT]
12-Apr-2023 11:31:28.438 INFO [main] org.apache.catalina.startup.HostConfig.deployDirectory Deployment of web application directory [/workspaces/chess/tomcat/webapps/ROOT] has finished in [24] ms
12-Apr-2023 11:31:28.439 INFO [main] org.apache.catalina.startup.HostConfig.deployDirectory Deploying web application directory [/workspaces/chess/tomcat/webapps/manager]
12-Apr-2023 11:31:28.461 INFO [main] org.apache.catalina.startup.HostConfig.deployDirectory Deployment of web application directory [/workspaces/chess/tomcat/webapps/manager] has finished in [22] ms
12-Apr-2023 11:31:28.465 INFO [main] org.apache.coyote.AbstractProtocol.start Starting ProtocolHandler ["http-nio-8080"]
12-Apr-2023 11:31:28.490 INFO [main] org.apache.catalina.startup.Catalina.start Server startup in [1248] milliseconds
12-Apr-2023 11:36:11.690 INFO [main] org.apache.catalina.core.StandardServer.await A valid shutdown command was received via the shutdown port. Stopping the Server instance.
12-Apr-2023 11:36:11.691 INFO [main] org.apache.coyote.AbstractProtocol.pause Pausing ProtocolHandler ["http-nio-8080"]
12-Apr-2023 11:36:11.695 INFO [main] org.apache.catalina.core.StandardService.stopInternal Stopping service [Catalina]
12-Apr-2023 11:36:11.751 INFO [main] org.apache.coyote.AbstractProtocol.stop Stopping ProtocolHandler ["http-nio-8080"]
12-Apr-2023 11:36:11.760 INFO [main] org.apache.coyote.AbstractProtocol.destroy Destroying ProtocolHandler ["http-nio-8080"]
12-Apr-2023 11:36:14.642 INFO [main] org.apache.catalina.startup.VersionLoggerListener.log Server version name:   Apache Tomcat/10.1.7
12-Apr-2023 11:36:14.669 INFO [main] org.apache.catalina.startup.VersionLoggerListener.log Server built:          Feb 27 2023 20:25:27 UTC
12-Apr-2023 11:36:14.670 INFO [main] org.apache.catalina.startup.VersionLoggerListener.log Server version number: 10.1.7.0
12-Apr-2023 11:36:14.670 INFO [main] org.apache.catalina.startup.VersionLoggerListener.log OS Name:               Linux
12-Apr-2023 11:36:14.670 INFO [main] org.apache.catalina.startup.VersionLoggerListener.log OS Version:            5.4.0-1105-azure
12-Apr-2023 11:36:14.671 INFO [main] org.apache.catalina.startup.VersionLoggerListener.log Architecture:          amd64
12-Apr-2023 11:36:14.671 INFO [main] org.apache.catalina.startup.VersionLoggerListener.log Java Home:             /usr/local/sdkman/candidates/java/17.0.6-ms
12-Apr-2023 11:36:14.671 INFO [main] org.apache.catalina.startup.VersionLoggerListener.log JVM Version:           17.0.6+10-LTS
12-Apr-2023 11:36:14.671 INFO [main] org.apache.catalina.startup.VersionLoggerListener.log JVM Vendor:            Microsoft
12-Apr-2023 11:36:14.672 INFO [main] org.apache.catalina.startup.VersionLoggerListener.log CATALINA_BASE:         /workspaces/chess/tomcat
12-Apr-2023 11:36:14.672 INFO [main] org.apache.catalina.startup.VersionLoggerListener.log CATALINA_HOME:         /workspaces/chess/tomcat
12-Apr-2023 11:36:14.680 INFO [main] org.apache.catalina.startup.VersionLoggerListener.log Command line argument: -Djava.util.logging.config.file=/workspaces/chess/tomcat/conf/logging.properties
12-Apr-2023 11:36:14.681 INFO [main] org.apache.catalina.startup.VersionLoggerListener.log Command line argument: -Djava.util.logging.manager=org.apache.juli.ClassLoaderLogManager
12-Apr-2023 11:36:14.681 INFO [main] org.apache.catalina.startup.VersionLoggerListener.log Command line argument: -Djdk.tls.ephemeralDHKeySize=2048
12-Apr-2023 11:36:14.681 INFO [main] org.apache.catalina.startup.VersionLoggerListener.log Command line argument: -Djava.protocol.handler.pkgs=org.apache.catalina.webresources
12-Apr-2023 11:36:14.682 INFO [main] org.apache.catalina.startup.VersionLoggerListener.log Command line argument: -Dorg.apache.catalina.security.SecurityListener.UMASK=0027
12-Apr-2023 11:36:14.682 INFO [main] org.apache.catalina.startup.VersionLoggerListener.log Command line argument: --add-opens=java.base/java.lang=ALL-UNNAMED
12-Apr-2023 11:36:14.683 INFO [main] org.apache.catalina.startup.VersionLoggerListener.log Command line argument: --add-opens=java.base/java.io=ALL-UNNAMED
12-Apr-2023 11:36:14.685 INFO [main] org.apache.catalina.startup.VersionLoggerListener.log Command line argument: --add-opens=java.base/java.util=ALL-UNNAMED
12-Apr-2023 11:36:14.686 INFO [main] org.apache.catalina.startup.VersionLoggerListener.log Command line argument: --add-opens=java.base/java.util.concurrent=ALL-UNNAMED
12-Apr-2023 11:36:14.686 INFO [main] org.apache.catalina.startup.VersionLoggerListener.log Command line argument: --add-opens=java.rmi/sun.rmi.transport=ALL-UNNAMED
12-Apr-2023 11:36:14.687 INFO [main] org.apache.catalina.startup.VersionLoggerListener.log Command line argument: -Dcatalina.base=/workspaces/chess/tomcat
12-Apr-2023 11:36:14.688 INFO [main] org.apache.catalina.startup.VersionLoggerListener.log Command line argument: -Dcatalina.home=/workspaces/chess/tomcat
12-Apr-2023 11:36:14.689 INFO [main] org.apache.catalina.startup.VersionLoggerListener.log Command line argument: -Djava.io.tmpdir=/workspaces/chess/tomcat/temp
12-Apr-2023 11:36:14.692 INFO [main] org.apache.catalina.core.AprLifecycleListener.lifecycleEvent The Apache Tomcat Native library which allows using OpenSSL was not found on the java.library.path: [/usr/java/packages/lib:/usr/lib64:/lib64:/lib:/usr/lib]
12-Apr-2023 11:36:15.171 INFO [main] org.apache.coyote.AbstractProtocol.init Initializing ProtocolHandler ["http-nio-8080"]
12-Apr-2023 11:36:15.194 INFO [main] org.apache.catalina.startup.Catalina.load Server initialization in [941] milliseconds
12-Apr-2023 11:36:15.250 INFO [main] org.apache.catalina.core.StandardService.startInternal Starting service [Catalina]
12-Apr-2023 11:36:15.250 INFO [main] org.apache.catalina.core.StandardEngine.startInternal Starting Servlet engine: [Apache Tomcat/10.1.7]
12-Apr-2023 11:36:15.266 INFO [main] org.apache.catalina.startup.HostConfig.deployDirectory Deploying web application directory [/workspaces/chess/tomcat/webapps/app]
12-Apr-2023 11:36:15.799 INFO [main] org.apache.catalina.startup.HostConfig.deployDirectory Deployment of web application directory [/workspaces/chess/tomcat/webapps/app] has finished in [533] ms
12-Apr-2023 11:36:15.801 INFO [main] org.apache.catalina.startup.HostConfig.deployDirectory Deploying web application directory [/workspaces/chess/tomcat/webapps/examples]
12-Apr-2023 11:36:16.196 INFO [main] org.apache.catalina.startup.HostConfig.deployDirectory Deployment of web application directory [/workspaces/chess/tomcat/webapps/examples] has finished in [396] ms
12-Apr-2023 11:36:16.197 INFO [main] org.apache.catalina.startup.HostConfig.deployDirectory Deploying web application directory [/workspaces/chess/tomcat/webapps/host-manager]
12-Apr-2023 11:36:16.324 INFO [main] org.apache.catalina.startup.HostConfig.deployDirectory Deployment of web application directory [/workspaces/chess/tomcat/webapps/host-manager] has finished in [127] ms
12-Apr-2023 11:36:16.325 INFO [main] org.apache.catalina.startup.HostConfig.deployDirectory Deploying web application directory [/workspaces/chess/tomcat/webapps/docs]
12-Apr-2023 11:36:16.344 INFO [main] org.apache.catalina.startup.HostConfig.deployDirectory Deployment of web application directory [/workspaces/chess/tomcat/webapps/docs] has finished in [18] ms
12-Apr-2023 11:36:16.344 INFO [main] org.apache.catalina.startup.HostConfig.deployDirectory Deploying web application directory [/workspaces/chess/tomcat/webapps/ROOT]
12-Apr-2023 11:36:16.367 INFO [main] org.apache.catalina.startup.HostConfig.deployDirectory Deployment of web application directory [/workspaces/chess/tomcat/webapps/ROOT] has finished in [23] ms
12-Apr-2023 11:36:16.368 INFO [main] org.apache.catalina.startup.HostConfig.deployDirectory Deploying web application directory [/workspaces/chess/tomcat/webapps/manager]
12-Apr-2023 11:36:16.391 INFO [main] org.apache.catalina.startup.HostConfig.deployDirectory Deployment of web application directory [/workspaces/chess/tomcat/webapps/manager] has finished in [23] ms
12-Apr-2023 11:36:16.394 INFO [main] org.apache.coyote.AbstractProtocol.start Starting ProtocolHandler ["http-nio-8080"]
12-Apr-2023 11:36:16.423 INFO [main] org.apache.catalina.startup.Catalina.start Server startup in [1227] milliseconds
