24-May-2023 09:48:06.612 INFO [main] org.apache.catalina.startup.VersionLoggerListener.log Server version name:   Apache Tomcat/10.1.7
24-May-2023 09:48:06.617 INFO [main] org.apache.catalina.startup.VersionLoggerListener.log Server built:          Feb 27 2023 20:25:27 UTC
24-May-2023 09:48:06.617 INFO [main] org.apache.catalina.startup.VersionLoggerListener.log Server version number: 10.1.7.0
24-May-2023 09:48:06.618 INFO [main] org.apache.catalina.startup.VersionLoggerListener.log OS Name:               Linux
24-May-2023 09:48:06.618 INFO [main] org.apache.catalina.startup.VersionLoggerListener.log OS Version:            5.4.0-1106-azure
24-May-2023 09:48:06.618 INFO [main] org.apache.catalina.startup.VersionLoggerListener.log Architecture:          amd64
24-May-2023 09:48:06.619 INFO [main] org.apache.catalina.startup.VersionLoggerListener.log Java Home:             /usr/local/sdkman/candidates/java/17.0.6-ms
24-May-2023 09:48:06.619 INFO [main] org.apache.catalina.startup.VersionLoggerListener.log JVM Version:           17.0.6+10-LTS
24-May-2023 09:48:06.619 INFO [main] org.apache.catalina.startup.VersionLoggerListener.log JVM Vendor:            Microsoft
24-May-2023 09:48:06.619 INFO [main] org.apache.catalina.startup.VersionLoggerListener.log CATALINA_BASE:         /workspaces/chess/tomcat
24-May-2023 09:48:06.620 INFO [main] org.apache.catalina.startup.VersionLoggerListener.log CATALINA_HOME:         /workspaces/chess/tomcat
24-May-2023 09:48:06.640 INFO [main] org.apache.catalina.startup.VersionLoggerListener.log Command line argument: -Djava.util.logging.config.file=/workspaces/chess/tomcat/conf/logging.properties
24-May-2023 09:48:06.640 INFO [main] org.apache.catalina.startup.VersionLoggerListener.log Command line argument: -Djava.util.logging.manager=org.apache.juli.ClassLoaderLogManager
24-May-2023 09:48:06.640 INFO [main] org.apache.catalina.startup.VersionLoggerListener.log Command line argument: -Djdk.tls.ephemeralDHKeySize=2048
24-May-2023 09:48:06.640 INFO [main] org.apache.catalina.startup.VersionLoggerListener.log Command line argument: -Djava.protocol.handler.pkgs=org.apache.catalina.webresources
24-May-2023 09:48:06.640 INFO [main] org.apache.catalina.startup.VersionLoggerListener.log Command line argument: -Dorg.apache.catalina.security.SecurityListener.UMASK=0027
24-May-2023 09:48:06.640 INFO [main] org.apache.catalina.startup.VersionLoggerListener.log Command line argument: --add-opens=java.base/java.lang=ALL-UNNAMED
24-May-2023 09:48:06.640 INFO [main] org.apache.catalina.startup.VersionLoggerListener.log Command line argument: --add-opens=java.base/java.io=ALL-UNNAMED
24-May-2023 09:48:06.641 INFO [main] org.apache.catalina.startup.VersionLoggerListener.log Command line argument: --add-opens=java.base/java.util=ALL-UNNAMED
24-May-2023 09:48:06.641 INFO [main] org.apache.catalina.startup.VersionLoggerListener.log Command line argument: --add-opens=java.base/java.util.concurrent=ALL-UNNAMED
24-May-2023 09:48:06.641 INFO [main] org.apache.catalina.startup.VersionLoggerListener.log Command line argument: --add-opens=java.rmi/sun.rmi.transport=ALL-UNNAMED
24-May-2023 09:48:06.641 INFO [main] org.apache.catalina.startup.VersionLoggerListener.log Command line argument: -Dcatalina.base=/workspaces/chess/tomcat
24-May-2023 09:48:06.641 INFO [main] org.apache.catalina.startup.VersionLoggerListener.log Command line argument: -Dcatalina.home=/workspaces/chess/tomcat
24-May-2023 09:48:06.647 INFO [main] org.apache.catalina.startup.VersionLoggerListener.log Command line argument: -Djava.io.tmpdir=/workspaces/chess/tomcat/temp
24-May-2023 09:48:06.649 INFO [main] org.apache.catalina.core.AprLifecycleListener.lifecycleEvent The Apache Tomcat Native library which allows using OpenSSL was not found on the java.library.path: [/usr/java/packages/lib:/usr/lib64:/lib64:/lib:/usr/lib]
24-May-2023 09:48:07.002 INFO [main] org.apache.coyote.AbstractProtocol.init Initializing ProtocolHandler ["http-nio-8080"]
24-May-2023 09:48:07.078 INFO [main] org.apache.catalina.startup.Catalina.load Server initialization in [817] milliseconds
24-May-2023 09:48:07.204 INFO [main] org.apache.catalina.core.StandardService.startInternal Starting service [Catalina]
24-May-2023 09:48:07.204 INFO [main] org.apache.catalina.core.StandardEngine.startInternal Starting Servlet engine: [Apache Tomcat/10.1.7]
24-May-2023 09:48:07.234 INFO [main] org.apache.catalina.startup.HostConfig.deployDirectory Deploying web application directory [/workspaces/chess/tomcat/webapps/app]
24-May-2023 09:48:07.885 INFO [main] org.apache.catalina.startup.HostConfig.deployDirectory Deployment of web application directory [/workspaces/chess/tomcat/webapps/app] has finished in [650] ms
24-May-2023 09:48:07.886 INFO [main] org.apache.catalina.startup.HostConfig.deployDirectory Deploying web application directory [/workspaces/chess/tomcat/webapps/examples]
24-May-2023 09:48:08.676 INFO [main] org.apache.catalina.startup.HostConfig.deployDirectory Deployment of web application directory [/workspaces/chess/tomcat/webapps/examples] has finished in [791] ms
24-May-2023 09:48:08.677 INFO [main] org.apache.catalina.startup.HostConfig.deployDirectory Deploying web application directory [/workspaces/chess/tomcat/webapps/host-manager]
24-May-2023 09:48:08.741 INFO [main] org.apache.catalina.startup.HostConfig.deployDirectory Deployment of web application directory [/workspaces/chess/tomcat/webapps/host-manager] has finished in [63] ms
24-May-2023 09:48:08.743 INFO [main] org.apache.catalina.startup.HostConfig.deployDirectory Deploying web application directory [/workspaces/chess/tomcat/webapps/docs]
24-May-2023 09:48:08.769 INFO [main] org.apache.catalina.startup.HostConfig.deployDirectory Deployment of web application directory [/workspaces/chess/tomcat/webapps/docs] has finished in [23] ms
24-May-2023 09:48:08.769 INFO [main] org.apache.catalina.startup.HostConfig.deployDirectory Deploying web application directory [/workspaces/chess/tomcat/webapps/ROOT]
24-May-2023 09:48:08.835 INFO [main] org.apache.catalina.startup.HostConfig.deployDirectory Deployment of web application directory [/workspaces/chess/tomcat/webapps/ROOT] has finished in [66] ms
24-May-2023 09:48:08.836 INFO [main] org.apache.catalina.startup.HostConfig.deployDirectory Deploying web application directory [/workspaces/chess/tomcat/webapps/manager]
24-May-2023 09:48:08.882 INFO [main] org.apache.catalina.startup.HostConfig.deployDirectory Deployment of web application directory [/workspaces/chess/tomcat/webapps/manager] has finished in [46] ms
24-May-2023 09:48:08.900 INFO [main] org.apache.coyote.AbstractProtocol.start Starting ProtocolHandler ["http-nio-8080"]
24-May-2023 09:48:08.938 INFO [main] org.apache.catalina.startup.Catalina.start Server startup in [1859] milliseconds
