05-Apr-2023 11:37:51.555 INFO [main] org.apache.catalina.startup.VersionLoggerListener.log Server version name:   Apache Tomcat/10.1.7
05-Apr-2023 11:37:51.611 INFO [main] org.apache.catalina.startup.VersionLoggerListener.log Server built:          Feb 27 2023 20:25:27 UTC
05-Apr-2023 11:37:51.612 INFO [main] org.apache.catalina.startup.VersionLoggerListener.log Server version number: 10.1.7.0
05-Apr-2023 11:37:51.612 INFO [main] org.apache.catalina.startup.VersionLoggerListener.log OS Name:               Linux
05-Apr-2023 11:37:51.612 INFO [main] org.apache.catalina.startup.VersionLoggerListener.log OS Version:            5.4.0-1105-azure
05-Apr-2023 11:37:51.612 INFO [main] org.apache.catalina.startup.VersionLoggerListener.log Architecture:          amd64
05-Apr-2023 11:37:51.612 INFO [main] org.apache.catalina.startup.VersionLoggerListener.log Java Home:             /usr/local/sdkman/candidates/java/17.0.6-ms
05-Apr-2023 11:37:51.612 INFO [main] org.apache.catalina.startup.VersionLoggerListener.log JVM Version:           17.0.6+10-LTS
05-Apr-2023 11:37:51.612 INFO [main] org.apache.catalina.startup.VersionLoggerListener.log JVM Vendor:            Microsoft
05-Apr-2023 11:37:51.612 INFO [main] org.apache.catalina.startup.VersionLoggerListener.log CATALINA_BASE:         /workspaces/chess/tomcat
05-Apr-2023 11:37:51.613 INFO [main] org.apache.catalina.startup.VersionLoggerListener.log CATALINA_HOME:         /workspaces/chess/tomcat
05-Apr-2023 11:37:51.725 INFO [main] org.apache.catalina.startup.VersionLoggerListener.log Command line argument: -Djava.util.logging.config.file=/workspaces/chess/tomcat/conf/logging.properties
05-Apr-2023 11:37:51.726 INFO [main] org.apache.catalina.startup.VersionLoggerListener.log Command line argument: -Djava.util.logging.manager=org.apache.juli.ClassLoaderLogManager
05-Apr-2023 11:37:51.726 INFO [main] org.apache.catalina.startup.VersionLoggerListener.log Command line argument: -Djdk.tls.ephemeralDHKeySize=2048
05-Apr-2023 11:37:51.726 INFO [main] org.apache.catalina.startup.VersionLoggerListener.log Command line argument: -Djava.protocol.handler.pkgs=org.apache.catalina.webresources
05-Apr-2023 11:37:51.727 INFO [main] org.apache.catalina.startup.VersionLoggerListener.log Command line argument: -Dorg.apache.catalina.security.SecurityListener.UMASK=0027
05-Apr-2023 11:37:51.727 INFO [main] org.apache.catalina.startup.VersionLoggerListener.log Command line argument: --add-opens=java.base/java.lang=ALL-UNNAMED
05-Apr-2023 11:37:51.727 INFO [main] org.apache.catalina.startup.VersionLoggerListener.log Command line argument: --add-opens=java.base/java.io=ALL-UNNAMED
05-Apr-2023 11:37:51.729 INFO [main] org.apache.catalina.startup.VersionLoggerListener.log Command line argument: --add-opens=java.base/java.util=ALL-UNNAMED
05-Apr-2023 11:37:51.729 INFO [main] org.apache.catalina.startup.VersionLoggerListener.log Command line argument: --add-opens=java.base/java.util.concurrent=ALL-UNNAMED
05-Apr-2023 11:37:51.730 INFO [main] org.apache.catalina.startup.VersionLoggerListener.log Command line argument: --add-opens=java.rmi/sun.rmi.transport=ALL-UNNAMED
05-Apr-2023 11:37:51.730 INFO [main] org.apache.catalina.startup.VersionLoggerListener.log Command line argument: -Dcatalina.base=/workspaces/chess/tomcat
05-Apr-2023 11:37:51.730 INFO [main] org.apache.catalina.startup.VersionLoggerListener.log Command line argument: -Dcatalina.home=/workspaces/chess/tomcat
05-Apr-2023 11:37:51.730 INFO [main] org.apache.catalina.startup.VersionLoggerListener.log Command line argument: -Djava.io.tmpdir=/workspaces/chess/tomcat/temp
05-Apr-2023 11:37:51.732 INFO [main] org.apache.catalina.core.AprLifecycleListener.lifecycleEvent The Apache Tomcat Native library which allows using OpenSSL was not found on the java.library.path: [/usr/java/packages/lib:/usr/lib64:/lib64:/lib:/usr/lib]
05-Apr-2023 11:37:52.389 INFO [main] org.apache.coyote.AbstractProtocol.init Initializing ProtocolHandler ["http-nio-8080"]
05-Apr-2023 11:37:52.471 INFO [main] org.apache.catalina.startup.Catalina.load Server initialization in [1614] milliseconds
05-Apr-2023 11:37:52.563 INFO [main] org.apache.catalina.core.StandardService.startInternal Starting service [Catalina]
05-Apr-2023 11:37:52.564 INFO [main] org.apache.catalina.core.StandardEngine.startInternal Starting Servlet engine: [Apache Tomcat/10.1.7]
05-Apr-2023 11:37:52.580 INFO [main] org.apache.catalina.startup.HostConfig.deployDirectory Deploying web application directory [/workspaces/chess/tomcat/webapps/app]
05-Apr-2023 11:37:53.310 INFO [main] org.apache.catalina.startup.HostConfig.deployDirectory Deployment of web application directory [/workspaces/chess/tomcat/webapps/app] has finished in [729] ms
05-Apr-2023 11:37:53.312 INFO [main] org.apache.catalina.startup.HostConfig.deployDirectory Deploying web application directory [/workspaces/chess/tomcat/webapps/examples]
05-Apr-2023 11:37:53.896 INFO [main] org.apache.catalina.startup.HostConfig.deployDirectory Deployment of web application directory [/workspaces/chess/tomcat/webapps/examples] has finished in [583] ms
05-Apr-2023 11:37:53.896 INFO [main] org.apache.catalina.startup.HostConfig.deployDirectory Deploying web application directory [/workspaces/chess/tomcat/webapps/host-manager]
05-Apr-2023 11:37:53.962 INFO [main] org.apache.catalina.startup.HostConfig.deployDirectory Deployment of web application directory [/workspaces/chess/tomcat/webapps/host-manager] has finished in [66] ms
05-Apr-2023 11:37:53.968 INFO [main] org.apache.catalina.startup.HostConfig.deployDirectory Deploying web application directory [/workspaces/chess/tomcat/webapps/docs]
05-Apr-2023 11:37:54.034 INFO [main] org.apache.catalina.startup.HostConfig.deployDirectory Deployment of web application directory [/workspaces/chess/tomcat/webapps/docs] has finished in [66] ms
05-Apr-2023 11:37:54.034 INFO [main] org.apache.catalina.startup.HostConfig.deployDirectory Deploying web application directory [/workspaces/chess/tomcat/webapps/ROOT]
05-Apr-2023 11:37:54.098 INFO [main] org.apache.catalina.startup.HostConfig.deployDirectory Deployment of web application directory [/workspaces/chess/tomcat/webapps/ROOT] has finished in [64] ms
05-Apr-2023 11:37:54.098 INFO [main] org.apache.catalina.startup.HostConfig.deployDirectory Deploying web application directory [/workspaces/chess/tomcat/webapps/manager]
05-Apr-2023 11:37:54.146 INFO [main] org.apache.catalina.startup.HostConfig.deployDirectory Deployment of web application directory [/workspaces/chess/tomcat/webapps/manager] has finished in [47] ms
05-Apr-2023 11:37:54.158 INFO [main] org.apache.coyote.AbstractProtocol.start Starting ProtocolHandler ["http-nio-8080"]
05-Apr-2023 11:37:54.210 INFO [main] org.apache.catalina.startup.Catalina.start Server startup in [1738] milliseconds
05-Apr-2023 11:42:19.311 INFO [main] org.apache.catalina.core.StandardServer.await A valid shutdown command was received via the shutdown port. Stopping the Server instance.
05-Apr-2023 11:42:19.312 INFO [main] org.apache.coyote.AbstractProtocol.pause Pausing ProtocolHandler ["http-nio-8080"]
05-Apr-2023 11:42:19.317 INFO [main] org.apache.catalina.core.StandardService.stopInternal Stopping service [Catalina]
05-Apr-2023 11:42:19.360 INFO [main] org.apache.coyote.AbstractProtocol.stop Stopping ProtocolHandler ["http-nio-8080"]
05-Apr-2023 11:42:19.370 INFO [main] org.apache.coyote.AbstractProtocol.destroy Destroying ProtocolHandler ["http-nio-8080"]
05-Apr-2023 11:42:21.994 INFO [main] org.apache.catalina.startup.VersionLoggerListener.log Server version name:   Apache Tomcat/10.1.7
05-Apr-2023 11:42:22.022 INFO [main] org.apache.catalina.startup.VersionLoggerListener.log Server built:          Feb 27 2023 20:25:27 UTC
05-Apr-2023 11:42:22.022 INFO [main] org.apache.catalina.startup.VersionLoggerListener.log Server version number: 10.1.7.0
05-Apr-2023 11:42:22.024 INFO [main] org.apache.catalina.startup.VersionLoggerListener.log OS Name:               Linux
05-Apr-2023 11:42:22.024 INFO [main] org.apache.catalina.startup.VersionLoggerListener.log OS Version:            5.4.0-1105-azure
05-Apr-2023 11:42:22.024 INFO [main] org.apache.catalina.startup.VersionLoggerListener.log Architecture:          amd64
05-Apr-2023 11:42:22.024 INFO [main] org.apache.catalina.startup.VersionLoggerListener.log Java Home:             /usr/local/sdkman/candidates/java/17.0.6-ms
05-Apr-2023 11:42:22.024 INFO [main] org.apache.catalina.startup.VersionLoggerListener.log JVM Version:           17.0.6+10-LTS
05-Apr-2023 11:42:22.025 INFO [main] org.apache.catalina.startup.VersionLoggerListener.log JVM Vendor:            Microsoft
05-Apr-2023 11:42:22.025 INFO [main] org.apache.catalina.startup.VersionLoggerListener.log CATALINA_BASE:         /workspaces/chess/tomcat
05-Apr-2023 11:42:22.025 INFO [main] org.apache.catalina.startup.VersionLoggerListener.log CATALINA_HOME:         /workspaces/chess/tomcat
05-Apr-2023 11:42:22.032 INFO [main] org.apache.catalina.startup.VersionLoggerListener.log Command line argument: -Djava.util.logging.config.file=/workspaces/chess/tomcat/conf/logging.properties
05-Apr-2023 11:42:22.046 INFO [main] org.apache.catalina.startup.VersionLoggerListener.log Command line argument: -Djava.util.logging.manager=org.apache.juli.ClassLoaderLogManager
05-Apr-2023 11:42:22.048 INFO [main] org.apache.catalina.startup.VersionLoggerListener.log Command line argument: -Djdk.tls.ephemeralDHKeySize=2048
05-Apr-2023 11:42:22.048 INFO [main] org.apache.catalina.startup.VersionLoggerListener.log Command line argument: -Djava.protocol.handler.pkgs=org.apache.catalina.webresources
05-Apr-2023 11:42:22.049 INFO [main] org.apache.catalina.startup.VersionLoggerListener.log Command line argument: -Dorg.apache.catalina.security.SecurityListener.UMASK=0027
05-Apr-2023 11:42:22.049 INFO [main] org.apache.catalina.startup.VersionLoggerListener.log Command line argument: --add-opens=java.base/java.lang=ALL-UNNAMED
05-Apr-2023 11:42:22.049 INFO [main] org.apache.catalina.startup.VersionLoggerListener.log Command line argument: --add-opens=java.base/java.io=ALL-UNNAMED
05-Apr-2023 11:42:22.050 INFO [main] org.apache.catalina.startup.VersionLoggerListener.log Command line argument: --add-opens=java.base/java.util=ALL-UNNAMED
05-Apr-2023 11:42:22.051 INFO [main] org.apache.catalina.startup.VersionLoggerListener.log Command line argument: --add-opens=java.base/java.util.concurrent=ALL-UNNAMED
05-Apr-2023 11:42:22.052 INFO [main] org.apache.catalina.startup.VersionLoggerListener.log Command line argument: --add-opens=java.rmi/sun.rmi.transport=ALL-UNNAMED
05-Apr-2023 11:42:22.052 INFO [main] org.apache.catalina.startup.VersionLoggerListener.log Command line argument: -Dcatalina.base=/workspaces/chess/tomcat
05-Apr-2023 11:42:22.053 INFO [main] org.apache.catalina.startup.VersionLoggerListener.log Command line argument: -Dcatalina.home=/workspaces/chess/tomcat
05-Apr-2023 11:42:22.054 INFO [main] org.apache.catalina.startup.VersionLoggerListener.log Command line argument: -Djava.io.tmpdir=/workspaces/chess/tomcat/temp
05-Apr-2023 11:42:22.056 INFO [main] org.apache.catalina.core.AprLifecycleListener.lifecycleEvent The Apache Tomcat Native library which allows using OpenSSL was not found on the java.library.path: [/usr/java/packages/lib:/usr/lib64:/lib64:/lib:/usr/lib]
05-Apr-2023 11:42:22.506 INFO [main] org.apache.coyote.AbstractProtocol.init Initializing ProtocolHandler ["http-nio-8080"]
05-Apr-2023 11:42:22.555 INFO [main] org.apache.catalina.startup.Catalina.load Server initialization in [826] milliseconds
05-Apr-2023 11:42:22.617 INFO [main] org.apache.catalina.core.StandardService.startInternal Starting service [Catalina]
05-Apr-2023 11:42:22.617 INFO [main] org.apache.catalina.core.StandardEngine.startInternal Starting Servlet engine: [Apache Tomcat/10.1.7]
05-Apr-2023 11:42:22.634 INFO [main] org.apache.catalina.startup.HostConfig.deployDirectory Deploying web application directory [/workspaces/chess/tomcat/webapps/app]
05-Apr-2023 11:42:23.145 INFO [main] org.apache.catalina.startup.HostConfig.deployDirectory Deployment of web application directory [/workspaces/chess/tomcat/webapps/app] has finished in [511] ms
05-Apr-2023 11:42:23.146 INFO [main] org.apache.catalina.startup.HostConfig.deployDirectory Deploying web application directory [/workspaces/chess/tomcat/webapps/examples]
05-Apr-2023 11:42:23.526 INFO [main] org.apache.catalina.startup.HostConfig.deployDirectory Deployment of web application directory [/workspaces/chess/tomcat/webapps/examples] has finished in [380] ms
05-Apr-2023 11:42:23.526 INFO [main] org.apache.catalina.startup.HostConfig.deployDirectory Deploying web application directory [/workspaces/chess/tomcat/webapps/host-manager]
05-Apr-2023 11:42:23.606 INFO [main] org.apache.catalina.startup.HostConfig.deployDirectory Deployment of web application directory [/workspaces/chess/tomcat/webapps/host-manager] has finished in [79] ms
05-Apr-2023 11:42:23.608 INFO [main] org.apache.catalina.startup.HostConfig.deployDirectory Deploying web application directory [/workspaces/chess/tomcat/webapps/docs]
05-Apr-2023 11:42:23.662 INFO [main] org.apache.catalina.startup.HostConfig.deployDirectory Deployment of web application directory [/workspaces/chess/tomcat/webapps/docs] has finished in [54] ms
05-Apr-2023 11:42:23.663 INFO [main] org.apache.catalina.startup.HostConfig.deployDirectory Deploying web application directory [/workspaces/chess/tomcat/webapps/ROOT]
05-Apr-2023 11:42:23.723 INFO [main] org.apache.catalina.startup.HostConfig.deployDirectory Deployment of web application directory [/workspaces/chess/tomcat/webapps/ROOT] has finished in [59] ms
05-Apr-2023 11:42:23.723 INFO [main] org.apache.catalina.startup.HostConfig.deployDirectory Deploying web application directory [/workspaces/chess/tomcat/webapps/manager]
05-Apr-2023 11:42:23.758 INFO [main] org.apache.catalina.startup.HostConfig.deployDirectory Deployment of web application directory [/workspaces/chess/tomcat/webapps/manager] has finished in [35] ms
05-Apr-2023 11:42:23.762 INFO [main] org.apache.coyote.AbstractProtocol.start Starting ProtocolHandler ["http-nio-8080"]
05-Apr-2023 11:42:23.775 INFO [main] org.apache.catalina.startup.Catalina.start Server startup in [1215] milliseconds
05-Apr-2023 11:45:26.536 INFO [main] org.apache.catalina.core.StandardServer.await A valid shutdown command was received via the shutdown port. Stopping the Server instance.
05-Apr-2023 11:45:26.537 INFO [main] org.apache.coyote.AbstractProtocol.pause Pausing ProtocolHandler ["http-nio-8080"]
05-Apr-2023 11:45:26.540 INFO [main] org.apache.catalina.core.StandardService.stopInternal Stopping service [Catalina]
05-Apr-2023 11:45:26.566 INFO [main] org.apache.coyote.AbstractProtocol.stop Stopping ProtocolHandler ["http-nio-8080"]
05-Apr-2023 11:45:26.580 INFO [main] org.apache.coyote.AbstractProtocol.destroy Destroying ProtocolHandler ["http-nio-8080"]
05-Apr-2023 11:45:34.527 INFO [main] org.apache.catalina.startup.VersionLoggerListener.log Server version name:   Apache Tomcat/10.1.7
05-Apr-2023 11:45:34.531 INFO [main] org.apache.catalina.startup.VersionLoggerListener.log Server built:          Feb 27 2023 20:25:27 UTC
05-Apr-2023 11:45:34.532 INFO [main] org.apache.catalina.startup.VersionLoggerListener.log Server version number: 10.1.7.0
05-Apr-2023 11:45:34.532 INFO [main] org.apache.catalina.startup.VersionLoggerListener.log OS Name:               Linux
05-Apr-2023 11:45:34.532 INFO [main] org.apache.catalina.startup.VersionLoggerListener.log OS Version:            5.4.0-1105-azure
05-Apr-2023 11:45:34.532 INFO [main] org.apache.catalina.startup.VersionLoggerListener.log Architecture:          amd64
05-Apr-2023 11:45:34.532 INFO [main] org.apache.catalina.startup.VersionLoggerListener.log Java Home:             /usr/local/sdkman/candidates/java/17.0.6-ms
05-Apr-2023 11:45:34.533 INFO [main] org.apache.catalina.startup.VersionLoggerListener.log JVM Version:           17.0.6+10-LTS
05-Apr-2023 11:45:34.533 INFO [main] org.apache.catalina.startup.VersionLoggerListener.log JVM Vendor:            Microsoft
05-Apr-2023 11:45:34.533 INFO [main] org.apache.catalina.startup.VersionLoggerListener.log CATALINA_BASE:         /workspaces/chess/tomcat
05-Apr-2023 11:45:34.533 INFO [main] org.apache.catalina.startup.VersionLoggerListener.log CATALINA_HOME:         /workspaces/chess/tomcat
05-Apr-2023 11:45:34.548 INFO [main] org.apache.catalina.startup.VersionLoggerListener.log Command line argument: -Djava.util.logging.config.file=/workspaces/chess/tomcat/conf/logging.properties
05-Apr-2023 11:45:34.549 INFO [main] org.apache.catalina.startup.VersionLoggerListener.log Command line argument: -Djava.util.logging.manager=org.apache.juli.ClassLoaderLogManager
05-Apr-2023 11:45:34.549 INFO [main] org.apache.catalina.startup.VersionLoggerListener.log Command line argument: -Djdk.tls.ephemeralDHKeySize=2048
05-Apr-2023 11:45:34.549 INFO [main] org.apache.catalina.startup.VersionLoggerListener.log Command line argument: -Djava.protocol.handler.pkgs=org.apache.catalina.webresources
05-Apr-2023 11:45:34.549 INFO [main] org.apache.catalina.startup.VersionLoggerListener.log Command line argument: -Dorg.apache.catalina.security.SecurityListener.UMASK=0027
05-Apr-2023 11:45:34.550 INFO [main] org.apache.catalina.startup.VersionLoggerListener.log Command line argument: --add-opens=java.base/java.lang=ALL-UNNAMED
05-Apr-2023 11:45:34.550 INFO [main] org.apache.catalina.startup.VersionLoggerListener.log Command line argument: --add-opens=java.base/java.io=ALL-UNNAMED
05-Apr-2023 11:45:34.550 INFO [main] org.apache.catalina.startup.VersionLoggerListener.log Command line argument: --add-opens=java.base/java.util=ALL-UNNAMED
05-Apr-2023 11:45:34.551 INFO [main] org.apache.catalina.startup.VersionLoggerListener.log Command line argument: --add-opens=java.base/java.util.concurrent=ALL-UNNAMED
05-Apr-2023 11:45:34.551 INFO [main] org.apache.catalina.startup.VersionLoggerListener.log Command line argument: --add-opens=java.rmi/sun.rmi.transport=ALL-UNNAMED
05-Apr-2023 11:45:34.552 INFO [main] org.apache.catalina.startup.VersionLoggerListener.log Command line argument: -Dcatalina.base=/workspaces/chess/tomcat
05-Apr-2023 11:45:34.553 INFO [main] org.apache.catalina.startup.VersionLoggerListener.log Command line argument: -Dcatalina.home=/workspaces/chess/tomcat
05-Apr-2023 11:45:34.553 INFO [main] org.apache.catalina.startup.VersionLoggerListener.log Command line argument: -Djava.io.tmpdir=/workspaces/chess/tomcat/temp
05-Apr-2023 11:45:34.555 INFO [main] org.apache.catalina.core.AprLifecycleListener.lifecycleEvent The Apache Tomcat Native library which allows using OpenSSL was not found on the java.library.path: [/usr/java/packages/lib:/usr/lib64:/lib64:/lib:/usr/lib]
05-Apr-2023 11:45:34.959 INFO [main] org.apache.coyote.AbstractProtocol.init Initializing ProtocolHandler ["http-nio-8080"]
05-Apr-2023 11:45:34.988 INFO [main] org.apache.catalina.startup.Catalina.load Server initialization in [833] milliseconds
05-Apr-2023 11:45:35.026 INFO [main] org.apache.catalina.core.StandardService.startInternal Starting service [Catalina]
05-Apr-2023 11:45:35.027 INFO [main] org.apache.catalina.core.StandardEngine.startInternal Starting Servlet engine: [Apache Tomcat/10.1.7]
05-Apr-2023 11:45:35.035 INFO [main] org.apache.catalina.startup.HostConfig.deployDirectory Deploying web application directory [/workspaces/chess/tomcat/webapps/app]
05-Apr-2023 11:45:35.385 INFO [main] org.apache.catalina.startup.HostConfig.deployDirectory Deployment of web application directory [/workspaces/chess/tomcat/webapps/app] has finished in [349] ms
05-Apr-2023 11:45:35.386 INFO [main] org.apache.catalina.startup.HostConfig.deployDirectory Deploying web application directory [/workspaces/chess/tomcat/webapps/examples]
05-Apr-2023 11:45:35.723 INFO [main] org.apache.catalina.startup.HostConfig.deployDirectory Deployment of web application directory [/workspaces/chess/tomcat/webapps/examples] has finished in [338] ms
05-Apr-2023 11:45:35.724 INFO [main] org.apache.catalina.startup.HostConfig.deployDirectory Deploying web application directory [/workspaces/chess/tomcat/webapps/host-manager]
05-Apr-2023 11:45:35.768 INFO [main] org.apache.catalina.startup.HostConfig.deployDirectory Deployment of web application directory [/workspaces/chess/tomcat/webapps/host-manager] has finished in [44] ms
05-Apr-2023 11:45:35.769 INFO [main] org.apache.catalina.startup.HostConfig.deployDirectory Deploying web application directory [/workspaces/chess/tomcat/webapps/docs]
05-Apr-2023 11:45:35.848 INFO [main] org.apache.catalina.startup.HostConfig.deployDirectory Deployment of web application directory [/workspaces/chess/tomcat/webapps/docs] has finished in [79] ms
05-Apr-2023 11:45:35.848 INFO [main] org.apache.catalina.startup.HostConfig.deployDirectory Deploying web application directory [/workspaces/chess/tomcat/webapps/ROOT]
05-Apr-2023 11:45:35.888 INFO [main] org.apache.catalina.startup.HostConfig.deployDirectory Deployment of web application directory [/workspaces/chess/tomcat/webapps/ROOT] has finished in [40] ms
05-Apr-2023 11:45:35.889 INFO [main] org.apache.catalina.startup.HostConfig.deployDirectory Deploying web application directory [/workspaces/chess/tomcat/webapps/manager]
05-Apr-2023 11:45:35.937 INFO [main] org.apache.catalina.startup.HostConfig.deployDirectory Deployment of web application directory [/workspaces/chess/tomcat/webapps/manager] has finished in [47] ms
05-Apr-2023 11:45:35.940 INFO [main] org.apache.coyote.AbstractProtocol.start Starting ProtocolHandler ["http-nio-8080"]
05-Apr-2023 11:45:35.964 INFO [main] org.apache.catalina.startup.Catalina.start Server startup in [975] milliseconds
