28-Mar-2023 05:49:28.436 INFO [main] org.apache.catalina.core.ApplicationContext.log ContextListener: contextInitialized()
28-Mar-2023 05:49:28.457 INFO [main] org.apache.catalina.core.ApplicationContext.log SessionListener: contextInitialized()
28-Mar-2023 05:49:28.458 INFO [main] org.apache.catalina.core.ApplicationContext.log ContextListener: attributeAdded('StockTicker', 'async.Stockticker@4d098f9b')
28-Mar-2023 07:51:55.904 INFO [main] org.apache.catalina.core.ApplicationContext.log ContextListener: contextInitialized()
28-Mar-2023 07:51:55.904 INFO [main] org.apache.catalina.core.ApplicationContext.log SessionListener: contextInitialized()
28-Mar-2023 07:51:55.921 INFO [main] org.apache.catalina.core.ApplicationContext.log ContextListener: attributeAdded('StockTicker', 'async.Stockticker@275fe372')
28-Mar-2023 09:12:15.088 INFO [main] org.apache.catalina.core.ApplicationContext.log ContextListener: contextInitialized()
28-Mar-2023 09:12:15.088 INFO [main] org.apache.catalina.core.ApplicationContext.log SessionListener: contextInitialized()
28-Mar-2023 09:12:15.089 INFO [main] org.apache.catalina.core.ApplicationContext.log ContextListener: attributeAdded('StockTicker', 'async.Stockticker@73ff4fae')
28-Mar-2023 16:29:36.934 INFO [main] org.apache.catalina.core.ApplicationContext.log ContextListener: contextInitialized()
28-Mar-2023 16:29:36.938 INFO [main] org.apache.catalina.core.ApplicationContext.log SessionListener: contextInitialized()
28-Mar-2023 16:29:36.939 INFO [main] org.apache.catalina.core.ApplicationContext.log ContextListener: attributeAdded('StockTicker', 'async.Stockticker@2dbf4cbd')
28-Mar-2023 16:31:46.577 INFO [main] org.apache.catalina.core.ApplicationContext.log SessionListener: contextDestroyed()
28-Mar-2023 16:31:46.577 INFO [main] org.apache.catalina.core.ApplicationContext.log ContextListener: contextDestroyed()
28-Mar-2023 16:31:49.611 INFO [main] org.apache.catalina.core.ApplicationContext.log ContextListener: contextInitialized()
28-Mar-2023 16:31:49.611 INFO [main] org.apache.catalina.core.ApplicationContext.log SessionListener: contextInitialized()
28-Mar-2023 16:31:49.616 INFO [main] org.apache.catalina.core.ApplicationContext.log ContextListener: attributeAdded('StockTicker', 'async.Stockticker@56f6d40b')
28-Mar-2023 16:32:48.087 INFO [main] org.apache.catalina.core.ApplicationContext.log SessionListener: contextDestroyed()
28-Mar-2023 16:32:48.088 INFO [main] org.apache.catalina.core.ApplicationContext.log ContextListener: contextDestroyed()
28-Mar-2023 16:32:50.932 INFO [main] org.apache.catalina.core.ApplicationContext.log ContextListener: contextInitialized()
28-Mar-2023 16:32:50.933 INFO [main] org.apache.catalina.core.ApplicationContext.log SessionListener: contextInitialized()
28-Mar-2023 16:32:50.934 INFO [main] org.apache.catalina.core.ApplicationContext.log ContextListener: attributeAdded('StockTicker', 'async.Stockticker@73ff4fae')
28-Mar-2023 16:33:08.781 INFO [main] org.apache.catalina.core.ApplicationContext.log SessionListener: contextDestroyed()
28-Mar-2023 16:33:08.781 INFO [main] org.apache.catalina.core.ApplicationContext.log ContextListener: contextDestroyed()
28-Mar-2023 16:33:11.340 INFO [main] org.apache.catalina.core.ApplicationContext.log ContextListener: contextInitialized()
28-Mar-2023 16:33:11.341 INFO [main] org.apache.catalina.core.ApplicationContext.log SessionListener: contextInitialized()
28-Mar-2023 16:33:11.343 INFO [main] org.apache.catalina.core.ApplicationContext.log ContextListener: attributeAdded('StockTicker', 'async.Stockticker@7fc44dec')
28-Mar-2023 16:33:20.554 INFO [main] org.apache.catalina.core.ApplicationContext.log ContextListener: contextInitialized()
28-Mar-2023 16:33:20.557 INFO [main] org.apache.catalina.core.ApplicationContext.log SessionListener: contextInitialized()
28-Mar-2023 16:33:20.563 INFO [main] org.apache.catalina.core.ApplicationContext.log ContextListener: attributeAdded('StockTicker', 'async.Stockticker@6e1d8f9e')
28-Mar-2023 16:33:20.758 INFO [main] org.apache.catalina.core.ApplicationContext.log SessionListener: contextDestroyed()
28-Mar-2023 16:33:20.758 INFO [main] org.apache.catalina.core.ApplicationContext.log ContextListener: contextDestroyed()
28-Mar-2023 16:33:24.434 INFO [main] org.apache.catalina.core.ApplicationContext.log SessionListener: contextDestroyed()
28-Mar-2023 16:33:24.434 INFO [main] org.apache.catalina.core.ApplicationContext.log ContextListener: contextDestroyed()
28-Mar-2023 16:33:29.858 INFO [main] org.apache.catalina.core.ApplicationContext.log ContextListener: contextInitialized()
28-Mar-2023 16:33:29.859 INFO [main] org.apache.catalina.core.ApplicationContext.log SessionListener: contextInitialized()
28-Mar-2023 16:33:29.861 INFO [main] org.apache.catalina.core.ApplicationContext.log ContextListener: attributeAdded('StockTicker', 'async.Stockticker@4d098f9b')
28-Mar-2023 16:35:52.751 INFO [main] org.apache.catalina.core.ApplicationContext.log SessionListener: contextDestroyed()
28-Mar-2023 16:35:52.751 INFO [main] org.apache.catalina.core.ApplicationContext.log ContextListener: contextDestroyed()
28-Mar-2023 16:35:55.757 INFO [main] org.apache.catalina.core.ApplicationContext.log ContextListener: contextInitialized()
28-Mar-2023 16:35:55.759 INFO [main] org.apache.catalina.core.ApplicationContext.log SessionListener: contextInitialized()
28-Mar-2023 16:35:55.761 INFO [main] org.apache.catalina.core.ApplicationContext.log ContextListener: attributeAdded('StockTicker', 'async.Stockticker@20b5f2ac')
28-Mar-2023 16:36:18.485 INFO [main] org.apache.catalina.core.ApplicationContext.log SessionListener: contextDestroyed()
28-Mar-2023 16:36:18.488 INFO [main] org.apache.catalina.core.ApplicationContext.log ContextListener: contextDestroyed()
28-Mar-2023 16:36:21.807 INFO [main] org.apache.catalina.core.ApplicationContext.log ContextListener: contextInitialized()
28-Mar-2023 16:36:21.810 INFO [main] org.apache.catalina.core.ApplicationContext.log SessionListener: contextInitialized()
28-Mar-2023 16:36:21.812 INFO [main] org.apache.catalina.core.ApplicationContext.log ContextListener: attributeAdded('StockTicker', 'async.Stockticker@55e8ec2f')
28-Mar-2023 16:37:23.397 INFO [main] org.apache.catalina.core.ApplicationContext.log SessionListener: contextDestroyed()
28-Mar-2023 16:37:23.398 INFO [main] org.apache.catalina.core.ApplicationContext.log ContextListener: contextDestroyed()
28-Mar-2023 16:37:26.377 INFO [main] org.apache.catalina.core.ApplicationContext.log ContextListener: contextInitialized()
28-Mar-2023 16:37:26.379 INFO [main] org.apache.catalina.core.ApplicationContext.log SessionListener: contextInitialized()
28-Mar-2023 16:37:26.380 INFO [main] org.apache.catalina.core.ApplicationContext.log ContextListener: attributeAdded('StockTicker', 'async.Stockticker@2e54db99')
28-Mar-2023 16:37:57.624 INFO [main] org.apache.catalina.core.ApplicationContext.log SessionListener: contextDestroyed()
28-Mar-2023 16:37:57.625 INFO [main] org.apache.catalina.core.ApplicationContext.log ContextListener: contextDestroyed()
28-Mar-2023 16:38:00.563 INFO [main] org.apache.catalina.core.ApplicationContext.log ContextListener: contextInitialized()
28-Mar-2023 16:38:00.566 INFO [main] org.apache.catalina.core.ApplicationContext.log SessionListener: contextInitialized()
28-Mar-2023 16:38:00.567 INFO [main] org.apache.catalina.core.ApplicationContext.log ContextListener: attributeAdded('StockTicker', 'async.Stockticker@73ff4fae')
28-Mar-2023 16:38:19.390 INFO [main] org.apache.catalina.core.ApplicationContext.log SessionListener: contextDestroyed()
28-Mar-2023 16:38:19.390 INFO [main] org.apache.catalina.core.ApplicationContext.log ContextListener: contextDestroyed()
28-Mar-2023 16:38:22.103 INFO [main] org.apache.catalina.core.ApplicationContext.log ContextListener: contextInitialized()
28-Mar-2023 16:38:22.104 INFO [main] org.apache.catalina.core.ApplicationContext.log SessionListener: contextInitialized()
28-Mar-2023 16:38:22.105 INFO [main] org.apache.catalina.core.ApplicationContext.log ContextListener: attributeAdded('StockTicker', 'async.Stockticker@2dbf4cbd')
28-Mar-2023 16:40:01.442 INFO [main] org.apache.catalina.core.ApplicationContext.log SessionListener: contextDestroyed()
28-Mar-2023 16:40:01.443 INFO [main] org.apache.catalina.core.ApplicationContext.log ContextListener: contextDestroyed()
28-Mar-2023 16:40:03.950 INFO [main] org.apache.catalina.core.ApplicationContext.log ContextListener: contextInitialized()
28-Mar-2023 16:40:03.950 INFO [main] org.apache.catalina.core.ApplicationContext.log SessionListener: contextInitialized()
28-Mar-2023 16:40:03.951 INFO [main] org.apache.catalina.core.ApplicationContext.log ContextListener: attributeAdded('StockTicker', 'async.Stockticker@36676c1a')
28-Mar-2023 16:40:28.973 INFO [main] org.apache.catalina.core.ApplicationContext.log SessionListener: contextDestroyed()
28-Mar-2023 16:40:28.974 INFO [main] org.apache.catalina.core.ApplicationContext.log ContextListener: contextDestroyed()
28-Mar-2023 16:40:32.299 INFO [main] org.apache.catalina.core.ApplicationContext.log ContextListener: contextInitialized()
28-Mar-2023 16:40:32.302 INFO [main] org.apache.catalina.core.ApplicationContext.log SessionListener: contextInitialized()
28-Mar-2023 16:40:32.304 INFO [main] org.apache.catalina.core.ApplicationContext.log ContextListener: attributeAdded('StockTicker', 'async.Stockticker@62fad19')
28-Mar-2023 16:42:53.322 INFO [main] org.apache.catalina.core.ApplicationContext.log SessionListener: contextDestroyed()
28-Mar-2023 16:42:53.323 INFO [main] org.apache.catalina.core.ApplicationContext.log ContextListener: contextDestroyed()
28-Mar-2023 16:42:56.195 INFO [main] org.apache.catalina.core.ApplicationContext.log ContextListener: contextInitialized()
28-Mar-2023 16:42:56.195 INFO [main] org.apache.catalina.core.ApplicationContext.log SessionListener: contextInitialized()
28-Mar-2023 16:42:56.197 INFO [main] org.apache.catalina.core.ApplicationContext.log ContextListener: attributeAdded('StockTicker', 'async.Stockticker@7bc10d84')
28-Mar-2023 16:43:54.535 INFO [main] org.apache.catalina.core.ApplicationContext.log SessionListener: contextDestroyed()
28-Mar-2023 16:43:54.535 INFO [main] org.apache.catalina.core.ApplicationContext.log ContextListener: contextDestroyed()
28-Mar-2023 16:43:57.200 INFO [main] org.apache.catalina.core.ApplicationContext.log ContextListener: contextInitialized()
28-Mar-2023 16:43:57.200 INFO [main] org.apache.catalina.core.ApplicationContext.log SessionListener: contextInitialized()
28-Mar-2023 16:43:57.202 INFO [main] org.apache.catalina.core.ApplicationContext.log ContextListener: attributeAdded('StockTicker', 'async.Stockticker@4d098f9b')
28-Mar-2023 16:45:57.963 INFO [main] org.apache.catalina.core.ApplicationContext.log SessionListener: contextDestroyed()
28-Mar-2023 16:45:57.963 INFO [main] org.apache.catalina.core.ApplicationContext.log ContextListener: contextDestroyed()
28-Mar-2023 16:46:01.153 INFO [main] org.apache.catalina.core.ApplicationContext.log ContextListener: contextInitialized()
28-Mar-2023 16:46:01.153 INFO [main] org.apache.catalina.core.ApplicationContext.log SessionListener: contextInitialized()
28-Mar-2023 16:46:01.155 INFO [main] org.apache.catalina.core.ApplicationContext.log ContextListener: attributeAdded('StockTicker', 'async.Stockticker@20b5f2ac')
28-Mar-2023 16:47:05.610 INFO [main] org.apache.catalina.core.ApplicationContext.log SessionListener: contextDestroyed()
28-Mar-2023 16:47:05.611 INFO [main] org.apache.catalina.core.ApplicationContext.log ContextListener: contextDestroyed()
28-Mar-2023 16:47:07.991 INFO [main] org.apache.catalina.core.ApplicationContext.log ContextListener: contextInitialized()
28-Mar-2023 16:47:07.993 INFO [main] org.apache.catalina.core.ApplicationContext.log SessionListener: contextInitialized()
28-Mar-2023 16:47:07.995 INFO [main] org.apache.catalina.core.ApplicationContext.log ContextListener: attributeAdded('StockTicker', 'async.Stockticker@73ff4fae')
28-Mar-2023 16:48:24.026 INFO [main] org.apache.catalina.core.ApplicationContext.log SessionListener: contextDestroyed()
28-Mar-2023 16:48:24.026 INFO [main] org.apache.catalina.core.ApplicationContext.log ContextListener: contextDestroyed()
28-Mar-2023 16:48:26.842 INFO [main] org.apache.catalina.core.ApplicationContext.log ContextListener: contextInitialized()
28-Mar-2023 16:48:26.843 INFO [main] org.apache.catalina.core.ApplicationContext.log SessionListener: contextInitialized()
28-Mar-2023 16:48:26.845 INFO [main] org.apache.catalina.core.ApplicationContext.log ContextListener: attributeAdded('StockTicker', 'async.Stockticker@4d098f9b')
28-Mar-2023 16:49:08.919 INFO [main] org.apache.catalina.core.ApplicationContext.log SessionListener: contextDestroyed()
28-Mar-2023 16:49:08.919 INFO [main] org.apache.catalina.core.ApplicationContext.log ContextListener: contextDestroyed()
28-Mar-2023 16:49:11.714 INFO [main] org.apache.catalina.core.ApplicationContext.log ContextListener: contextInitialized()
28-Mar-2023 16:49:11.718 INFO [main] org.apache.catalina.core.ApplicationContext.log SessionListener: contextInitialized()
28-Mar-2023 16:49:11.719 INFO [main] org.apache.catalina.core.ApplicationContext.log ContextListener: attributeAdded('StockTicker', 'async.Stockticker@4d098f9b')
28-Mar-2023 16:51:06.531 INFO [main] org.apache.catalina.core.ApplicationContext.log SessionListener: contextDestroyed()
28-Mar-2023 16:51:06.531 INFO [main] org.apache.catalina.core.ApplicationContext.log ContextListener: contextDestroyed()
28-Mar-2023 16:51:09.096 INFO [main] org.apache.catalina.core.ApplicationContext.log ContextListener: contextInitialized()
28-Mar-2023 16:51:09.098 INFO [main] org.apache.catalina.core.ApplicationContext.log SessionListener: contextInitialized()
28-Mar-2023 16:51:09.099 INFO [main] org.apache.catalina.core.ApplicationContext.log ContextListener: attributeAdded('StockTicker', 'async.Stockticker@4d098f9b')
28-Mar-2023 16:51:52.212 INFO [main] org.apache.catalina.core.ApplicationContext.log SessionListener: contextDestroyed()
28-Mar-2023 16:51:52.212 INFO [main] org.apache.catalina.core.ApplicationContext.log ContextListener: contextDestroyed()
28-Mar-2023 16:51:54.796 INFO [main] org.apache.catalina.core.ApplicationContext.log ContextListener: contextInitialized()
28-Mar-2023 16:51:54.796 INFO [main] org.apache.catalina.core.ApplicationContext.log SessionListener: contextInitialized()
28-Mar-2023 16:51:54.798 INFO [main] org.apache.catalina.core.ApplicationContext.log ContextListener: attributeAdded('StockTicker', 'async.Stockticker@31e75d13')
28-Mar-2023 16:58:07.433 INFO [main] org.apache.catalina.core.ApplicationContext.log SessionListener: contextDestroyed()
28-Mar-2023 16:58:07.433 INFO [main] org.apache.catalina.core.ApplicationContext.log ContextListener: contextDestroyed()
28-Mar-2023 16:58:10.228 INFO [main] org.apache.catalina.core.ApplicationContext.log ContextListener: contextInitialized()
28-Mar-2023 16:58:10.243 INFO [main] org.apache.catalina.core.ApplicationContext.log SessionListener: contextInitialized()
28-Mar-2023 16:58:10.245 INFO [main] org.apache.catalina.core.ApplicationContext.log ContextListener: attributeAdded('StockTicker', 'async.Stockticker@36676c1a')
28-Mar-2023 16:59:05.090 INFO [main] org.apache.catalina.core.ApplicationContext.log SessionListener: contextDestroyed()
28-Mar-2023 16:59:05.091 INFO [main] org.apache.catalina.core.ApplicationContext.log ContextListener: contextDestroyed()
28-Mar-2023 16:59:07.708 INFO [main] org.apache.catalina.core.ApplicationContext.log ContextListener: contextInitialized()
28-Mar-2023 16:59:07.711 INFO [main] org.apache.catalina.core.ApplicationContext.log SessionListener: contextInitialized()
28-Mar-2023 16:59:07.713 INFO [main] org.apache.catalina.core.ApplicationContext.log ContextListener: attributeAdded('StockTicker', 'async.Stockticker@73ff4fae')
28-Mar-2023 17:01:59.994 INFO [main] org.apache.catalina.core.ApplicationContext.log SessionListener: contextDestroyed()
28-Mar-2023 17:01:59.997 INFO [main] org.apache.catalina.core.ApplicationContext.log ContextListener: contextDestroyed()
28-Mar-2023 17:02:02.796 INFO [main] org.apache.catalina.core.ApplicationContext.log ContextListener: contextInitialized()
28-Mar-2023 17:02:02.797 INFO [main] org.apache.catalina.core.ApplicationContext.log SessionListener: contextInitialized()
28-Mar-2023 17:02:02.799 INFO [main] org.apache.catalina.core.ApplicationContext.log ContextListener: attributeAdded('StockTicker', 'async.Stockticker@7fc44dec')
28-Mar-2023 17:02:54.013 INFO [main] org.apache.catalina.core.ApplicationContext.log SessionListener: contextDestroyed()
28-Mar-2023 17:02:54.013 INFO [main] org.apache.catalina.core.ApplicationContext.log ContextListener: contextDestroyed()
28-Mar-2023 17:02:56.643 INFO [main] org.apache.catalina.core.ApplicationContext.log ContextListener: contextInitialized()
28-Mar-2023 17:02:56.644 INFO [main] org.apache.catalina.core.ApplicationContext.log SessionListener: contextInitialized()
28-Mar-2023 17:02:56.647 INFO [main] org.apache.catalina.core.ApplicationContext.log ContextListener: attributeAdded('StockTicker', 'async.Stockticker@7fc44dec')
28-Mar-2023 17:04:34.196 INFO [main] org.apache.catalina.core.ApplicationContext.log SessionListener: contextDestroyed()
28-Mar-2023 17:04:34.197 INFO [main] org.apache.catalina.core.ApplicationContext.log ContextListener: contextDestroyed()
28-Mar-2023 17:04:36.861 INFO [main] org.apache.catalina.core.ApplicationContext.log ContextListener: contextInitialized()
28-Mar-2023 17:04:36.861 INFO [main] org.apache.catalina.core.ApplicationContext.log SessionListener: contextInitialized()
28-Mar-2023 17:04:36.863 INFO [main] org.apache.catalina.core.ApplicationContext.log ContextListener: attributeAdded('StockTicker', 'async.Stockticker@2dbf4cbd')
28-Mar-2023 17:15:50.125 INFO [main] org.apache.catalina.core.ApplicationContext.log SessionListener: contextDestroyed()
28-Mar-2023 17:15:50.129 INFO [main] org.apache.catalina.core.ApplicationContext.log ContextListener: contextDestroyed()
28-Mar-2023 17:15:53.140 INFO [main] org.apache.catalina.core.ApplicationContext.log ContextListener: contextInitialized()
28-Mar-2023 17:15:53.142 INFO [main] org.apache.catalina.core.ApplicationContext.log SessionListener: contextInitialized()
28-Mar-2023 17:15:53.144 INFO [main] org.apache.catalina.core.ApplicationContext.log ContextListener: attributeAdded('StockTicker', 'async.Stockticker@7b64240d')
28-Mar-2023 17:15:54.553 INFO [main] org.apache.catalina.core.ApplicationContext.log SessionListener: contextDestroyed()
28-Mar-2023 17:15:54.557 INFO [main] org.apache.catalina.core.ApplicationContext.log ContextListener: contextDestroyed()
28-Mar-2023 17:15:55.202 INFO [main] org.apache.catalina.core.ApplicationContext.log ContextListener: contextInitialized()
28-Mar-2023 17:15:55.203 INFO [main] org.apache.catalina.core.ApplicationContext.log SessionListener: contextInitialized()
28-Mar-2023 17:15:55.205 INFO [main] org.apache.catalina.core.ApplicationContext.log ContextListener: attributeAdded('StockTicker', 'async.Stockticker@546ccad7')
28-Mar-2023 17:15:57.751 INFO [main] org.apache.catalina.core.ApplicationContext.log ContextListener: contextInitialized()
28-Mar-2023 17:15:57.752 INFO [main] org.apache.catalina.core.ApplicationContext.log SessionListener: contextInitialized()
28-Mar-2023 17:15:57.754 INFO [main] org.apache.catalina.core.ApplicationContext.log ContextListener: attributeAdded('StockTicker', 'async.Stockticker@31e75d13')
28-Mar-2023 17:15:57.957 INFO [main] org.apache.catalina.core.ApplicationContext.log SessionListener: contextDestroyed()
28-Mar-2023 17:15:57.958 INFO [main] org.apache.catalina.core.ApplicationContext.log ContextListener: contextDestroyed()
28-Mar-2023 17:16:07.226 INFO [main] org.apache.catalina.core.ApplicationContext.log SessionListener: contextDestroyed()
28-Mar-2023 17:16:07.226 INFO [main] org.apache.catalina.core.ApplicationContext.log ContextListener: contextDestroyed()
28-Mar-2023 17:16:10.167 INFO [main] org.apache.catalina.core.ApplicationContext.log ContextListener: contextInitialized()
28-Mar-2023 17:16:10.168 INFO [main] org.apache.catalina.core.ApplicationContext.log SessionListener: contextInitialized()
28-Mar-2023 17:16:10.169 INFO [main] org.apache.catalina.core.ApplicationContext.log ContextListener: attributeAdded('StockTicker', 'async.Stockticker@2dbf4cbd')
28-Mar-2023 17:17:12.650 INFO [main] org.apache.catalina.core.ApplicationContext.log SessionListener: contextDestroyed()
28-Mar-2023 17:17:12.650 INFO [main] org.apache.catalina.core.ApplicationContext.log ContextListener: contextDestroyed()
28-Mar-2023 17:17:15.300 INFO [main] org.apache.catalina.core.ApplicationContext.log ContextListener: contextInitialized()
28-Mar-2023 17:17:15.303 INFO [main] org.apache.catalina.core.ApplicationContext.log SessionListener: contextInitialized()
28-Mar-2023 17:17:15.305 INFO [main] org.apache.catalina.core.ApplicationContext.log ContextListener: attributeAdded('StockTicker', 'async.Stockticker@2dbf4cbd')
28-Mar-2023 17:25:16.789 INFO [main] org.apache.catalina.core.ApplicationContext.log SessionListener: contextDestroyed()
28-Mar-2023 17:25:16.789 INFO [main] org.apache.catalina.core.ApplicationContext.log ContextListener: contextDestroyed()
28-Mar-2023 17:25:19.472 INFO [main] org.apache.catalina.core.ApplicationContext.log ContextListener: contextInitialized()
28-Mar-2023 17:25:19.472 INFO [main] org.apache.catalina.core.ApplicationContext.log SessionListener: contextInitialized()
28-Mar-2023 17:25:19.473 INFO [main] org.apache.catalina.core.ApplicationContext.log ContextListener: attributeAdded('StockTicker', 'async.Stockticker@7fc44dec')
28-Mar-2023 17:26:58.598 INFO [main] org.apache.catalina.core.ApplicationContext.log SessionListener: contextDestroyed()
28-Mar-2023 17:26:58.598 INFO [main] org.apache.catalina.core.ApplicationContext.log ContextListener: contextDestroyed()
28-Mar-2023 17:27:01.212 INFO [main] org.apache.catalina.core.ApplicationContext.log ContextListener: contextInitialized()
28-Mar-2023 17:27:01.213 INFO [main] org.apache.catalina.core.ApplicationContext.log SessionListener: contextInitialized()
28-Mar-2023 17:27:01.214 INFO [main] org.apache.catalina.core.ApplicationContext.log ContextListener: attributeAdded('StockTicker', 'async.Stockticker@7fc44dec')
28-Mar-2023 17:30:27.888 INFO [main] org.apache.catalina.core.ApplicationContext.log SessionListener: contextDestroyed()
28-Mar-2023 17:30:27.889 INFO [main] org.apache.catalina.core.ApplicationContext.log ContextListener: contextDestroyed()
28-Mar-2023 17:30:30.576 INFO [main] org.apache.catalina.core.ApplicationContext.log ContextListener: contextInitialized()
28-Mar-2023 17:30:30.576 INFO [main] org.apache.catalina.core.ApplicationContext.log SessionListener: contextInitialized()
28-Mar-2023 17:30:30.580 INFO [main] org.apache.catalina.core.ApplicationContext.log ContextListener: attributeAdded('StockTicker', 'async.Stockticker@4d098f9b')
28-Mar-2023 17:41:18.140 INFO [main] org.apache.catalina.core.ApplicationContext.log SessionListener: contextDestroyed()
28-Mar-2023 17:41:18.141 INFO [main] org.apache.catalina.core.ApplicationContext.log ContextListener: contextDestroyed()
28-Mar-2023 17:41:20.746 INFO [main] org.apache.catalina.core.ApplicationContext.log ContextListener: contextInitialized()
28-Mar-2023 17:41:20.746 INFO [main] org.apache.catalina.core.ApplicationContext.log SessionListener: contextInitialized()
28-Mar-2023 17:41:20.749 INFO [main] org.apache.catalina.core.ApplicationContext.log ContextListener: attributeAdded('StockTicker', 'async.Stockticker@7e3060d8')
28-Mar-2023 17:58:00.603 SEVERE [http-nio-8080-exec-7] org.apache.catalina.core.StandardWrapperValve.invoke Servlet.service() for servlet [Test] in context with path [] threw exception
	java.lang.ArrayIndexOutOfBoundsException: Index 1 out of bounds for length 1
		at Main.doGet(Main.java:71)
		at jakarta.servlet.http.HttpServlet.service(HttpServlet.java:537)
		at jakarta.servlet.http.HttpServlet.service(HttpServlet.java:631)
		at org.apache.catalina.core.ApplicationFilterChain.internalDoFilter(ApplicationFilterChain.java:205)
		at org.apache.catalina.core.ApplicationFilterChain.doFilter(ApplicationFilterChain.java:149)
		at org.apache.tomcat.websocket.server.WsFilter.doFilter(WsFilter.java:53)
		at org.apache.catalina.core.ApplicationFilterChain.internalDoFilter(ApplicationFilterChain.java:174)
		at org.apache.catalina.core.ApplicationFilterChain.doFilter(ApplicationFilterChain.java:149)
		at org.apache.catalina.core.StandardWrapperValve.invoke(StandardWrapperValve.java:166)
		at org.apache.catalina.core.StandardContextValve.invoke(StandardContextValve.java:90)
		at org.apache.catalina.authenticator.AuthenticatorBase.invoke(AuthenticatorBase.java:493)
		at org.apache.catalina.core.StandardHostValve.invoke(StandardHostValve.java:115)
		at org.apache.catalina.valves.ErrorReportValve.invoke(ErrorReportValve.java:93)
		at org.apache.catalina.valves.AbstractAccessLogValve.invoke(AbstractAccessLogValve.java:676)
		at org.apache.catalina.core.StandardEngineValve.invoke(StandardEngineValve.java:74)
		at org.apache.catalina.connector.CoyoteAdapter.service(CoyoteAdapter.java:341)
		at org.apache.coyote.http11.Http11Processor.service(Http11Processor.java:390)
		at org.apache.coyote.AbstractProcessorLight.process(AbstractProcessorLight.java:63)
		at org.apache.coyote.AbstractProtocol$ConnectionHandler.process(AbstractProtocol.java:894)
		at org.apache.tomcat.util.net.NioEndpoint$SocketProcessor.doRun(NioEndpoint.java:1741)
		at org.apache.tomcat.util.net.SocketProcessorBase.run(SocketProcessorBase.java:52)
		at org.apache.tomcat.util.threads.ThreadPoolExecutor.runWorker(ThreadPoolExecutor.java:1191)
		at org.apache.tomcat.util.threads.ThreadPoolExecutor$Worker.run(ThreadPoolExecutor.java:659)
		at org.apache.tomcat.util.threads.TaskThread$WrappingRunnable.run(TaskThread.java:61)
		at java.base/java.lang.Thread.run(Thread.java:833)
28-Mar-2023 17:58:03.600 SEVERE [http-nio-8080-exec-1] org.apache.catalina.core.StandardWrapperValve.invoke Servlet.service() for servlet [Test] in context with path [] threw exception
	java.lang.ArrayIndexOutOfBoundsException: Index 1 out of bounds for length 1
		at Main.doGet(Main.java:71)
		at jakarta.servlet.http.HttpServlet.service(HttpServlet.java:537)
		at jakarta.servlet.http.HttpServlet.service(HttpServlet.java:631)
		at org.apache.catalina.core.ApplicationFilterChain.internalDoFilter(ApplicationFilterChain.java:205)
		at org.apache.catalina.core.ApplicationFilterChain.doFilter(ApplicationFilterChain.java:149)
		at org.apache.tomcat.websocket.server.WsFilter.doFilter(WsFilter.java:53)
		at org.apache.catalina.core.ApplicationFilterChain.internalDoFilter(ApplicationFilterChain.java:174)
		at org.apache.catalina.core.ApplicationFilterChain.doFilter(ApplicationFilterChain.java:149)
		at org.apache.catalina.core.StandardWrapperValve.invoke(StandardWrapperValve.java:166)
		at org.apache.catalina.core.StandardContextValve.invoke(StandardContextValve.java:90)
		at org.apache.catalina.authenticator.AuthenticatorBase.invoke(AuthenticatorBase.java:493)
		at org.apache.catalina.core.StandardHostValve.invoke(StandardHostValve.java:115)
		at org.apache.catalina.valves.ErrorReportValve.invoke(ErrorReportValve.java:93)
		at org.apache.catalina.valves.AbstractAccessLogValve.invoke(AbstractAccessLogValve.java:676)
		at org.apache.catalina.core.StandardEngineValve.invoke(StandardEngineValve.java:74)
		at org.apache.catalina.connector.CoyoteAdapter.service(CoyoteAdapter.java:341)
		at org.apache.coyote.http11.Http11Processor.service(Http11Processor.java:390)
		at org.apache.coyote.AbstractProcessorLight.process(AbstractProcessorLight.java:63)
		at org.apache.coyote.AbstractProtocol$ConnectionHandler.process(AbstractProtocol.java:894)
		at org.apache.tomcat.util.net.NioEndpoint$SocketProcessor.doRun(NioEndpoint.java:1741)
		at org.apache.tomcat.util.net.SocketProcessorBase.run(SocketProcessorBase.java:52)
		at org.apache.tomcat.util.threads.ThreadPoolExecutor.runWorker(ThreadPoolExecutor.java:1191)
		at org.apache.tomcat.util.threads.ThreadPoolExecutor$Worker.run(ThreadPoolExecutor.java:659)
		at org.apache.tomcat.util.threads.TaskThread$WrappingRunnable.run(TaskThread.java:61)
		at java.base/java.lang.Thread.run(Thread.java:833)
28-Mar-2023 17:58:13.631 INFO [main] org.apache.catalina.core.ApplicationContext.log SessionListener: contextDestroyed()
28-Mar-2023 17:58:13.631 INFO [main] org.apache.catalina.core.ApplicationContext.log ContextListener: contextDestroyed()
28-Mar-2023 17:58:16.475 INFO [main] org.apache.catalina.core.ApplicationContext.log ContextListener: contextInitialized()
28-Mar-2023 17:58:16.476 INFO [main] org.apache.catalina.core.ApplicationContext.log SessionListener: contextInitialized()
28-Mar-2023 17:58:16.478 INFO [main] org.apache.catalina.core.ApplicationContext.log ContextListener: attributeAdded('StockTicker', 'async.Stockticker@36676c1a')
28-Mar-2023 17:58:24.061 SEVERE [http-nio-8080-exec-1] org.apache.catalina.core.StandardWrapperValve.invoke Servlet.service() for servlet [Test] in context with path [] threw exception
	java.lang.ArrayIndexOutOfBoundsException: Index 1 out of bounds for length 1
		at Main.doGet(Main.java:71)
		at jakarta.servlet.http.HttpServlet.service(HttpServlet.java:537)
		at jakarta.servlet.http.HttpServlet.service(HttpServlet.java:631)
		at org.apache.catalina.core.ApplicationFilterChain.internalDoFilter(ApplicationFilterChain.java:205)
		at org.apache.catalina.core.ApplicationFilterChain.doFilter(ApplicationFilterChain.java:149)
		at org.apache.tomcat.websocket.server.WsFilter.doFilter(WsFilter.java:53)
		at org.apache.catalina.core.ApplicationFilterChain.internalDoFilter(ApplicationFilterChain.java:174)
		at org.apache.catalina.core.ApplicationFilterChain.doFilter(ApplicationFilterChain.java:149)
		at org.apache.catalina.core.StandardWrapperValve.invoke(StandardWrapperValve.java:166)
		at org.apache.catalina.core.StandardContextValve.invoke(StandardContextValve.java:90)
		at org.apache.catalina.authenticator.AuthenticatorBase.invoke(AuthenticatorBase.java:493)
		at org.apache.catalina.core.StandardHostValve.invoke(StandardHostValve.java:115)
		at org.apache.catalina.valves.ErrorReportValve.invoke(ErrorReportValve.java:93)
		at org.apache.catalina.valves.AbstractAccessLogValve.invoke(AbstractAccessLogValve.java:676)
		at org.apache.catalina.core.StandardEngineValve.invoke(StandardEngineValve.java:74)
		at org.apache.catalina.connector.CoyoteAdapter.service(CoyoteAdapter.java:341)
		at org.apache.coyote.http11.Http11Processor.service(Http11Processor.java:390)
		at org.apache.coyote.AbstractProcessorLight.process(AbstractProcessorLight.java:63)
		at org.apache.coyote.AbstractProtocol$ConnectionHandler.process(AbstractProtocol.java:894)
		at org.apache.tomcat.util.net.NioEndpoint$SocketProcessor.doRun(NioEndpoint.java:1741)
		at org.apache.tomcat.util.net.SocketProcessorBase.run(SocketProcessorBase.java:52)
		at org.apache.tomcat.util.threads.ThreadPoolExecutor.runWorker(ThreadPoolExecutor.java:1191)
		at org.apache.tomcat.util.threads.ThreadPoolExecutor$Worker.run(ThreadPoolExecutor.java:659)
		at org.apache.tomcat.util.threads.TaskThread$WrappingRunnable.run(TaskThread.java:61)
		at java.base/java.lang.Thread.run(Thread.java:833)
28-Mar-2023 17:58:33.754 INFO [main] org.apache.catalina.core.ApplicationContext.log SessionListener: contextDestroyed()
28-Mar-2023 17:58:33.754 INFO [main] org.apache.catalina.core.ApplicationContext.log ContextListener: contextDestroyed()
28-Mar-2023 17:58:36.577 INFO [main] org.apache.catalina.core.ApplicationContext.log ContextListener: contextInitialized()
28-Mar-2023 17:58:36.578 INFO [main] org.apache.catalina.core.ApplicationContext.log SessionListener: contextInitialized()
28-Mar-2023 17:58:36.579 INFO [main] org.apache.catalina.core.ApplicationContext.log ContextListener: attributeAdded('StockTicker', 'async.Stockticker@7e3060d8')
