01-Apr-2023 14:02:32.313 INFO [main] org.apache.catalina.core.ApplicationContext.log ContextListener: contextInitialized()
01-Apr-2023 14:02:32.314 INFO [main] org.apache.catalina.core.ApplicationContext.log SessionListener: contextInitialized()
01-Apr-2023 14:02:32.316 INFO [main] org.apache.catalina.core.ApplicationContext.log ContextListener: attributeAdded('StockTicker', 'async.Stockticker@73ff4fae')
01-Apr-2023 14:03:55.525 INFO [main] org.apache.catalina.core.ApplicationContext.log SessionListener: contextDestroyed()
01-Apr-2023 14:03:55.525 INFO [main] org.apache.catalina.core.ApplicationContext.log ContextListener: contextDestroyed()
01-Apr-2023 14:03:59.471 INFO [main] org.apache.catalina.core.ApplicationContext.log ContextListener: contextInitialized()
01-Apr-2023 14:03:59.471 INFO [main] org.apache.catalina.core.ApplicationContext.log SessionListener: contextInitialized()
01-Apr-2023 14:03:59.485 INFO [main] org.apache.catalina.core.ApplicationContext.log ContextListener: attributeAdded('StockTicker', 'async.Stockticker@36676c1a')
01-Apr-2023 14:13:59.836 INFO [main] org.apache.catalina.core.ApplicationContext.log SessionListener: contextDestroyed()
01-Apr-2023 14:13:59.836 INFO [main] org.apache.catalina.core.ApplicationContext.log ContextListener: contextDestroyed()
01-Apr-2023 14:14:03.385 INFO [main] org.apache.catalina.core.ApplicationContext.log ContextListener: contextInitialized()
01-Apr-2023 14:14:03.388 INFO [main] org.apache.catalina.core.ApplicationContext.log SessionListener: contextInitialized()
01-Apr-2023 14:14:03.391 INFO [main] org.apache.catalina.core.ApplicationContext.log ContextListener: attributeAdded('StockTicker', 'async.Stockticker@36676c1a')
01-Apr-2023 14:15:13.801 INFO [main] org.apache.catalina.core.ApplicationContext.log SessionListener: contextDestroyed()
01-Apr-2023 14:15:13.801 INFO [main] org.apache.catalina.core.ApplicationContext.log ContextListener: contextDestroyed()
01-Apr-2023 14:15:14.343 INFO [main] org.apache.catalina.core.ApplicationContext.log ContextListener: contextInitialized()
01-Apr-2023 14:15:14.343 INFO [main] org.apache.catalina.core.ApplicationContext.log SessionListener: contextInitialized()
01-Apr-2023 14:15:14.346 INFO [main] org.apache.catalina.core.ApplicationContext.log ContextListener: attributeAdded('StockTicker', 'async.Stockticker@62fe6067')
01-Apr-2023 14:15:15.629 INFO [main] org.apache.catalina.core.ApplicationContext.log SessionListener: contextDestroyed()
01-Apr-2023 14:15:15.630 INFO [main] org.apache.catalina.core.ApplicationContext.log ContextListener: contextDestroyed()
01-Apr-2023 14:15:18.615 INFO [main] org.apache.catalina.core.ApplicationContext.log ContextListener: contextInitialized()
01-Apr-2023 14:15:18.617 INFO [main] org.apache.catalina.core.ApplicationContext.log SessionListener: contextInitialized()
01-Apr-2023 14:15:18.619 INFO [main] org.apache.catalina.core.ApplicationContext.log ContextListener: attributeAdded('StockTicker', 'async.Stockticker@78fb9a67')
01-Apr-2023 14:16:39.119 INFO [main] org.apache.catalina.core.ApplicationContext.log SessionListener: contextDestroyed()
01-Apr-2023 14:16:39.119 INFO [main] org.apache.catalina.core.ApplicationContext.log ContextListener: contextDestroyed()
01-Apr-2023 14:16:41.991 INFO [main] org.apache.catalina.core.ApplicationContext.log ContextListener: contextInitialized()
01-Apr-2023 14:16:41.991 INFO [main] org.apache.catalina.core.ApplicationContext.log SessionListener: contextInitialized()
01-Apr-2023 14:16:41.993 INFO [main] org.apache.catalina.core.ApplicationContext.log ContextListener: attributeAdded('StockTicker', 'async.Stockticker@7fc44dec')
01-Apr-2023 14:21:31.228 INFO [main] org.apache.catalina.core.ApplicationContext.log SessionListener: contextDestroyed()
01-Apr-2023 14:21:31.229 INFO [main] org.apache.catalina.core.ApplicationContext.log ContextListener: contextDestroyed()
01-Apr-2023 14:21:34.195 INFO [main] org.apache.catalina.core.ApplicationContext.log ContextListener: contextInitialized()
01-Apr-2023 14:21:34.196 INFO [main] org.apache.catalina.core.ApplicationContext.log SessionListener: contextInitialized()
01-Apr-2023 14:21:34.197 INFO [main] org.apache.catalina.core.ApplicationContext.log ContextListener: attributeAdded('StockTicker', 'async.Stockticker@2dbf4cbd')
01-Apr-2023 14:26:09.533 INFO [main] org.apache.catalina.core.ApplicationContext.log SessionListener: contextDestroyed()
01-Apr-2023 14:26:09.533 INFO [main] org.apache.catalina.core.ApplicationContext.log ContextListener: contextDestroyed()
01-Apr-2023 14:26:13.491 INFO [main] org.apache.catalina.core.ApplicationContext.log ContextListener: contextInitialized()
01-Apr-2023 14:26:13.495 INFO [main] org.apache.catalina.core.ApplicationContext.log SessionListener: contextInitialized()
01-Apr-2023 14:26:13.497 INFO [main] org.apache.catalina.core.ApplicationContext.log ContextListener: attributeAdded('StockTicker', 'async.Stockticker@73ff4fae')
01-Apr-2023 14:29:15.643 INFO [main] org.apache.catalina.core.ApplicationContext.log SessionListener: contextDestroyed()
01-Apr-2023 14:29:15.649 INFO [main] org.apache.catalina.core.ApplicationContext.log ContextListener: contextDestroyed()
01-Apr-2023 14:29:18.479 INFO [main] org.apache.catalina.core.ApplicationContext.log ContextListener: contextInitialized()
01-Apr-2023 14:29:18.481 INFO [main] org.apache.catalina.core.ApplicationContext.log SessionListener: contextInitialized()
01-Apr-2023 14:29:18.482 INFO [main] org.apache.catalina.core.ApplicationContext.log ContextListener: attributeAdded('StockTicker', 'async.Stockticker@275fe372')
01-Apr-2023 14:29:33.965 INFO [main] org.apache.catalina.core.ApplicationContext.log SessionListener: contextDestroyed()
01-Apr-2023 14:29:33.966 INFO [main] org.apache.catalina.core.ApplicationContext.log ContextListener: contextDestroyed()
01-Apr-2023 14:29:39.114 INFO [main] org.apache.catalina.core.ApplicationContext.log ContextListener: contextInitialized()
01-Apr-2023 14:29:39.133 INFO [main] org.apache.catalina.core.ApplicationContext.log SessionListener: contextInitialized()
01-Apr-2023 14:29:39.137 INFO [main] org.apache.catalina.core.ApplicationContext.log ContextListener: attributeAdded('StockTicker', 'async.Stockticker@40e10ff8')
01-Apr-2023 14:30:33.661 INFO [main] org.apache.catalina.core.ApplicationContext.log SessionListener: contextDestroyed()
01-Apr-2023 14:30:33.661 INFO [main] org.apache.catalina.core.ApplicationContext.log ContextListener: contextDestroyed()
01-Apr-2023 14:30:38.695 INFO [main] org.apache.catalina.core.ApplicationContext.log ContextListener: contextInitialized()
01-Apr-2023 14:30:38.697 INFO [main] org.apache.catalina.core.ApplicationContext.log SessionListener: contextInitialized()
01-Apr-2023 14:30:38.698 INFO [main] org.apache.catalina.core.ApplicationContext.log ContextListener: attributeAdded('StockTicker', 'async.Stockticker@36676c1a')
01-Apr-2023 14:32:24.311 INFO [main] org.apache.catalina.core.ApplicationContext.log SessionListener: contextDestroyed()
01-Apr-2023 14:32:24.311 INFO [main] org.apache.catalina.core.ApplicationContext.log ContextListener: contextDestroyed()
01-Apr-2023 14:32:27.991 INFO [main] org.apache.catalina.core.ApplicationContext.log ContextListener: contextInitialized()
01-Apr-2023 14:32:27.993 INFO [main] org.apache.catalina.core.ApplicationContext.log SessionListener: contextInitialized()
01-Apr-2023 14:32:27.994 INFO [main] org.apache.catalina.core.ApplicationContext.log ContextListener: attributeAdded('StockTicker', 'async.Stockticker@4d098f9b')
01-Apr-2023 14:39:50.534 INFO [main] org.apache.catalina.core.ApplicationContext.log SessionListener: contextDestroyed()
01-Apr-2023 14:39:50.536 INFO [main] org.apache.catalina.core.ApplicationContext.log ContextListener: contextDestroyed()
01-Apr-2023 14:39:54.124 INFO [main] org.apache.catalina.core.ApplicationContext.log ContextListener: contextInitialized()
01-Apr-2023 14:39:54.125 INFO [main] org.apache.catalina.core.ApplicationContext.log SessionListener: contextInitialized()
01-Apr-2023 14:39:54.128 INFO [main] org.apache.catalina.core.ApplicationContext.log ContextListener: attributeAdded('StockTicker', 'async.Stockticker@36676c1a')
01-Apr-2023 14:46:36.919 INFO [main] org.apache.catalina.core.ApplicationContext.log SessionListener: contextDestroyed()
01-Apr-2023 14:46:36.919 INFO [main] org.apache.catalina.core.ApplicationContext.log ContextListener: contextDestroyed()
01-Apr-2023 14:46:40.192 INFO [main] org.apache.catalina.core.ApplicationContext.log ContextListener: contextInitialized()
01-Apr-2023 14:46:40.192 INFO [main] org.apache.catalina.core.ApplicationContext.log SessionListener: contextInitialized()
01-Apr-2023 14:46:40.193 INFO [main] org.apache.catalina.core.ApplicationContext.log ContextListener: attributeAdded('StockTicker', 'async.Stockticker@2dbf4cbd')
01-Apr-2023 14:50:55.239 INFO [main] org.apache.catalina.core.ApplicationContext.log SessionListener: contextDestroyed()
01-Apr-2023 14:50:55.239 INFO [main] org.apache.catalina.core.ApplicationContext.log ContextListener: contextDestroyed()
01-Apr-2023 14:50:58.204 INFO [main] org.apache.catalina.core.ApplicationContext.log ContextListener: contextInitialized()
01-Apr-2023 14:50:58.206 INFO [main] org.apache.catalina.core.ApplicationContext.log SessionListener: contextInitialized()
01-Apr-2023 14:50:58.208 INFO [main] org.apache.catalina.core.ApplicationContext.log ContextListener: attributeAdded('StockTicker', 'async.Stockticker@36676c1a')
01-Apr-2023 14:52:27.316 INFO [main] org.apache.catalina.core.ApplicationContext.log SessionListener: contextDestroyed()
01-Apr-2023 14:52:27.316 INFO [main] org.apache.catalina.core.ApplicationContext.log ContextListener: contextDestroyed()
01-Apr-2023 14:52:32.649 INFO [main] org.apache.catalina.core.ApplicationContext.log ContextListener: contextInitialized()
01-Apr-2023 14:52:32.652 INFO [main] org.apache.catalina.core.ApplicationContext.log SessionListener: contextInitialized()
01-Apr-2023 14:52:32.655 INFO [main] org.apache.catalina.core.ApplicationContext.log ContextListener: attributeAdded('StockTicker', 'async.Stockticker@557a1e2d')
01-Apr-2023 14:57:19.477 INFO [main] org.apache.catalina.core.ApplicationContext.log SessionListener: contextDestroyed()
01-Apr-2023 14:57:19.477 INFO [main] org.apache.catalina.core.ApplicationContext.log ContextListener: contextDestroyed()
01-Apr-2023 14:57:22.824 INFO [main] org.apache.catalina.core.ApplicationContext.log ContextListener: contextInitialized()
01-Apr-2023 14:57:22.827 INFO [main] org.apache.catalina.core.ApplicationContext.log SessionListener: contextInitialized()
01-Apr-2023 14:57:22.831 INFO [main] org.apache.catalina.core.ApplicationContext.log ContextListener: attributeAdded('StockTicker', 'async.Stockticker@74cadd41')
01-Apr-2023 14:58:32.858 INFO [main] org.apache.catalina.core.ApplicationContext.log SessionListener: contextDestroyed()
01-Apr-2023 14:58:32.859 INFO [main] org.apache.catalina.core.ApplicationContext.log ContextListener: contextDestroyed()
01-Apr-2023 14:58:36.595 INFO [main] org.apache.catalina.core.ApplicationContext.log ContextListener: contextInitialized()
01-Apr-2023 14:58:36.597 INFO [main] org.apache.catalina.core.ApplicationContext.log SessionListener: contextInitialized()
01-Apr-2023 14:58:36.598 INFO [main] org.apache.catalina.core.ApplicationContext.log ContextListener: attributeAdded('StockTicker', 'async.Stockticker@36676c1a')
01-Apr-2023 15:00:28.563 SEVERE [http-nio-8080-exec-3] org.apache.catalina.core.StandardWrapperValve.invoke Servlet.service() for servlet [Chess] in context with path [] threw exception
	java.lang.ArrayIndexOutOfBoundsException: Index -1 out of bounds for length 8
		at Main.legalMove(Main.java:49)
		at Main.doGet(Main.java:108)
		at jakarta.servlet.http.HttpServlet.service(HttpServlet.java:537)
		at jakarta.servlet.http.HttpServlet.service(HttpServlet.java:631)
		at org.apache.catalina.core.ApplicationFilterChain.internalDoFilter(ApplicationFilterChain.java:205)
		at org.apache.catalina.core.ApplicationFilterChain.doFilter(ApplicationFilterChain.java:149)
		at org.apache.tomcat.websocket.server.WsFilter.doFilter(WsFilter.java:53)
		at org.apache.catalina.core.ApplicationFilterChain.internalDoFilter(ApplicationFilterChain.java:174)
		at org.apache.catalina.core.ApplicationFilterChain.doFilter(ApplicationFilterChain.java:149)
		at org.apache.catalina.core.StandardWrapperValve.invoke(StandardWrapperValve.java:166)
		at org.apache.catalina.core.StandardContextValve.invoke(StandardContextValve.java:90)
		at org.apache.catalina.authenticator.AuthenticatorBase.invoke(AuthenticatorBase.java:493)
		at org.apache.catalina.core.StandardHostValve.invoke(StandardHostValve.java:115)
		at org.apache.catalina.valves.ErrorReportValve.invoke(ErrorReportValve.java:93)
		at org.apache.catalina.valves.AbstractAccessLogValve.invoke(AbstractAccessLogValve.java:676)
		at org.apache.catalina.core.StandardEngineValve.invoke(StandardEngineValve.java:74)
		at org.apache.catalina.connector.CoyoteAdapter.service(CoyoteAdapter.java:341)
		at org.apache.coyote.http11.Http11Processor.service(Http11Processor.java:390)
		at org.apache.coyote.AbstractProcessorLight.process(AbstractProcessorLight.java:63)
		at org.apache.coyote.AbstractProtocol$ConnectionHandler.process(AbstractProtocol.java:894)
		at org.apache.tomcat.util.net.NioEndpoint$SocketProcessor.doRun(NioEndpoint.java:1741)
		at org.apache.tomcat.util.net.SocketProcessorBase.run(SocketProcessorBase.java:52)
		at org.apache.tomcat.util.threads.ThreadPoolExecutor.runWorker(ThreadPoolExecutor.java:1191)
		at org.apache.tomcat.util.threads.ThreadPoolExecutor$Worker.run(ThreadPoolExecutor.java:659)
		at org.apache.tomcat.util.threads.TaskThread$WrappingRunnable.run(TaskThread.java:61)
		at java.base/java.lang.Thread.run(Thread.java:833)
01-Apr-2023 15:01:01.672 SEVERE [http-nio-8080-exec-8] org.apache.catalina.core.StandardWrapperValve.invoke Servlet.service() for servlet [Chess] in context with path [] threw exception
	java.lang.ArrayIndexOutOfBoundsException: Index 1 out of bounds for length 1
		at Main.doGet(Main.java:91)
		at jakarta.servlet.http.HttpServlet.service(HttpServlet.java:537)
		at jakarta.servlet.http.HttpServlet.service(HttpServlet.java:631)
		at org.apache.catalina.core.ApplicationFilterChain.internalDoFilter(ApplicationFilterChain.java:205)
		at org.apache.catalina.core.ApplicationFilterChain.doFilter(ApplicationFilterChain.java:149)
		at org.apache.tomcat.websocket.server.WsFilter.doFilter(WsFilter.java:53)
		at org.apache.catalina.core.ApplicationFilterChain.internalDoFilter(ApplicationFilterChain.java:174)
		at org.apache.catalina.core.ApplicationFilterChain.doFilter(ApplicationFilterChain.java:149)
		at org.apache.catalina.core.StandardWrapperValve.invoke(StandardWrapperValve.java:166)
		at org.apache.catalina.core.StandardContextValve.invoke(StandardContextValve.java:90)
		at org.apache.catalina.authenticator.AuthenticatorBase.invoke(AuthenticatorBase.java:493)
		at org.apache.catalina.core.StandardHostValve.invoke(StandardHostValve.java:115)
		at org.apache.catalina.valves.ErrorReportValve.invoke(ErrorReportValve.java:93)
		at org.apache.catalina.valves.AbstractAccessLogValve.invoke(AbstractAccessLogValve.java:676)
		at org.apache.catalina.core.StandardEngineValve.invoke(StandardEngineValve.java:74)
		at org.apache.catalina.connector.CoyoteAdapter.service(CoyoteAdapter.java:341)
		at org.apache.coyote.http11.Http11Processor.service(Http11Processor.java:390)
		at org.apache.coyote.AbstractProcessorLight.process(AbstractProcessorLight.java:63)
		at org.apache.coyote.AbstractProtocol$ConnectionHandler.process(AbstractProtocol.java:894)
		at org.apache.tomcat.util.net.NioEndpoint$SocketProcessor.doRun(NioEndpoint.java:1741)
		at org.apache.tomcat.util.net.SocketProcessorBase.run(SocketProcessorBase.java:52)
		at org.apache.tomcat.util.threads.ThreadPoolExecutor.runWorker(ThreadPoolExecutor.java:1191)
		at org.apache.tomcat.util.threads.ThreadPoolExecutor$Worker.run(ThreadPoolExecutor.java:659)
		at org.apache.tomcat.util.threads.TaskThread$WrappingRunnable.run(TaskThread.java:61)
		at java.base/java.lang.Thread.run(Thread.java:833)
01-Apr-2023 15:01:03.612 SEVERE [http-nio-8080-exec-9] org.apache.catalina.core.StandardWrapperValve.invoke Servlet.service() for servlet [Chess] in context with path [] threw exception
	java.lang.ArrayIndexOutOfBoundsException: Index 1 out of bounds for length 1
		at Main.doGet(Main.java:91)
		at jakarta.servlet.http.HttpServlet.service(HttpServlet.java:537)
		at jakarta.servlet.http.HttpServlet.service(HttpServlet.java:631)
		at org.apache.catalina.core.ApplicationFilterChain.internalDoFilter(ApplicationFilterChain.java:205)
		at org.apache.catalina.core.ApplicationFilterChain.doFilter(ApplicationFilterChain.java:149)
		at org.apache.tomcat.websocket.server.WsFilter.doFilter(WsFilter.java:53)
		at org.apache.catalina.core.ApplicationFilterChain.internalDoFilter(ApplicationFilterChain.java:174)
		at org.apache.catalina.core.ApplicationFilterChain.doFilter(ApplicationFilterChain.java:149)
		at org.apache.catalina.core.StandardWrapperValve.invoke(StandardWrapperValve.java:166)
		at org.apache.catalina.core.StandardContextValve.invoke(StandardContextValve.java:90)
		at org.apache.catalina.authenticator.AuthenticatorBase.invoke(AuthenticatorBase.java:493)
		at org.apache.catalina.core.StandardHostValve.invoke(StandardHostValve.java:115)
		at org.apache.catalina.valves.ErrorReportValve.invoke(ErrorReportValve.java:93)
		at org.apache.catalina.valves.AbstractAccessLogValve.invoke(AbstractAccessLogValve.java:676)
		at org.apache.catalina.core.StandardEngineValve.invoke(StandardEngineValve.java:74)
		at org.apache.catalina.connector.CoyoteAdapter.service(CoyoteAdapter.java:341)
		at org.apache.coyote.http11.Http11Processor.service(Http11Processor.java:390)
		at org.apache.coyote.AbstractProcessorLight.process(AbstractProcessorLight.java:63)
		at org.apache.coyote.AbstractProtocol$ConnectionHandler.process(AbstractProtocol.java:894)
		at org.apache.tomcat.util.net.NioEndpoint$SocketProcessor.doRun(NioEndpoint.java:1741)
		at org.apache.tomcat.util.net.SocketProcessorBase.run(SocketProcessorBase.java:52)
		at org.apache.tomcat.util.threads.ThreadPoolExecutor.runWorker(ThreadPoolExecutor.java:1191)
		at org.apache.tomcat.util.threads.ThreadPoolExecutor$Worker.run(ThreadPoolExecutor.java:659)
		at org.apache.tomcat.util.threads.TaskThread$WrappingRunnable.run(TaskThread.java:61)
		at java.base/java.lang.Thread.run(Thread.java:833)
01-Apr-2023 15:01:04.916 SEVERE [http-nio-8080-exec-10] org.apache.catalina.core.StandardWrapperValve.invoke Servlet.service() for servlet [Chess] in context with path [] threw exception
	java.lang.ArrayIndexOutOfBoundsException: Index 1 out of bounds for length 1
		at Main.doGet(Main.java:91)
		at jakarta.servlet.http.HttpServlet.service(HttpServlet.java:537)
		at jakarta.servlet.http.HttpServlet.service(HttpServlet.java:631)
		at org.apache.catalina.core.ApplicationFilterChain.internalDoFilter(ApplicationFilterChain.java:205)
		at org.apache.catalina.core.ApplicationFilterChain.doFilter(ApplicationFilterChain.java:149)
		at org.apache.tomcat.websocket.server.WsFilter.doFilter(WsFilter.java:53)
		at org.apache.catalina.core.ApplicationFilterChain.internalDoFilter(ApplicationFilterChain.java:174)
		at org.apache.catalina.core.ApplicationFilterChain.doFilter(ApplicationFilterChain.java:149)
		at org.apache.catalina.core.StandardWrapperValve.invoke(StandardWrapperValve.java:166)
		at org.apache.catalina.core.StandardContextValve.invoke(StandardContextValve.java:90)
		at org.apache.catalina.authenticator.AuthenticatorBase.invoke(AuthenticatorBase.java:493)
		at org.apache.catalina.core.StandardHostValve.invoke(StandardHostValve.java:115)
		at org.apache.catalina.valves.ErrorReportValve.invoke(ErrorReportValve.java:93)
		at org.apache.catalina.valves.AbstractAccessLogValve.invoke(AbstractAccessLogValve.java:676)
		at org.apache.catalina.core.StandardEngineValve.invoke(StandardEngineValve.java:74)
		at org.apache.catalina.connector.CoyoteAdapter.service(CoyoteAdapter.java:341)
		at org.apache.coyote.http11.Http11Processor.service(Http11Processor.java:390)
		at org.apache.coyote.AbstractProcessorLight.process(AbstractProcessorLight.java:63)
		at org.apache.coyote.AbstractProtocol$ConnectionHandler.process(AbstractProtocol.java:894)
		at org.apache.tomcat.util.net.NioEndpoint$SocketProcessor.doRun(NioEndpoint.java:1741)
		at org.apache.tomcat.util.net.SocketProcessorBase.run(SocketProcessorBase.java:52)
		at org.apache.tomcat.util.threads.ThreadPoolExecutor.runWorker(ThreadPoolExecutor.java:1191)
		at org.apache.tomcat.util.threads.ThreadPoolExecutor$Worker.run(ThreadPoolExecutor.java:659)
		at org.apache.tomcat.util.threads.TaskThread$WrappingRunnable.run(TaskThread.java:61)
		at java.base/java.lang.Thread.run(Thread.java:833)
01-Apr-2023 15:01:06.215 SEVERE [http-nio-8080-exec-1] org.apache.catalina.core.StandardWrapperValve.invoke Servlet.service() for servlet [Chess] in context with path [] threw exception
	java.lang.ArrayIndexOutOfBoundsException: Index 1 out of bounds for length 1
		at Main.doGet(Main.java:91)
		at jakarta.servlet.http.HttpServlet.service(HttpServlet.java:537)
		at jakarta.servlet.http.HttpServlet.service(HttpServlet.java:631)
		at org.apache.catalina.core.ApplicationFilterChain.internalDoFilter(ApplicationFilterChain.java:205)
		at org.apache.catalina.core.ApplicationFilterChain.doFilter(ApplicationFilterChain.java:149)
		at org.apache.tomcat.websocket.server.WsFilter.doFilter(WsFilter.java:53)
		at org.apache.catalina.core.ApplicationFilterChain.internalDoFilter(ApplicationFilterChain.java:174)
		at org.apache.catalina.core.ApplicationFilterChain.doFilter(ApplicationFilterChain.java:149)
		at org.apache.catalina.core.StandardWrapperValve.invoke(StandardWrapperValve.java:166)
		at org.apache.catalina.core.StandardContextValve.invoke(StandardContextValve.java:90)
		at org.apache.catalina.authenticator.AuthenticatorBase.invoke(AuthenticatorBase.java:493)
		at org.apache.catalina.core.StandardHostValve.invoke(StandardHostValve.java:115)
		at org.apache.catalina.valves.ErrorReportValve.invoke(ErrorReportValve.java:93)
		at org.apache.catalina.valves.AbstractAccessLogValve.invoke(AbstractAccessLogValve.java:676)
		at org.apache.catalina.core.StandardEngineValve.invoke(StandardEngineValve.java:74)
		at org.apache.catalina.connector.CoyoteAdapter.service(CoyoteAdapter.java:341)
		at org.apache.coyote.http11.Http11Processor.service(Http11Processor.java:390)
		at org.apache.coyote.AbstractProcessorLight.process(AbstractProcessorLight.java:63)
		at org.apache.coyote.AbstractProtocol$ConnectionHandler.process(AbstractProtocol.java:894)
		at org.apache.tomcat.util.net.NioEndpoint$SocketProcessor.doRun(NioEndpoint.java:1741)
		at org.apache.tomcat.util.net.SocketProcessorBase.run(SocketProcessorBase.java:52)
		at org.apache.tomcat.util.threads.ThreadPoolExecutor.runWorker(ThreadPoolExecutor.java:1191)
		at org.apache.tomcat.util.threads.ThreadPoolExecutor$Worker.run(ThreadPoolExecutor.java:659)
		at org.apache.tomcat.util.threads.TaskThread$WrappingRunnable.run(TaskThread.java:61)
		at java.base/java.lang.Thread.run(Thread.java:833)
01-Apr-2023 15:30:58.960 INFO [main] org.apache.catalina.core.ApplicationContext.log SessionListener: contextDestroyed()
01-Apr-2023 15:30:58.960 INFO [main] org.apache.catalina.core.ApplicationContext.log ContextListener: contextDestroyed()
01-Apr-2023 15:31:03.915 INFO [main] org.apache.catalina.core.ApplicationContext.log ContextListener: contextInitialized()
01-Apr-2023 15:31:03.916 INFO [main] org.apache.catalina.core.ApplicationContext.log SessionListener: contextInitialized()
01-Apr-2023 15:31:03.922 INFO [main] org.apache.catalina.core.ApplicationContext.log ContextListener: attributeAdded('StockTicker', 'async.Stockticker@2692b61e')
01-Apr-2023 15:33:29.743 INFO [main] org.apache.catalina.core.ApplicationContext.log SessionListener: contextDestroyed()
01-Apr-2023 15:33:29.744 INFO [main] org.apache.catalina.core.ApplicationContext.log ContextListener: contextDestroyed()
01-Apr-2023 15:33:33.191 INFO [main] org.apache.catalina.core.ApplicationContext.log ContextListener: contextInitialized()
01-Apr-2023 15:33:33.194 INFO [main] org.apache.catalina.core.ApplicationContext.log SessionListener: contextInitialized()
01-Apr-2023 15:33:33.195 INFO [main] org.apache.catalina.core.ApplicationContext.log ContextListener: attributeAdded('StockTicker', 'async.Stockticker@4d098f9b')
