12-May-2023 12:32:51.273 INFO [main] org.apache.catalina.core.ApplicationContext.log ContextListener: contextInitialized()
12-May-2023 12:32:51.274 INFO [main] org.apache.catalina.core.ApplicationContext.log SessionListener: contextInitialized()
12-May-2023 12:32:51.278 INFO [main] org.apache.catalina.core.ApplicationContext.log ContextListener: attributeAdded('StockTicker', 'async.Stockticker@b968a76')
12-May-2023 12:34:44.671 INFO [main] org.apache.catalina.core.ApplicationContext.log SessionListener: contextDestroyed()
12-May-2023 12:34:44.671 INFO [main] org.apache.catalina.core.ApplicationContext.log ContextListener: contextDestroyed()
12-May-2023 12:34:49.031 INFO [main] org.apache.catalina.core.ApplicationContext.log ContextListener: contextInitialized()
12-May-2023 12:34:49.032 INFO [main] org.apache.catalina.core.ApplicationContext.log SessionListener: contextInitialized()
12-May-2023 12:34:49.034 INFO [main] org.apache.catalina.core.ApplicationContext.log ContextListener: attributeAdded('StockTicker', 'async.Stockticker@73ff4fae')
12-May-2023 12:37:51.167 INFO [main] org.apache.catalina.core.ApplicationContext.log SessionListener: contextDestroyed()
12-May-2023 12:37:51.170 INFO [main] org.apache.catalina.core.ApplicationContext.log ContextListener: contextDestroyed()
12-May-2023 12:37:55.341 INFO [main] org.apache.catalina.core.ApplicationContext.log ContextListener: contextInitialized()
12-May-2023 12:37:55.342 INFO [main] org.apache.catalina.core.ApplicationContext.log SessionListener: contextInitialized()
12-May-2023 12:37:55.345 INFO [main] org.apache.catalina.core.ApplicationContext.log ContextListener: attributeAdded('StockTicker', 'async.Stockticker@7fc44dec')
12-May-2023 13:05:04.191 INFO [main] org.apache.catalina.core.ApplicationContext.log SessionListener: contextDestroyed()
12-May-2023 13:05:04.191 INFO [main] org.apache.catalina.core.ApplicationContext.log ContextListener: contextDestroyed()
12-May-2023 13:05:08.625 INFO [main] org.apache.catalina.core.ApplicationContext.log ContextListener: contextInitialized()
12-May-2023 13:05:08.629 INFO [main] org.apache.catalina.core.ApplicationContext.log SessionListener: contextInitialized()
12-May-2023 13:05:08.632 INFO [main] org.apache.catalina.core.ApplicationContext.log ContextListener: attributeAdded('StockTicker', 'async.Stockticker@55e8ec2f')
12-May-2023 13:09:17.697 INFO [main] org.apache.catalina.core.ApplicationContext.log SessionListener: contextDestroyed()
12-May-2023 13:09:17.697 INFO [main] org.apache.catalina.core.ApplicationContext.log ContextListener: contextDestroyed()
12-May-2023 13:09:22.700 INFO [main] org.apache.catalina.core.ApplicationContext.log ContextListener: contextInitialized()
12-May-2023 13:09:22.705 INFO [main] org.apache.catalina.core.ApplicationContext.log SessionListener: contextInitialized()
12-May-2023 13:09:22.707 INFO [main] org.apache.catalina.core.ApplicationContext.log ContextListener: attributeAdded('StockTicker', 'async.Stockticker@b968a76')
12-May-2023 13:13:20.374 INFO [main] org.apache.catalina.core.ApplicationContext.log SessionListener: contextDestroyed()
12-May-2023 13:13:20.374 INFO [main] org.apache.catalina.core.ApplicationContext.log ContextListener: contextDestroyed()
12-May-2023 13:13:23.854 INFO [main] org.apache.catalina.core.ApplicationContext.log ContextListener: contextInitialized()
12-May-2023 13:13:23.872 INFO [main] org.apache.catalina.core.ApplicationContext.log SessionListener: contextInitialized()
12-May-2023 13:13:23.874 INFO [main] org.apache.catalina.core.ApplicationContext.log ContextListener: attributeAdded('StockTicker', 'async.Stockticker@36676c1a')
12-May-2023 13:15:12.890 INFO [main] org.apache.catalina.core.ApplicationContext.log SessionListener: contextDestroyed()
12-May-2023 13:15:12.890 INFO [main] org.apache.catalina.core.ApplicationContext.log ContextListener: contextDestroyed()
12-May-2023 13:15:17.247 INFO [main] org.apache.catalina.core.ApplicationContext.log ContextListener: contextInitialized()
12-May-2023 13:15:17.248 INFO [main] org.apache.catalina.core.ApplicationContext.log SessionListener: contextInitialized()
12-May-2023 13:15:17.251 INFO [main] org.apache.catalina.core.ApplicationContext.log ContextListener: attributeAdded('StockTicker', 'async.Stockticker@55e8ec2f')
12-May-2023 13:18:57.471 INFO [main] org.apache.catalina.core.ApplicationContext.log SessionListener: contextDestroyed()
12-May-2023 13:18:57.471 INFO [main] org.apache.catalina.core.ApplicationContext.log ContextListener: contextDestroyed()
12-May-2023 13:19:01.149 INFO [main] org.apache.catalina.core.ApplicationContext.log ContextListener: contextInitialized()
12-May-2023 13:19:01.155 INFO [main] org.apache.catalina.core.ApplicationContext.log SessionListener: contextInitialized()
12-May-2023 13:19:01.156 INFO [main] org.apache.catalina.core.ApplicationContext.log ContextListener: attributeAdded('StockTicker', 'async.Stockticker@2dbf4cbd')
12-May-2023 13:21:03.361 INFO [main] org.apache.catalina.core.ApplicationContext.log SessionListener: contextDestroyed()
12-May-2023 13:21:03.362 INFO [main] org.apache.catalina.core.ApplicationContext.log ContextListener: contextDestroyed()
12-May-2023 13:21:06.160 INFO [main] org.apache.catalina.core.ApplicationContext.log ContextListener: contextInitialized()
12-May-2023 13:21:06.161 INFO [main] org.apache.catalina.core.ApplicationContext.log SessionListener: contextInitialized()
12-May-2023 13:21:06.163 INFO [main] org.apache.catalina.core.ApplicationContext.log ContextListener: attributeAdded('StockTicker', 'async.Stockticker@36676c1a')
12-May-2023 13:24:20.448 INFO [main] org.apache.catalina.core.ApplicationContext.log SessionListener: contextDestroyed()
12-May-2023 13:24:20.448 INFO [main] org.apache.catalina.core.ApplicationContext.log ContextListener: contextDestroyed()
12-May-2023 13:24:24.983 INFO [main] org.apache.catalina.core.ApplicationContext.log ContextListener: contextInitialized()
12-May-2023 13:24:24.983 INFO [main] org.apache.catalina.core.ApplicationContext.log SessionListener: contextInitialized()
12-May-2023 13:24:24.986 INFO [main] org.apache.catalina.core.ApplicationContext.log ContextListener: attributeAdded('StockTicker', 'async.Stockticker@73ff4fae')
