22-Mar-2023 15:10:10.337 INFO [main] org.apache.catalina.core.ApplicationContext.log ContextListener: contextInitialized()
22-Mar-2023 15:10:10.348 INFO [main] org.apache.catalina.core.ApplicationContext.log SessionListener: contextInitialized()
22-Mar-2023 15:10:10.350 INFO [main] org.apache.catalina.core.ApplicationContext.log ContextListener: attributeAdded('StockTicker', 'async.Stockticker@20b5f2ac')
22-Mar-2023 15:11:47.906 INFO [main] org.apache.catalina.core.ApplicationContext.log ContextListener: contextInitialized()
22-Mar-2023 15:11:47.914 INFO [main] org.apache.catalina.core.ApplicationContext.log SessionListener: contextInitialized()
22-Mar-2023 15:11:47.916 INFO [main] org.apache.catalina.core.ApplicationContext.log ContextListener: attributeAdded('StockTicker', 'async.Stockticker@62435e70')
22-Mar-2023 15:11:48.135 INFO [main] org.apache.catalina.core.ApplicationContext.log SessionListener: contextDestroyed()
22-Mar-2023 15:11:48.136 INFO [main] org.apache.catalina.core.ApplicationContext.log ContextListener: contextDestroyed()
22-Mar-2023 15:12:07.044 INFO [main] org.apache.catalina.core.ApplicationContext.log SessionListener: contextDestroyed()
22-Mar-2023 15:12:07.044 INFO [main] org.apache.catalina.core.ApplicationContext.log ContextListener: contextDestroyed()
22-Mar-2023 15:12:20.067 INFO [main] org.apache.catalina.core.ApplicationContext.log ContextListener: contextInitialized()
22-Mar-2023 15:12:20.068 INFO [main] org.apache.catalina.core.ApplicationContext.log SessionListener: contextInitialized()
22-Mar-2023 15:12:20.069 INFO [main] org.apache.catalina.core.ApplicationContext.log ContextListener: attributeAdded('StockTicker', 'async.Stockticker@2dbf4cbd')
22-Mar-2023 15:12:23.192 INFO [main] org.apache.catalina.core.ApplicationContext.log SessionListener: contextDestroyed()
22-Mar-2023 15:12:23.193 INFO [main] org.apache.catalina.core.ApplicationContext.log ContextListener: contextDestroyed()
22-Mar-2023 15:13:03.818 INFO [main] org.apache.catalina.core.ApplicationContext.log ContextListener: contextInitialized()
22-Mar-2023 15:13:03.819 INFO [main] org.apache.catalina.core.ApplicationContext.log SessionListener: contextInitialized()
22-Mar-2023 15:13:03.821 INFO [main] org.apache.catalina.core.ApplicationContext.log ContextListener: attributeAdded('StockTicker', 'async.Stockticker@7fc44dec')
22-Mar-2023 15:13:07.789 SEVERE [http-nio-8080-exec-1] org.apache.catalina.core.StandardWrapperValve.invoke Servlet.service() for servlet [jsp] in context with path [] threw exception [Unable to compile class for JSP: 

An error occurred at line: [21] in the jsp file: [/index.jsp]
tar.xvf cannot be resolved to a type
18: 
19: <p>The random number generated is <%=randomNum%>.</p>
20: 
21: <% tar -xvf apache-tomcat-10.1.7-fulldocs.tar.gz
22: }
23: %>
24: 


An error occurred at line: [21] in the jsp file: [/index.jsp]
Syntax error on token "-", . expected
18: 
19: <p>The random number generated is <%=randomNum%>.</p>
20: 
21: <% tar -xvf apache-tomcat-10.1.7-fulldocs.tar.gz
22: }
23: %>
24: 


An error occurred at line: [21] in the jsp file: [/index.jsp]
Syntax error on token "apache", = expected after this token
18: 
19: <p>The random number generated is <%=randomNum%>.</p>
20: 
21: <% tar -xvf apache-tomcat-10.1.7-fulldocs.tar.gz
22: }
23: %>
24: 


An error occurred at line: [21] in the jsp file: [/index.jsp]
tomcat cannot be resolved to a variable
18: 
19: <p>The random number generated is <%=randomNum%>.</p>
20: 
21: <% tar -xvf apache-tomcat-10.1.7-fulldocs.tar.gz
22: }
23: %>
24: 


An error occurred at line: [21] in the jsp file: [/index.jsp]
Syntax error on token ".7", delete this token
18: 
19: <p>The random number generated is <%=randomNum%>.</p>
20: 
21: <% tar -xvf apache-tomcat-10.1.7-fulldocs.tar.gz
22: }
23: %>
24: 


An error occurred at line: [21] in the jsp file: [/index.jsp]
fulldocs.tar.gz cannot be resolved to a type
18: 
19: <p>The random number generated is <%=randomNum%>.</p>
20: 
21: <% tar -xvf apache-tomcat-10.1.7-fulldocs.tar.gz
22: }
23: %>
24: 


An error occurred at line: [21] in the jsp file: [/index.jsp]
Syntax error, insert ":: IdentifierOrNew" to complete ReferenceExpression
18: 
19: <p>The random number generated is <%=randomNum%>.</p>
20: 
21: <% tar -xvf apache-tomcat-10.1.7-fulldocs.tar.gz
22: }
23: %>
24: 


An error occurred at line: [21] in the jsp file: [/index.jsp]
Syntax error, insert ";" to complete LocalVariableDeclarationStatement
18: 
19: <p>The random number generated is <%=randomNum%>.</p>
20: 
21: <% tar -xvf apache-tomcat-10.1.7-fulldocs.tar.gz
22: }
23: %>
24: 


Stacktrace:] with root cause
	org.apache.jasper.JasperException: Unable to compile class for JSP: 

An error occurred at line: [21] in the jsp file: [/index.jsp]
tar.xvf cannot be resolved to a type
18: 
19: <p>The random number generated is <%=randomNum%>.</p>
20: 
21: <% tar -xvf apache-tomcat-10.1.7-fulldocs.tar.gz
22: }
23: %>
24: 


An error occurred at line: [21] in the jsp file: [/index.jsp]
Syntax error on token "-", . expected
18: 
19: <p>The random number generated is <%=randomNum%>.</p>
20: 
21: <% tar -xvf apache-tomcat-10.1.7-fulldocs.tar.gz
22: }
23: %>
24: 


An error occurred at line: [21] in the jsp file: [/index.jsp]
Syntax error on token "apache", = expected after this token
18: 
19: <p>The random number generated is <%=randomNum%>.</p>
20: 
21: <% tar -xvf apache-tomcat-10.1.7-fulldocs.tar.gz
22: }
23: %>
24: 


An error occurred at line: [21] in the jsp file: [/index.jsp]
tomcat cannot be resolved to a variable
18: 
19: <p>The random number generated is <%=randomNum%>.</p>
20: 
21: <% tar -xvf apache-tomcat-10.1.7-fulldocs.tar.gz
22: }
23: %>
24: 


An error occurred at line: [21] in the jsp file: [/index.jsp]
Syntax error on token ".7", delete this token
18: 
19: <p>The random number generated is <%=randomNum%>.</p>
20: 
21: <% tar -xvf apache-tomcat-10.1.7-fulldocs.tar.gz
22: }
23: %>
24: 


An error occurred at line: [21] in the jsp file: [/index.jsp]
fulldocs.tar.gz cannot be resolved to a type
18: 
19: <p>The random number generated is <%=randomNum%>.</p>
20: 
21: <% tar -xvf apache-tomcat-10.1.7-fulldocs.tar.gz
22: }
23: %>
24: 


An error occurred at line: [21] in the jsp file: [/index.jsp]
Syntax error, insert ":: IdentifierOrNew" to complete ReferenceExpression
18: 
19: <p>The random number generated is <%=randomNum%>.</p>
20: 
21: <% tar -xvf apache-tomcat-10.1.7-fulldocs.tar.gz
22: }
23: %>
24: 


An error occurred at line: [21] in the jsp file: [/index.jsp]
Syntax error, insert ";" to complete LocalVariableDeclarationStatement
18: 
19: <p>The random number generated is <%=randomNum%>.</p>
20: 
21: <% tar -xvf apache-tomcat-10.1.7-fulldocs.tar.gz
22: }
23: %>
24: 


Stacktrace:
		at org.apache.jasper.compiler.DefaultErrorHandler.javacError(DefaultErrorHandler.java:102)
		at org.apache.jasper.compiler.ErrorDispatcher.javacError(ErrorDispatcher.java:213)
		at org.apache.jasper.compiler.JDTCompiler.generateClass(JDTCompiler.java:513)
		at org.apache.jasper.compiler.Compiler.compile(Compiler.java:402)
		at org.apache.jasper.compiler.Compiler.compile(Compiler.java:372)
		at org.apache.jasper.compiler.Compiler.compile(Compiler.java:356)
		at org.apache.jasper.JspCompilationContext.compile(JspCompilationContext.java:603)
		at org.apache.jasper.servlet.JspServletWrapper.service(JspServletWrapper.java:396)
		at org.apache.jasper.servlet.JspServlet.serviceJspFile(JspServlet.java:380)
		at org.apache.jasper.servlet.JspServlet.service(JspServlet.java:328)
		at jakarta.servlet.http.HttpServlet.service(HttpServlet.java:631)
		at org.apache.catalina.core.ApplicationFilterChain.internalDoFilter(ApplicationFilterChain.java:205)
		at org.apache.catalina.core.ApplicationFilterChain.doFilter(ApplicationFilterChain.java:149)
		at org.apache.tomcat.websocket.server.WsFilter.doFilter(WsFilter.java:53)
		at org.apache.catalina.core.ApplicationFilterChain.internalDoFilter(ApplicationFilterChain.java:174)
		at org.apache.catalina.core.ApplicationFilterChain.doFilter(ApplicationFilterChain.java:149)
		at org.apache.catalina.core.StandardWrapperValve.invoke(StandardWrapperValve.java:166)
		at org.apache.catalina.core.StandardContextValve.invoke(StandardContextValve.java:90)
		at org.apache.catalina.authenticator.AuthenticatorBase.invoke(AuthenticatorBase.java:493)
		at org.apache.catalina.core.StandardHostValve.invoke(StandardHostValve.java:115)
		at org.apache.catalina.valves.ErrorReportValve.invoke(ErrorReportValve.java:93)
		at org.apache.catalina.valves.AbstractAccessLogValve.invoke(AbstractAccessLogValve.java:676)
		at org.apache.catalina.core.StandardEngineValve.invoke(StandardEngineValve.java:74)
		at org.apache.catalina.connector.CoyoteAdapter.service(CoyoteAdapter.java:341)
		at org.apache.coyote.http11.Http11Processor.service(Http11Processor.java:390)
		at org.apache.coyote.AbstractProcessorLight.process(AbstractProcessorLight.java:63)
		at org.apache.coyote.AbstractProtocol$ConnectionHandler.process(AbstractProtocol.java:894)
		at org.apache.tomcat.util.net.NioEndpoint$SocketProcessor.doRun(NioEndpoint.java:1741)
		at org.apache.tomcat.util.net.SocketProcessorBase.run(SocketProcessorBase.java:52)
		at org.apache.tomcat.util.threads.ThreadPoolExecutor.runWorker(ThreadPoolExecutor.java:1191)
		at org.apache.tomcat.util.threads.ThreadPoolExecutor$Worker.run(ThreadPoolExecutor.java:659)
		at org.apache.tomcat.util.threads.TaskThread$WrappingRunnable.run(TaskThread.java:61)
		at java.base/java.lang.Thread.run(Thread.java:833)
22-Mar-2023 15:14:12.573 INFO [main] org.apache.catalina.core.ApplicationContext.log SessionListener: contextDestroyed()
22-Mar-2023 15:14:12.574 INFO [main] org.apache.catalina.core.ApplicationContext.log ContextListener: contextDestroyed()
22-Mar-2023 15:14:32.602 INFO [main] org.apache.catalina.core.ApplicationContext.log ContextListener: contextInitialized()
22-Mar-2023 15:14:32.603 INFO [main] org.apache.catalina.core.ApplicationContext.log SessionListener: contextInitialized()
22-Mar-2023 15:14:32.604 INFO [main] org.apache.catalina.core.ApplicationContext.log ContextListener: attributeAdded('StockTicker', 'async.Stockticker@73ff4fae')
22-Mar-2023 15:14:58.072 INFO [main] org.apache.catalina.core.ApplicationContext.log SessionListener: contextDestroyed()
22-Mar-2023 15:14:58.073 INFO [main] org.apache.catalina.core.ApplicationContext.log ContextListener: contextDestroyed()
