18-May-2023 14:06:16.311 INFO [main] org.apache.catalina.core.ApplicationContext.log ContextListener: contextInitialized()
18-May-2023 14:06:16.312 INFO [main] org.apache.catalina.core.ApplicationContext.log SessionListener: contextInitialized()
18-May-2023 14:06:16.316 INFO [main] org.apache.catalina.core.ApplicationContext.log ContextListener: attributeAdded('StockTicker', 'async.Stockticker@a5b0b86')
18-May-2023 14:11:51.403 INFO [main] org.apache.catalina.core.ApplicationContext.log SessionListener: contextDestroyed()
18-May-2023 14:11:51.404 INFO [main] org.apache.catalina.core.ApplicationContext.log ContextListener: contextDestroyed()
18-May-2023 14:11:55.710 INFO [main] org.apache.catalina.core.ApplicationContext.log ContextListener: contextInitialized()
18-May-2023 14:11:55.720 INFO [main] org.apache.catalina.core.ApplicationContext.log SessionListener: contextInitialized()
18-May-2023 14:11:55.728 INFO [main] org.apache.catalina.core.ApplicationContext.log ContextListener: attributeAdded('StockTicker', 'async.Stockticker@36676c1a')
18-May-2023 15:01:35.425 INFO [main] org.apache.catalina.core.ApplicationContext.log SessionListener: contextDestroyed()
18-May-2023 15:01:35.425 INFO [main] org.apache.catalina.core.ApplicationContext.log ContextListener: contextDestroyed()
18-May-2023 15:02:34.275 INFO [main] org.apache.catalina.core.ApplicationContext.log ContextListener: contextInitialized()
18-May-2023 15:02:34.278 INFO [main] org.apache.catalina.core.ApplicationContext.log SessionListener: contextInitialized()
18-May-2023 15:02:34.280 INFO [main] org.apache.catalina.core.ApplicationContext.log ContextListener: attributeAdded('StockTicker', 'async.Stockticker@62fad19')
18-May-2023 15:06:35.914 SEVERE [http-nio-8080-exec-3] org.apache.catalina.core.StandardWrapperValve.invoke Servlet.service() for servlet [Chess] in context with path [] threw exception
	java.lang.ArrayIndexOutOfBoundsException: Index -1 out of bounds for length 8
		at Main.checkForCheckW(Main.java:410)
		at Main.doGet(Main.java:548)
		at jakarta.servlet.http.HttpServlet.service(HttpServlet.java:537)
		at jakarta.servlet.http.HttpServlet.service(HttpServlet.java:631)
		at org.apache.catalina.core.ApplicationFilterChain.internalDoFilter(ApplicationFilterChain.java:205)
		at org.apache.catalina.core.ApplicationFilterChain.doFilter(ApplicationFilterChain.java:149)
		at org.apache.tomcat.websocket.server.WsFilter.doFilter(WsFilter.java:53)
		at org.apache.catalina.core.ApplicationFilterChain.internalDoFilter(ApplicationFilterChain.java:174)
		at org.apache.catalina.core.ApplicationFilterChain.doFilter(ApplicationFilterChain.java:149)
		at org.apache.catalina.core.StandardWrapperValve.invoke(StandardWrapperValve.java:166)
		at org.apache.catalina.core.StandardContextValve.invoke(StandardContextValve.java:90)
		at org.apache.catalina.authenticator.AuthenticatorBase.invoke(AuthenticatorBase.java:493)
		at org.apache.catalina.core.StandardHostValve.invoke(StandardHostValve.java:115)
		at org.apache.catalina.valves.ErrorReportValve.invoke(ErrorReportValve.java:93)
		at org.apache.catalina.valves.AbstractAccessLogValve.invoke(AbstractAccessLogValve.java:676)
		at org.apache.catalina.core.StandardEngineValve.invoke(StandardEngineValve.java:74)
		at org.apache.catalina.connector.CoyoteAdapter.service(CoyoteAdapter.java:341)
		at org.apache.coyote.http11.Http11Processor.service(Http11Processor.java:390)
		at org.apache.coyote.AbstractProcessorLight.process(AbstractProcessorLight.java:63)
		at org.apache.coyote.AbstractProtocol$ConnectionHandler.process(AbstractProtocol.java:894)
		at org.apache.tomcat.util.net.NioEndpoint$SocketProcessor.doRun(NioEndpoint.java:1741)
		at org.apache.tomcat.util.net.SocketProcessorBase.run(SocketProcessorBase.java:52)
		at org.apache.tomcat.util.threads.ThreadPoolExecutor.runWorker(ThreadPoolExecutor.java:1191)
		at org.apache.tomcat.util.threads.ThreadPoolExecutor$Worker.run(ThreadPoolExecutor.java:659)
		at org.apache.tomcat.util.threads.TaskThread$WrappingRunnable.run(TaskThread.java:61)
		at java.base/java.lang.Thread.run(Thread.java:833)
18-May-2023 15:06:50.462 INFO [main] org.apache.catalina.core.ApplicationContext.log SessionListener: contextDestroyed()
18-May-2023 15:06:50.462 INFO [main] org.apache.catalina.core.ApplicationContext.log ContextListener: contextDestroyed()
18-May-2023 15:07:01.343 INFO [main] org.apache.catalina.core.ApplicationContext.log ContextListener: contextInitialized()
18-May-2023 15:07:01.344 INFO [main] org.apache.catalina.core.ApplicationContext.log SessionListener: contextInitialized()
18-May-2023 15:07:01.347 INFO [main] org.apache.catalina.core.ApplicationContext.log ContextListener: attributeAdded('StockTicker', 'async.Stockticker@40e10ff8')
18-May-2023 15:07:12.879 SEVERE [http-nio-8080-exec-3] org.apache.catalina.core.StandardWrapperValve.invoke Servlet.service() for servlet [Chess] in context with path [] threw exception
	java.lang.ArrayIndexOutOfBoundsException: Index -1 out of bounds for length 8
		at Main.checkForCheckW(Main.java:410)
		at Main.doGet(Main.java:548)
		at jakarta.servlet.http.HttpServlet.service(HttpServlet.java:537)
		at jakarta.servlet.http.HttpServlet.service(HttpServlet.java:631)
		at org.apache.catalina.core.ApplicationFilterChain.internalDoFilter(ApplicationFilterChain.java:205)
		at org.apache.catalina.core.ApplicationFilterChain.doFilter(ApplicationFilterChain.java:149)
		at org.apache.tomcat.websocket.server.WsFilter.doFilter(WsFilter.java:53)
		at org.apache.catalina.core.ApplicationFilterChain.internalDoFilter(ApplicationFilterChain.java:174)
		at org.apache.catalina.core.ApplicationFilterChain.doFilter(ApplicationFilterChain.java:149)
		at org.apache.catalina.core.StandardWrapperValve.invoke(StandardWrapperValve.java:166)
		at org.apache.catalina.core.StandardContextValve.invoke(StandardContextValve.java:90)
		at org.apache.catalina.authenticator.AuthenticatorBase.invoke(AuthenticatorBase.java:493)
		at org.apache.catalina.core.StandardHostValve.invoke(StandardHostValve.java:115)
		at org.apache.catalina.valves.ErrorReportValve.invoke(ErrorReportValve.java:93)
		at org.apache.catalina.valves.AbstractAccessLogValve.invoke(AbstractAccessLogValve.java:676)
		at org.apache.catalina.core.StandardEngineValve.invoke(StandardEngineValve.java:74)
		at org.apache.catalina.connector.CoyoteAdapter.service(CoyoteAdapter.java:341)
		at org.apache.coyote.http11.Http11Processor.service(Http11Processor.java:390)
		at org.apache.coyote.AbstractProcessorLight.process(AbstractProcessorLight.java:63)
		at org.apache.coyote.AbstractProtocol$ConnectionHandler.process(AbstractProtocol.java:894)
		at org.apache.tomcat.util.net.NioEndpoint$SocketProcessor.doRun(NioEndpoint.java:1741)
		at org.apache.tomcat.util.net.SocketProcessorBase.run(SocketProcessorBase.java:52)
		at org.apache.tomcat.util.threads.ThreadPoolExecutor.runWorker(ThreadPoolExecutor.java:1191)
		at org.apache.tomcat.util.threads.ThreadPoolExecutor$Worker.run(ThreadPoolExecutor.java:659)
		at org.apache.tomcat.util.threads.TaskThread$WrappingRunnable.run(TaskThread.java:61)
		at java.base/java.lang.Thread.run(Thread.java:833)
18-May-2023 15:08:17.043 INFO [main] org.apache.catalina.core.ApplicationContext.log SessionListener: contextDestroyed()
18-May-2023 15:08:17.043 INFO [main] org.apache.catalina.core.ApplicationContext.log ContextListener: contextDestroyed()
18-May-2023 15:08:41.427 INFO [main] org.apache.catalina.core.ApplicationContext.log ContextListener: contextInitialized()
18-May-2023 15:08:41.440 INFO [main] org.apache.catalina.core.ApplicationContext.log SessionListener: contextInitialized()
18-May-2023 15:08:41.444 INFO [main] org.apache.catalina.core.ApplicationContext.log ContextListener: attributeAdded('StockTicker', 'async.Stockticker@36676c1a')
18-May-2023 15:08:55.803 SEVERE [http-nio-8080-exec-3] org.apache.catalina.core.StandardWrapperValve.invoke Servlet.service() for servlet [Chess] in context with path [] threw exception
	java.lang.ArrayIndexOutOfBoundsException: Index -1 out of bounds for length 8
		at Main.checkForCheckW(Main.java:410)
		at Main.doGet(Main.java:548)
		at jakarta.servlet.http.HttpServlet.service(HttpServlet.java:537)
		at jakarta.servlet.http.HttpServlet.service(HttpServlet.java:631)
		at org.apache.catalina.core.ApplicationFilterChain.internalDoFilter(ApplicationFilterChain.java:205)
		at org.apache.catalina.core.ApplicationFilterChain.doFilter(ApplicationFilterChain.java:149)
		at org.apache.tomcat.websocket.server.WsFilter.doFilter(WsFilter.java:53)
		at org.apache.catalina.core.ApplicationFilterChain.internalDoFilter(ApplicationFilterChain.java:174)
		at org.apache.catalina.core.ApplicationFilterChain.doFilter(ApplicationFilterChain.java:149)
		at org.apache.catalina.core.StandardWrapperValve.invoke(StandardWrapperValve.java:166)
		at org.apache.catalina.core.StandardContextValve.invoke(StandardContextValve.java:90)
		at org.apache.catalina.authenticator.AuthenticatorBase.invoke(AuthenticatorBase.java:493)
		at org.apache.catalina.core.StandardHostValve.invoke(StandardHostValve.java:115)
		at org.apache.catalina.valves.ErrorReportValve.invoke(ErrorReportValve.java:93)
		at org.apache.catalina.valves.AbstractAccessLogValve.invoke(AbstractAccessLogValve.java:676)
		at org.apache.catalina.core.StandardEngineValve.invoke(StandardEngineValve.java:74)
		at org.apache.catalina.connector.CoyoteAdapter.service(CoyoteAdapter.java:341)
		at org.apache.coyote.http11.Http11Processor.service(Http11Processor.java:390)
		at org.apache.coyote.AbstractProcessorLight.process(AbstractProcessorLight.java:63)
		at org.apache.coyote.AbstractProtocol$ConnectionHandler.process(AbstractProtocol.java:894)
		at org.apache.tomcat.util.net.NioEndpoint$SocketProcessor.doRun(NioEndpoint.java:1741)
		at org.apache.tomcat.util.net.SocketProcessorBase.run(SocketProcessorBase.java:52)
		at org.apache.tomcat.util.threads.ThreadPoolExecutor.runWorker(ThreadPoolExecutor.java:1191)
		at org.apache.tomcat.util.threads.ThreadPoolExecutor$Worker.run(ThreadPoolExecutor.java:659)
		at org.apache.tomcat.util.threads.TaskThread$WrappingRunnable.run(TaskThread.java:61)
		at java.base/java.lang.Thread.run(Thread.java:833)
18-May-2023 15:10:03.172 INFO [main] org.apache.catalina.core.ApplicationContext.log SessionListener: contextDestroyed()
18-May-2023 15:10:03.172 INFO [main] org.apache.catalina.core.ApplicationContext.log ContextListener: contextDestroyed()
18-May-2023 15:10:08.142 INFO [main] org.apache.catalina.core.ApplicationContext.log ContextListener: contextInitialized()
18-May-2023 15:10:08.145 INFO [main] org.apache.catalina.core.ApplicationContext.log SessionListener: contextInitialized()
18-May-2023 15:10:08.147 INFO [main] org.apache.catalina.core.ApplicationContext.log ContextListener: attributeAdded('StockTicker', 'async.Stockticker@36676c1a')
18-May-2023 15:28:34.510 INFO [main] org.apache.catalina.core.ApplicationContext.log SessionListener: contextDestroyed()
18-May-2023 15:28:34.510 INFO [main] org.apache.catalina.core.ApplicationContext.log ContextListener: contextDestroyed()
18-May-2023 15:28:40.087 INFO [main] org.apache.catalina.core.ApplicationContext.log ContextListener: contextInitialized()
18-May-2023 15:28:40.087 INFO [main] org.apache.catalina.core.ApplicationContext.log SessionListener: contextInitialized()
18-May-2023 15:28:40.089 INFO [main] org.apache.catalina.core.ApplicationContext.log ContextListener: attributeAdded('StockTicker', 'async.Stockticker@36676c1a')
18-May-2023 15:30:27.841 INFO [main] org.apache.catalina.core.ApplicationContext.log SessionListener: contextDestroyed()
18-May-2023 15:30:27.841 INFO [main] org.apache.catalina.core.ApplicationContext.log ContextListener: contextDestroyed()
18-May-2023 15:30:32.419 INFO [main] org.apache.catalina.core.ApplicationContext.log ContextListener: contextInitialized()
18-May-2023 15:30:32.419 INFO [main] org.apache.catalina.core.ApplicationContext.log SessionListener: contextInitialized()
18-May-2023 15:30:32.422 INFO [main] org.apache.catalina.core.ApplicationContext.log ContextListener: attributeAdded('StockTicker', 'async.Stockticker@5b408dc3')
18-May-2023 15:31:38.559 INFO [main] org.apache.catalina.core.ApplicationContext.log SessionListener: contextDestroyed()
18-May-2023 15:31:38.559 INFO [main] org.apache.catalina.core.ApplicationContext.log ContextListener: contextDestroyed()
18-May-2023 15:31:43.856 INFO [main] org.apache.catalina.core.ApplicationContext.log ContextListener: contextInitialized()
18-May-2023 15:31:43.859 INFO [main] org.apache.catalina.core.ApplicationContext.log SessionListener: contextInitialized()
18-May-2023 15:31:43.861 INFO [main] org.apache.catalina.core.ApplicationContext.log ContextListener: attributeAdded('StockTicker', 'async.Stockticker@293d0107')
18-May-2023 15:32:47.998 INFO [main] org.apache.catalina.core.ApplicationContext.log SessionListener: contextDestroyed()
18-May-2023 15:32:48.001 INFO [main] org.apache.catalina.core.ApplicationContext.log ContextListener: contextDestroyed()
18-May-2023 15:32:53.271 INFO [main] org.apache.catalina.core.ApplicationContext.log ContextListener: contextInitialized()
18-May-2023 15:32:53.271 INFO [main] org.apache.catalina.core.ApplicationContext.log SessionListener: contextInitialized()
18-May-2023 15:32:53.299 INFO [main] org.apache.catalina.core.ApplicationContext.log ContextListener: attributeAdded('StockTicker', 'async.Stockticker@36676c1a')
18-May-2023 15:34:09.861 INFO [main] org.apache.catalina.core.ApplicationContext.log SessionListener: contextDestroyed()
18-May-2023 15:34:09.861 INFO [main] org.apache.catalina.core.ApplicationContext.log ContextListener: contextDestroyed()
18-May-2023 15:34:15.194 INFO [main] org.apache.catalina.core.ApplicationContext.log ContextListener: contextInitialized()
18-May-2023 15:34:15.195 INFO [main] org.apache.catalina.core.ApplicationContext.log SessionListener: contextInitialized()
18-May-2023 15:34:15.198 INFO [main] org.apache.catalina.core.ApplicationContext.log ContextListener: attributeAdded('StockTicker', 'async.Stockticker@4d098f9b')
18-May-2023 15:34:27.908 INFO [main] org.apache.catalina.core.ApplicationContext.log SessionListener: contextDestroyed()
18-May-2023 15:34:27.908 INFO [main] org.apache.catalina.core.ApplicationContext.log ContextListener: contextDestroyed()
18-May-2023 15:34:32.284 INFO [main] org.apache.catalina.core.ApplicationContext.log ContextListener: contextInitialized()
18-May-2023 15:34:32.286 INFO [main] org.apache.catalina.core.ApplicationContext.log SessionListener: contextInitialized()
18-May-2023 15:34:32.287 INFO [main] org.apache.catalina.core.ApplicationContext.log ContextListener: attributeAdded('StockTicker', 'async.Stockticker@55e8ec2f')
