17-May-2023 09:29:51.852 INFO [main] org.apache.catalina.core.ApplicationContext.log ContextListener: contextInitialized()
17-May-2023 09:29:51.857 INFO [main] org.apache.catalina.core.ApplicationContext.log SessionListener: contextInitialized()
17-May-2023 09:29:51.859 INFO [main] org.apache.catalina.core.ApplicationContext.log ContextListener: attributeAdded('StockTicker', 'async.Stockticker@73ff4fae')
17-May-2023 09:35:16.681 INFO [main] org.apache.catalina.core.ApplicationContext.log SessionListener: contextDestroyed()
17-May-2023 09:35:16.690 INFO [main] org.apache.catalina.core.ApplicationContext.log ContextListener: contextDestroyed()
17-May-2023 09:35:20.828 INFO [main] org.apache.catalina.core.ApplicationContext.log ContextListener: contextInitialized()
17-May-2023 09:35:20.836 INFO [main] org.apache.catalina.core.ApplicationContext.log SessionListener: contextInitialized()
17-May-2023 09:35:20.837 INFO [main] org.apache.catalina.core.ApplicationContext.log ContextListener: attributeAdded('StockTicker', 'async.Stockticker@7fc44dec')
17-May-2023 09:55:39.783 INFO [main] org.apache.catalina.core.ApplicationContext.log SessionListener: contextDestroyed()
17-May-2023 09:55:39.783 INFO [main] org.apache.catalina.core.ApplicationContext.log ContextListener: contextDestroyed()
17-May-2023 09:55:43.777 INFO [main] org.apache.catalina.core.ApplicationContext.log ContextListener: contextInitialized()
17-May-2023 09:55:43.778 INFO [main] org.apache.catalina.core.ApplicationContext.log SessionListener: contextInitialized()
17-May-2023 09:55:43.781 INFO [main] org.apache.catalina.core.ApplicationContext.log ContextListener: attributeAdded('StockTicker', 'async.Stockticker@55e8ec2f')
17-May-2023 09:57:55.292 SEVERE [http-nio-8080-exec-10] org.apache.catalina.core.StandardWrapperValve.invoke Servlet.service() for servlet [Chess] in context with path [] threw exception
	java.lang.ArrayIndexOutOfBoundsException: Index 8 out of bounds for length 8
		at Main.legalMove(Main.java:108)
		at Main.doGet(Main.java:478)
		at jakarta.servlet.http.HttpServlet.service(HttpServlet.java:537)
		at jakarta.servlet.http.HttpServlet.service(HttpServlet.java:631)
		at org.apache.catalina.core.ApplicationFilterChain.internalDoFilter(ApplicationFilterChain.java:205)
		at org.apache.catalina.core.ApplicationFilterChain.doFilter(ApplicationFilterChain.java:149)
		at org.apache.tomcat.websocket.server.WsFilter.doFilter(WsFilter.java:53)
		at org.apache.catalina.core.ApplicationFilterChain.internalDoFilter(ApplicationFilterChain.java:174)
		at org.apache.catalina.core.ApplicationFilterChain.doFilter(ApplicationFilterChain.java:149)
		at org.apache.catalina.core.StandardWrapperValve.invoke(StandardWrapperValve.java:166)
		at org.apache.catalina.core.StandardContextValve.invoke(StandardContextValve.java:90)
		at org.apache.catalina.authenticator.AuthenticatorBase.invoke(AuthenticatorBase.java:493)
		at org.apache.catalina.core.StandardHostValve.invoke(StandardHostValve.java:115)
		at org.apache.catalina.valves.ErrorReportValve.invoke(ErrorReportValve.java:93)
		at org.apache.catalina.valves.AbstractAccessLogValve.invoke(AbstractAccessLogValve.java:676)
		at org.apache.catalina.core.StandardEngineValve.invoke(StandardEngineValve.java:74)
		at org.apache.catalina.connector.CoyoteAdapter.service(CoyoteAdapter.java:341)
		at org.apache.coyote.http11.Http11Processor.service(Http11Processor.java:390)
		at org.apache.coyote.AbstractProcessorLight.process(AbstractProcessorLight.java:63)
		at org.apache.coyote.AbstractProtocol$ConnectionHandler.process(AbstractProtocol.java:894)
		at org.apache.tomcat.util.net.NioEndpoint$SocketProcessor.doRun(NioEndpoint.java:1741)
		at org.apache.tomcat.util.net.SocketProcessorBase.run(SocketProcessorBase.java:52)
		at org.apache.tomcat.util.threads.ThreadPoolExecutor.runWorker(ThreadPoolExecutor.java:1191)
		at org.apache.tomcat.util.threads.ThreadPoolExecutor$Worker.run(ThreadPoolExecutor.java:659)
		at org.apache.tomcat.util.threads.TaskThread$WrappingRunnable.run(TaskThread.java:61)
		at java.base/java.lang.Thread.run(Thread.java:833)
17-May-2023 09:58:51.191 INFO [main] org.apache.catalina.core.ApplicationContext.log SessionListener: contextDestroyed()
17-May-2023 09:58:51.191 INFO [main] org.apache.catalina.core.ApplicationContext.log ContextListener: contextDestroyed()
17-May-2023 09:58:56.194 INFO [main] org.apache.catalina.core.ApplicationContext.log ContextListener: contextInitialized()
17-May-2023 09:58:56.194 INFO [main] org.apache.catalina.core.ApplicationContext.log SessionListener: contextInitialized()
17-May-2023 09:58:56.196 INFO [main] org.apache.catalina.core.ApplicationContext.log ContextListener: attributeAdded('StockTicker', 'async.Stockticker@4d098f9b')
17-May-2023 10:00:19.640 INFO [main] org.apache.catalina.core.ApplicationContext.log SessionListener: contextDestroyed()
17-May-2023 10:00:19.640 INFO [main] org.apache.catalina.core.ApplicationContext.log ContextListener: contextDestroyed()
17-May-2023 10:00:25.028 INFO [main] org.apache.catalina.core.ApplicationContext.log ContextListener: contextInitialized()
17-May-2023 10:00:25.032 INFO [main] org.apache.catalina.core.ApplicationContext.log SessionListener: contextInitialized()
17-May-2023 10:00:25.035 INFO [main] org.apache.catalina.core.ApplicationContext.log ContextListener: attributeAdded('StockTicker', 'async.Stockticker@5b408dc3')
17-May-2023 10:01:24.983 SEVERE [http-nio-8080-exec-5] org.apache.catalina.core.StandardWrapperValve.invoke Servlet.service() for servlet [Chess] in context with path [] threw exception
	java.lang.ArrayIndexOutOfBoundsException: Index 8 out of bounds for length 8
		at Main.legalMove(Main.java:94)
		at Main.doGet(Main.java:478)
		at jakarta.servlet.http.HttpServlet.service(HttpServlet.java:537)
		at jakarta.servlet.http.HttpServlet.service(HttpServlet.java:631)
		at org.apache.catalina.core.ApplicationFilterChain.internalDoFilter(ApplicationFilterChain.java:205)
		at org.apache.catalina.core.ApplicationFilterChain.doFilter(ApplicationFilterChain.java:149)
		at org.apache.tomcat.websocket.server.WsFilter.doFilter(WsFilter.java:53)
		at org.apache.catalina.core.ApplicationFilterChain.internalDoFilter(ApplicationFilterChain.java:174)
		at org.apache.catalina.core.ApplicationFilterChain.doFilter(ApplicationFilterChain.java:149)
		at org.apache.catalina.core.StandardWrapperValve.invoke(StandardWrapperValve.java:166)
		at org.apache.catalina.core.StandardContextValve.invoke(StandardContextValve.java:90)
		at org.apache.catalina.authenticator.AuthenticatorBase.invoke(AuthenticatorBase.java:493)
		at org.apache.catalina.core.StandardHostValve.invoke(StandardHostValve.java:115)
		at org.apache.catalina.valves.ErrorReportValve.invoke(ErrorReportValve.java:93)
		at org.apache.catalina.valves.AbstractAccessLogValve.invoke(AbstractAccessLogValve.java:676)
		at org.apache.catalina.core.StandardEngineValve.invoke(StandardEngineValve.java:74)
		at org.apache.catalina.connector.CoyoteAdapter.service(CoyoteAdapter.java:341)
		at org.apache.coyote.http11.Http11Processor.service(Http11Processor.java:390)
		at org.apache.coyote.AbstractProcessorLight.process(AbstractProcessorLight.java:63)
		at org.apache.coyote.AbstractProtocol$ConnectionHandler.process(AbstractProtocol.java:894)
		at org.apache.tomcat.util.net.NioEndpoint$SocketProcessor.doRun(NioEndpoint.java:1741)
		at org.apache.tomcat.util.net.SocketProcessorBase.run(SocketProcessorBase.java:52)
		at org.apache.tomcat.util.threads.ThreadPoolExecutor.runWorker(ThreadPoolExecutor.java:1191)
		at org.apache.tomcat.util.threads.ThreadPoolExecutor$Worker.run(ThreadPoolExecutor.java:659)
		at org.apache.tomcat.util.threads.TaskThread$WrappingRunnable.run(TaskThread.java:61)
		at java.base/java.lang.Thread.run(Thread.java:833)
17-May-2023 10:03:00.653 SEVERE [http-nio-8080-exec-1] org.apache.catalina.core.StandardWrapperValve.invoke Servlet.service() for servlet [Chess] in context with path [] threw exception
	java.lang.ArrayIndexOutOfBoundsException: Index 1 out of bounds for length 1
		at Main.doGet(Main.java:490)
		at jakarta.servlet.http.HttpServlet.service(HttpServlet.java:537)
		at jakarta.servlet.http.HttpServlet.service(HttpServlet.java:631)
		at org.apache.catalina.core.ApplicationFilterChain.internalDoFilter(ApplicationFilterChain.java:205)
		at org.apache.catalina.core.ApplicationFilterChain.doFilter(ApplicationFilterChain.java:149)
		at org.apache.tomcat.websocket.server.WsFilter.doFilter(WsFilter.java:53)
		at org.apache.catalina.core.ApplicationFilterChain.internalDoFilter(ApplicationFilterChain.java:174)
		at org.apache.catalina.core.ApplicationFilterChain.doFilter(ApplicationFilterChain.java:149)
		at org.apache.catalina.core.StandardWrapperValve.invoke(StandardWrapperValve.java:166)
		at org.apache.catalina.core.StandardContextValve.invoke(StandardContextValve.java:90)
		at org.apache.catalina.authenticator.AuthenticatorBase.invoke(AuthenticatorBase.java:493)
		at org.apache.catalina.core.StandardHostValve.invoke(StandardHostValve.java:115)
		at org.apache.catalina.valves.ErrorReportValve.invoke(ErrorReportValve.java:93)
		at org.apache.catalina.valves.AbstractAccessLogValve.invoke(AbstractAccessLogValve.java:676)
		at org.apache.catalina.core.StandardEngineValve.invoke(StandardEngineValve.java:74)
		at org.apache.catalina.connector.CoyoteAdapter.service(CoyoteAdapter.java:341)
		at org.apache.coyote.http11.Http11Processor.service(Http11Processor.java:390)
		at org.apache.coyote.AbstractProcessorLight.process(AbstractProcessorLight.java:63)
		at org.apache.coyote.AbstractProtocol$ConnectionHandler.process(AbstractProtocol.java:894)
		at org.apache.tomcat.util.net.NioEndpoint$SocketProcessor.doRun(NioEndpoint.java:1741)
		at org.apache.tomcat.util.net.SocketProcessorBase.run(SocketProcessorBase.java:52)
		at org.apache.tomcat.util.threads.ThreadPoolExecutor.runWorker(ThreadPoolExecutor.java:1191)
		at org.apache.tomcat.util.threads.ThreadPoolExecutor$Worker.run(ThreadPoolExecutor.java:659)
		at org.apache.tomcat.util.threads.TaskThread$WrappingRunnable.run(TaskThread.java:61)
		at java.base/java.lang.Thread.run(Thread.java:833)
17-May-2023 10:03:02.681 SEVERE [http-nio-8080-exec-3] org.apache.catalina.core.StandardWrapperValve.invoke Servlet.service() for servlet [Chess] in context with path [] threw exception
	java.lang.ArrayIndexOutOfBoundsException: Index 1 out of bounds for length 1
		at Main.doGet(Main.java:490)
		at jakarta.servlet.http.HttpServlet.service(HttpServlet.java:537)
		at jakarta.servlet.http.HttpServlet.service(HttpServlet.java:631)
		at org.apache.catalina.core.ApplicationFilterChain.internalDoFilter(ApplicationFilterChain.java:205)
		at org.apache.catalina.core.ApplicationFilterChain.doFilter(ApplicationFilterChain.java:149)
		at org.apache.tomcat.websocket.server.WsFilter.doFilter(WsFilter.java:53)
		at org.apache.catalina.core.ApplicationFilterChain.internalDoFilter(ApplicationFilterChain.java:174)
		at org.apache.catalina.core.ApplicationFilterChain.doFilter(ApplicationFilterChain.java:149)
		at org.apache.catalina.core.StandardWrapperValve.invoke(StandardWrapperValve.java:166)
		at org.apache.catalina.core.StandardContextValve.invoke(StandardContextValve.java:90)
		at org.apache.catalina.authenticator.AuthenticatorBase.invoke(AuthenticatorBase.java:493)
		at org.apache.catalina.core.StandardHostValve.invoke(StandardHostValve.java:115)
		at org.apache.catalina.valves.ErrorReportValve.invoke(ErrorReportValve.java:93)
		at org.apache.catalina.valves.AbstractAccessLogValve.invoke(AbstractAccessLogValve.java:676)
		at org.apache.catalina.core.StandardEngineValve.invoke(StandardEngineValve.java:74)
		at org.apache.catalina.connector.CoyoteAdapter.service(CoyoteAdapter.java:341)
		at org.apache.coyote.http11.Http11Processor.service(Http11Processor.java:390)
		at org.apache.coyote.AbstractProcessorLight.process(AbstractProcessorLight.java:63)
		at org.apache.coyote.AbstractProtocol$ConnectionHandler.process(AbstractProtocol.java:894)
		at org.apache.tomcat.util.net.NioEndpoint$SocketProcessor.doRun(NioEndpoint.java:1741)
		at org.apache.tomcat.util.net.SocketProcessorBase.run(SocketProcessorBase.java:52)
		at org.apache.tomcat.util.threads.ThreadPoolExecutor.runWorker(ThreadPoolExecutor.java:1191)
		at org.apache.tomcat.util.threads.ThreadPoolExecutor$Worker.run(ThreadPoolExecutor.java:659)
		at org.apache.tomcat.util.threads.TaskThread$WrappingRunnable.run(TaskThread.java:61)
		at java.base/java.lang.Thread.run(Thread.java:833)
17-May-2023 10:03:03.683 SEVERE [http-nio-8080-exec-4] org.apache.catalina.core.StandardWrapperValve.invoke Servlet.service() for servlet [Chess] in context with path [] threw exception
	java.lang.ArrayIndexOutOfBoundsException: Index 1 out of bounds for length 1
		at Main.doGet(Main.java:490)
		at jakarta.servlet.http.HttpServlet.service(HttpServlet.java:537)
		at jakarta.servlet.http.HttpServlet.service(HttpServlet.java:631)
		at org.apache.catalina.core.ApplicationFilterChain.internalDoFilter(ApplicationFilterChain.java:205)
		at org.apache.catalina.core.ApplicationFilterChain.doFilter(ApplicationFilterChain.java:149)
		at org.apache.tomcat.websocket.server.WsFilter.doFilter(WsFilter.java:53)
		at org.apache.catalina.core.ApplicationFilterChain.internalDoFilter(ApplicationFilterChain.java:174)
		at org.apache.catalina.core.ApplicationFilterChain.doFilter(ApplicationFilterChain.java:149)
		at org.apache.catalina.core.StandardWrapperValve.invoke(StandardWrapperValve.java:166)
		at org.apache.catalina.core.StandardContextValve.invoke(StandardContextValve.java:90)
		at org.apache.catalina.authenticator.AuthenticatorBase.invoke(AuthenticatorBase.java:493)
		at org.apache.catalina.core.StandardHostValve.invoke(StandardHostValve.java:115)
		at org.apache.catalina.valves.ErrorReportValve.invoke(ErrorReportValve.java:93)
		at org.apache.catalina.valves.AbstractAccessLogValve.invoke(AbstractAccessLogValve.java:676)
		at org.apache.catalina.core.StandardEngineValve.invoke(StandardEngineValve.java:74)
		at org.apache.catalina.connector.CoyoteAdapter.service(CoyoteAdapter.java:341)
		at org.apache.coyote.http11.Http11Processor.service(Http11Processor.java:390)
		at org.apache.coyote.AbstractProcessorLight.process(AbstractProcessorLight.java:63)
		at org.apache.coyote.AbstractProtocol$ConnectionHandler.process(AbstractProtocol.java:894)
		at org.apache.tomcat.util.net.NioEndpoint$SocketProcessor.doRun(NioEndpoint.java:1741)
		at org.apache.tomcat.util.net.SocketProcessorBase.run(SocketProcessorBase.java:52)
		at org.apache.tomcat.util.threads.ThreadPoolExecutor.runWorker(ThreadPoolExecutor.java:1191)
		at org.apache.tomcat.util.threads.ThreadPoolExecutor$Worker.run(ThreadPoolExecutor.java:659)
		at org.apache.tomcat.util.threads.TaskThread$WrappingRunnable.run(TaskThread.java:61)
		at java.base/java.lang.Thread.run(Thread.java:833)
17-May-2023 10:03:04.388 SEVERE [http-nio-8080-exec-5] org.apache.catalina.core.StandardWrapperValve.invoke Servlet.service() for servlet [Chess] in context with path [] threw exception
	java.lang.ArrayIndexOutOfBoundsException: Index 1 out of bounds for length 1
		at Main.doGet(Main.java:490)
		at jakarta.servlet.http.HttpServlet.service(HttpServlet.java:537)
		at jakarta.servlet.http.HttpServlet.service(HttpServlet.java:631)
		at org.apache.catalina.core.ApplicationFilterChain.internalDoFilter(ApplicationFilterChain.java:205)
		at org.apache.catalina.core.ApplicationFilterChain.doFilter(ApplicationFilterChain.java:149)
		at org.apache.tomcat.websocket.server.WsFilter.doFilter(WsFilter.java:53)
		at org.apache.catalina.core.ApplicationFilterChain.internalDoFilter(ApplicationFilterChain.java:174)
		at org.apache.catalina.core.ApplicationFilterChain.doFilter(ApplicationFilterChain.java:149)
		at org.apache.catalina.core.StandardWrapperValve.invoke(StandardWrapperValve.java:166)
		at org.apache.catalina.core.StandardContextValve.invoke(StandardContextValve.java:90)
		at org.apache.catalina.authenticator.AuthenticatorBase.invoke(AuthenticatorBase.java:493)
		at org.apache.catalina.core.StandardHostValve.invoke(StandardHostValve.java:115)
		at org.apache.catalina.valves.ErrorReportValve.invoke(ErrorReportValve.java:93)
		at org.apache.catalina.valves.AbstractAccessLogValve.invoke(AbstractAccessLogValve.java:676)
		at org.apache.catalina.core.StandardEngineValve.invoke(StandardEngineValve.java:74)
		at org.apache.catalina.connector.CoyoteAdapter.service(CoyoteAdapter.java:341)
		at org.apache.coyote.http11.Http11Processor.service(Http11Processor.java:390)
		at org.apache.coyote.AbstractProcessorLight.process(AbstractProcessorLight.java:63)
		at org.apache.coyote.AbstractProtocol$ConnectionHandler.process(AbstractProtocol.java:894)
		at org.apache.tomcat.util.net.NioEndpoint$SocketProcessor.doRun(NioEndpoint.java:1741)
		at org.apache.tomcat.util.net.SocketProcessorBase.run(SocketProcessorBase.java:52)
		at org.apache.tomcat.util.threads.ThreadPoolExecutor.runWorker(ThreadPoolExecutor.java:1191)
		at org.apache.tomcat.util.threads.ThreadPoolExecutor$Worker.run(ThreadPoolExecutor.java:659)
		at org.apache.tomcat.util.threads.TaskThread$WrappingRunnable.run(TaskThread.java:61)
		at java.base/java.lang.Thread.run(Thread.java:833)
17-May-2023 10:30:45.906 INFO [main] org.apache.catalina.core.ApplicationContext.log SessionListener: contextDestroyed()
17-May-2023 10:30:45.906 INFO [main] org.apache.catalina.core.ApplicationContext.log ContextListener: contextDestroyed()
17-May-2023 10:30:51.510 INFO [main] org.apache.catalina.core.ApplicationContext.log ContextListener: contextInitialized()
17-May-2023 10:30:51.516 INFO [main] org.apache.catalina.core.ApplicationContext.log SessionListener: contextInitialized()
17-May-2023 10:30:51.518 INFO [main] org.apache.catalina.core.ApplicationContext.log ContextListener: attributeAdded('StockTicker', 'async.Stockticker@36676c1a')
17-May-2023 10:31:42.314 INFO [main] org.apache.catalina.core.ApplicationContext.log SessionListener: contextDestroyed()
17-May-2023 10:31:42.315 INFO [main] org.apache.catalina.core.ApplicationContext.log ContextListener: contextDestroyed()
17-May-2023 10:32:09.131 INFO [main] org.apache.catalina.core.ApplicationContext.log ContextListener: contextInitialized()
17-May-2023 10:32:09.134 INFO [main] org.apache.catalina.core.ApplicationContext.log SessionListener: contextInitialized()
17-May-2023 10:32:09.136 INFO [main] org.apache.catalina.core.ApplicationContext.log ContextListener: attributeAdded('StockTicker', 'async.Stockticker@4d098f9b')
17-May-2023 10:46:12.123 INFO [main] org.apache.catalina.core.ApplicationContext.log SessionListener: contextDestroyed()
17-May-2023 10:46:12.123 INFO [main] org.apache.catalina.core.ApplicationContext.log ContextListener: contextDestroyed()
17-May-2023 10:46:17.915 INFO [main] org.apache.catalina.core.ApplicationContext.log ContextListener: contextInitialized()
17-May-2023 10:46:17.918 INFO [main] org.apache.catalina.core.ApplicationContext.log SessionListener: contextInitialized()
17-May-2023 10:46:17.919 INFO [main] org.apache.catalina.core.ApplicationContext.log ContextListener: attributeAdded('StockTicker', 'async.Stockticker@55e8ec2f')
17-May-2023 11:18:32.393 INFO [main] org.apache.catalina.core.ApplicationContext.log ContextListener: contextInitialized()
17-May-2023 11:18:32.393 INFO [main] org.apache.catalina.core.ApplicationContext.log SessionListener: contextInitialized()
17-May-2023 11:18:32.396 INFO [main] org.apache.catalina.core.ApplicationContext.log ContextListener: attributeAdded('StockTicker', 'async.Stockticker@56ace400')
17-May-2023 11:18:32.647 INFO [main] org.apache.catalina.core.ApplicationContext.log SessionListener: contextDestroyed()
17-May-2023 11:18:32.648 INFO [main] org.apache.catalina.core.ApplicationContext.log ContextListener: contextDestroyed()
17-May-2023 11:18:54.800 INFO [main] org.apache.catalina.core.ApplicationContext.log SessionListener: contextDestroyed()
17-May-2023 11:18:54.801 INFO [main] org.apache.catalina.core.ApplicationContext.log ContextListener: contextDestroyed()
17-May-2023 11:19:04.449 INFO [main] org.apache.catalina.core.ApplicationContext.log ContextListener: contextInitialized()
17-May-2023 11:19:04.452 INFO [main] org.apache.catalina.core.ApplicationContext.log SessionListener: contextInitialized()
17-May-2023 11:19:04.454 INFO [main] org.apache.catalina.core.ApplicationContext.log ContextListener: attributeAdded('StockTicker', 'async.Stockticker@55e8ec2f')
17-May-2023 11:22:45.687 INFO [main] org.apache.catalina.core.ApplicationContext.log SessionListener: contextDestroyed()
17-May-2023 11:22:45.688 INFO [main] org.apache.catalina.core.ApplicationContext.log ContextListener: contextDestroyed()
17-May-2023 11:22:54.975 INFO [main] org.apache.catalina.core.ApplicationContext.log ContextListener: contextInitialized()
17-May-2023 11:22:54.977 INFO [main] org.apache.catalina.core.ApplicationContext.log SessionListener: contextInitialized()
17-May-2023 11:22:54.979 INFO [main] org.apache.catalina.core.ApplicationContext.log ContextListener: attributeAdded('StockTicker', 'async.Stockticker@7e3060d8')
17-May-2023 11:36:48.038 INFO [main] org.apache.catalina.core.ApplicationContext.log SessionListener: contextDestroyed()
17-May-2023 11:36:48.038 INFO [main] org.apache.catalina.core.ApplicationContext.log ContextListener: contextDestroyed()
17-May-2023 11:36:53.086 INFO [main] org.apache.catalina.core.ApplicationContext.log ContextListener: contextInitialized()
17-May-2023 11:36:53.091 INFO [main] org.apache.catalina.core.ApplicationContext.log SessionListener: contextInitialized()
17-May-2023 11:36:53.092 INFO [main] org.apache.catalina.core.ApplicationContext.log ContextListener: attributeAdded('StockTicker', 'async.Stockticker@4d098f9b')
17-May-2023 11:40:49.023 INFO [main] org.apache.catalina.core.ApplicationContext.log SessionListener: contextDestroyed()
17-May-2023 11:40:49.024 INFO [main] org.apache.catalina.core.ApplicationContext.log ContextListener: contextDestroyed()
17-May-2023 11:40:52.121 INFO [main] org.apache.catalina.core.ApplicationContext.log ContextListener: contextInitialized()
17-May-2023 11:40:52.124 INFO [main] org.apache.catalina.core.ApplicationContext.log SessionListener: contextInitialized()
17-May-2023 11:40:52.126 INFO [main] org.apache.catalina.core.ApplicationContext.log ContextListener: attributeAdded('StockTicker', 'async.Stockticker@5b408dc3')
17-May-2023 11:41:30.812 INFO [main] org.apache.catalina.core.ApplicationContext.log SessionListener: contextDestroyed()
17-May-2023 11:41:30.812 INFO [main] org.apache.catalina.core.ApplicationContext.log ContextListener: contextDestroyed()
17-May-2023 11:41:58.363 INFO [main] org.apache.catalina.core.ApplicationContext.log ContextListener: contextInitialized()
17-May-2023 11:41:58.366 INFO [main] org.apache.catalina.core.ApplicationContext.log SessionListener: contextInitialized()
17-May-2023 11:41:58.367 INFO [main] org.apache.catalina.core.ApplicationContext.log ContextListener: attributeAdded('StockTicker', 'async.Stockticker@55e8ec2f')
