27-Mar-2023 09:09:22.841 INFO [main] org.apache.catalina.core.ApplicationContext.log ContextListener: contextInitialized()
27-Mar-2023 09:09:22.841 INFO [main] org.apache.catalina.core.ApplicationContext.log SessionListener: contextInitialized()
27-Mar-2023 09:09:22.844 INFO [main] org.apache.catalina.core.ApplicationContext.log ContextListener: attributeAdded('StockTicker', 'async.Stockticker@78fb9a67')
27-Mar-2023 15:16:23.936 INFO [main] org.apache.catalina.core.ApplicationContext.log ContextListener: contextInitialized()
27-Mar-2023 15:16:23.937 INFO [main] org.apache.catalina.core.ApplicationContext.log SessionListener: contextInitialized()
27-Mar-2023 15:16:23.938 INFO [main] org.apache.catalina.core.ApplicationContext.log ContextListener: attributeAdded('StockTicker', 'async.Stockticker@73ff4fae')
27-Mar-2023 15:32:06.192 INFO [main] org.apache.catalina.core.ApplicationContext.log SessionListener: contextDestroyed()
27-Mar-2023 15:32:06.192 INFO [main] org.apache.catalina.core.ApplicationContext.log ContextListener: contextDestroyed()
27-Mar-2023 15:32:09.505 INFO [main] org.apache.catalina.core.ApplicationContext.log ContextListener: contextInitialized()
27-Mar-2023 15:32:09.505 INFO [main] org.apache.catalina.core.ApplicationContext.log SessionListener: contextInitialized()
27-Mar-2023 15:32:09.512 INFO [main] org.apache.catalina.core.ApplicationContext.log ContextListener: attributeAdded('StockTicker', 'async.Stockticker@4d098f9b')
27-Mar-2023 15:36:41.405 INFO [main] org.apache.catalina.core.ApplicationContext.log SessionListener: contextDestroyed()
27-Mar-2023 15:36:41.405 INFO [main] org.apache.catalina.core.ApplicationContext.log ContextListener: contextDestroyed()
27-Mar-2023 15:36:44.286 INFO [main] org.apache.catalina.core.ApplicationContext.log ContextListener: contextInitialized()
27-Mar-2023 15:36:44.288 INFO [main] org.apache.catalina.core.ApplicationContext.log SessionListener: contextInitialized()
27-Mar-2023 15:36:44.290 INFO [main] org.apache.catalina.core.ApplicationContext.log ContextListener: attributeAdded('StockTicker', 'async.Stockticker@31e75d13')
27-Mar-2023 15:38:16.997 INFO [main] org.apache.catalina.core.ApplicationContext.log SessionListener: contextDestroyed()
27-Mar-2023 15:38:16.997 INFO [main] org.apache.catalina.core.ApplicationContext.log ContextListener: contextDestroyed()
27-Mar-2023 15:38:19.963 INFO [main] org.apache.catalina.core.ApplicationContext.log ContextListener: contextInitialized()
27-Mar-2023 15:38:19.965 INFO [main] org.apache.catalina.core.ApplicationContext.log SessionListener: contextInitialized()
27-Mar-2023 15:38:19.966 INFO [main] org.apache.catalina.core.ApplicationContext.log ContextListener: attributeAdded('StockTicker', 'async.Stockticker@2dbf4cbd')
27-Mar-2023 15:39:13.637 INFO [main] org.apache.catalina.core.ApplicationContext.log SessionListener: contextDestroyed()
27-Mar-2023 15:39:13.637 INFO [main] org.apache.catalina.core.ApplicationContext.log ContextListener: contextDestroyed()
27-Mar-2023 15:39:16.850 INFO [main] org.apache.catalina.core.ApplicationContext.log ContextListener: contextInitialized()
27-Mar-2023 15:39:16.852 INFO [main] org.apache.catalina.core.ApplicationContext.log SessionListener: contextInitialized()
27-Mar-2023 15:39:16.853 INFO [main] org.apache.catalina.core.ApplicationContext.log ContextListener: attributeAdded('StockTicker', 'async.Stockticker@33e01298')
27-Mar-2023 15:40:16.406 INFO [main] org.apache.catalina.core.ApplicationContext.log SessionListener: contextDestroyed()
27-Mar-2023 15:40:16.406 INFO [main] org.apache.catalina.core.ApplicationContext.log ContextListener: contextDestroyed()
27-Mar-2023 15:40:19.325 INFO [main] org.apache.catalina.core.ApplicationContext.log ContextListener: contextInitialized()
27-Mar-2023 15:40:19.325 INFO [main] org.apache.catalina.core.ApplicationContext.log SessionListener: contextInitialized()
27-Mar-2023 15:40:19.329 INFO [main] org.apache.catalina.core.ApplicationContext.log ContextListener: attributeAdded('StockTicker', 'async.Stockticker@36676c1a')
27-Mar-2023 15:41:33.932 INFO [main] org.apache.catalina.core.ApplicationContext.log SessionListener: contextDestroyed()
27-Mar-2023 15:41:33.932 INFO [main] org.apache.catalina.core.ApplicationContext.log ContextListener: contextDestroyed()
27-Mar-2023 15:41:37.093 INFO [main] org.apache.catalina.core.ApplicationContext.log ContextListener: contextInitialized()
27-Mar-2023 15:41:37.095 INFO [main] org.apache.catalina.core.ApplicationContext.log SessionListener: contextInitialized()
27-Mar-2023 15:41:37.097 INFO [main] org.apache.catalina.core.ApplicationContext.log ContextListener: attributeAdded('StockTicker', 'async.Stockticker@b968a76')
27-Mar-2023 15:43:09.522 INFO [main] org.apache.catalina.core.ApplicationContext.log SessionListener: contextDestroyed()
27-Mar-2023 15:43:09.523 INFO [main] org.apache.catalina.core.ApplicationContext.log ContextListener: contextDestroyed()
27-Mar-2023 15:43:12.200 INFO [main] org.apache.catalina.core.ApplicationContext.log ContextListener: contextInitialized()
27-Mar-2023 15:43:12.204 INFO [main] org.apache.catalina.core.ApplicationContext.log SessionListener: contextInitialized()
27-Mar-2023 15:43:12.205 INFO [main] org.apache.catalina.core.ApplicationContext.log ContextListener: attributeAdded('StockTicker', 'async.Stockticker@55e8ec2f')
27-Mar-2023 15:43:29.073 INFO [main] org.apache.catalina.core.ApplicationContext.log SessionListener: contextDestroyed()
27-Mar-2023 15:43:29.073 INFO [main] org.apache.catalina.core.ApplicationContext.log ContextListener: contextDestroyed()
27-Mar-2023 15:43:31.906 INFO [main] org.apache.catalina.core.ApplicationContext.log ContextListener: contextInitialized()
27-Mar-2023 15:43:31.907 INFO [main] org.apache.catalina.core.ApplicationContext.log SessionListener: contextInitialized()
27-Mar-2023 15:43:31.911 INFO [main] org.apache.catalina.core.ApplicationContext.log ContextListener: attributeAdded('StockTicker', 'async.Stockticker@4d098f9b')
27-Mar-2023 15:45:28.419 INFO [main] org.apache.catalina.core.ApplicationContext.log SessionListener: contextDestroyed()
27-Mar-2023 15:45:28.419 INFO [main] org.apache.catalina.core.ApplicationContext.log ContextListener: contextDestroyed()
27-Mar-2023 15:45:31.524 INFO [main] org.apache.catalina.core.ApplicationContext.log ContextListener: contextInitialized()
27-Mar-2023 15:45:31.526 INFO [main] org.apache.catalina.core.ApplicationContext.log SessionListener: contextInitialized()
27-Mar-2023 15:45:31.527 INFO [main] org.apache.catalina.core.ApplicationContext.log ContextListener: attributeAdded('StockTicker', 'async.Stockticker@20b5f2ac')
27-Mar-2023 15:48:35.027 INFO [main] org.apache.catalina.core.ApplicationContext.log SessionListener: contextDestroyed()
27-Mar-2023 15:48:35.027 INFO [main] org.apache.catalina.core.ApplicationContext.log ContextListener: contextDestroyed()
27-Mar-2023 15:48:38.014 INFO [main] org.apache.catalina.core.ApplicationContext.log ContextListener: contextInitialized()
27-Mar-2023 15:48:38.015 INFO [main] org.apache.catalina.core.ApplicationContext.log SessionListener: contextInitialized()
27-Mar-2023 15:48:38.016 INFO [main] org.apache.catalina.core.ApplicationContext.log ContextListener: attributeAdded('StockTicker', 'async.Stockticker@2692b61e')
27-Mar-2023 15:51:28.432 INFO [main] org.apache.catalina.core.ApplicationContext.log SessionListener: contextDestroyed()
27-Mar-2023 15:51:28.432 INFO [main] org.apache.catalina.core.ApplicationContext.log ContextListener: contextDestroyed()
27-Mar-2023 15:51:31.471 INFO [main] org.apache.catalina.core.ApplicationContext.log ContextListener: contextInitialized()
27-Mar-2023 15:51:31.472 INFO [main] org.apache.catalina.core.ApplicationContext.log SessionListener: contextInitialized()
27-Mar-2023 15:51:31.473 INFO [main] org.apache.catalina.core.ApplicationContext.log ContextListener: attributeAdded('StockTicker', 'async.Stockticker@73ff4fae')
27-Mar-2023 15:55:07.447 INFO [main] org.apache.catalina.core.ApplicationContext.log SessionListener: contextDestroyed()
27-Mar-2023 15:55:07.447 INFO [main] org.apache.catalina.core.ApplicationContext.log ContextListener: contextDestroyed()
27-Mar-2023 15:55:09.972 INFO [main] org.apache.catalina.core.ApplicationContext.log ContextListener: contextInitialized()
27-Mar-2023 15:55:09.974 INFO [main] org.apache.catalina.core.ApplicationContext.log SessionListener: contextInitialized()
27-Mar-2023 15:55:09.975 INFO [main] org.apache.catalina.core.ApplicationContext.log ContextListener: attributeAdded('StockTicker', 'async.Stockticker@55e8ec2f')
27-Mar-2023 15:56:24.673 INFO [main] org.apache.catalina.core.ApplicationContext.log SessionListener: contextDestroyed()
27-Mar-2023 15:56:24.673 INFO [main] org.apache.catalina.core.ApplicationContext.log ContextListener: contextDestroyed()
27-Mar-2023 15:56:27.792 INFO [main] org.apache.catalina.core.ApplicationContext.log ContextListener: contextInitialized()
27-Mar-2023 15:56:27.794 INFO [main] org.apache.catalina.core.ApplicationContext.log SessionListener: contextInitialized()
27-Mar-2023 15:56:27.795 INFO [main] org.apache.catalina.core.ApplicationContext.log ContextListener: attributeAdded('StockTicker', 'async.Stockticker@55e8ec2f')
27-Mar-2023 15:57:36.972 INFO [main] org.apache.catalina.core.ApplicationContext.log SessionListener: contextDestroyed()
27-Mar-2023 15:57:36.972 INFO [main] org.apache.catalina.core.ApplicationContext.log ContextListener: contextDestroyed()
27-Mar-2023 15:57:39.598 INFO [main] org.apache.catalina.core.ApplicationContext.log ContextListener: contextInitialized()
27-Mar-2023 15:57:39.598 INFO [main] org.apache.catalina.core.ApplicationContext.log SessionListener: contextInitialized()
27-Mar-2023 15:57:39.600 INFO [main] org.apache.catalina.core.ApplicationContext.log ContextListener: attributeAdded('StockTicker', 'async.Stockticker@36676c1a')
27-Mar-2023 15:58:26.565 INFO [main] org.apache.catalina.core.ApplicationContext.log SessionListener: contextDestroyed()
27-Mar-2023 15:58:26.565 INFO [main] org.apache.catalina.core.ApplicationContext.log ContextListener: contextDestroyed()
27-Mar-2023 15:58:29.486 INFO [main] org.apache.catalina.core.ApplicationContext.log ContextListener: contextInitialized()
27-Mar-2023 15:58:29.489 INFO [main] org.apache.catalina.core.ApplicationContext.log SessionListener: contextInitialized()
27-Mar-2023 15:58:29.490 INFO [main] org.apache.catalina.core.ApplicationContext.log ContextListener: attributeAdded('StockTicker', 'async.Stockticker@4d098f9b')
27-Mar-2023 16:02:46.331 INFO [main] org.apache.catalina.core.ApplicationContext.log SessionListener: contextDestroyed()
27-Mar-2023 16:02:46.331 INFO [main] org.apache.catalina.core.ApplicationContext.log ContextListener: contextDestroyed()
27-Mar-2023 16:02:48.985 INFO [main] org.apache.catalina.core.ApplicationContext.log ContextListener: contextInitialized()
27-Mar-2023 16:02:48.986 INFO [main] org.apache.catalina.core.ApplicationContext.log SessionListener: contextInitialized()
27-Mar-2023 16:02:49.000 INFO [main] org.apache.catalina.core.ApplicationContext.log ContextListener: attributeAdded('StockTicker', 'async.Stockticker@20b5f2ac')
27-Mar-2023 16:03:15.043 INFO [main] org.apache.catalina.core.ApplicationContext.log SessionListener: contextDestroyed()
27-Mar-2023 16:03:15.043 INFO [main] org.apache.catalina.core.ApplicationContext.log ContextListener: contextDestroyed()
27-Mar-2023 16:03:17.910 INFO [main] org.apache.catalina.core.ApplicationContext.log ContextListener: contextInitialized()
27-Mar-2023 16:03:17.911 INFO [main] org.apache.catalina.core.ApplicationContext.log SessionListener: contextInitialized()
27-Mar-2023 16:03:17.913 INFO [main] org.apache.catalina.core.ApplicationContext.log ContextListener: attributeAdded('StockTicker', 'async.Stockticker@5b408dc3')
27-Mar-2023 16:07:05.259 INFO [main] org.apache.catalina.core.ApplicationContext.log SessionListener: contextDestroyed()
27-Mar-2023 16:07:05.259 INFO [main] org.apache.catalina.core.ApplicationContext.log ContextListener: contextDestroyed()
27-Mar-2023 16:07:07.834 INFO [main] org.apache.catalina.core.ApplicationContext.log ContextListener: contextInitialized()
27-Mar-2023 16:07:07.836 INFO [main] org.apache.catalina.core.ApplicationContext.log SessionListener: contextInitialized()
27-Mar-2023 16:07:07.838 INFO [main] org.apache.catalina.core.ApplicationContext.log ContextListener: attributeAdded('StockTicker', 'async.Stockticker@73ff4fae')
27-Mar-2023 16:09:04.339 INFO [main] org.apache.catalina.core.ApplicationContext.log SessionListener: contextDestroyed()
27-Mar-2023 16:09:04.339 INFO [main] org.apache.catalina.core.ApplicationContext.log ContextListener: contextDestroyed()
27-Mar-2023 16:09:07.220 INFO [main] org.apache.catalina.core.ApplicationContext.log ContextListener: contextInitialized()
27-Mar-2023 16:09:07.222 INFO [main] org.apache.catalina.core.ApplicationContext.log SessionListener: contextInitialized()
27-Mar-2023 16:09:07.224 INFO [main] org.apache.catalina.core.ApplicationContext.log ContextListener: attributeAdded('StockTicker', 'async.Stockticker@36676c1a')
27-Mar-2023 16:19:35.064 INFO [main] org.apache.catalina.core.ApplicationContext.log SessionListener: contextDestroyed()
27-Mar-2023 16:19:35.065 INFO [main] org.apache.catalina.core.ApplicationContext.log ContextListener: contextDestroyed()
27-Mar-2023 16:19:38.011 INFO [main] org.apache.catalina.core.ApplicationContext.log ContextListener: contextInitialized()
27-Mar-2023 16:19:38.013 INFO [main] org.apache.catalina.core.ApplicationContext.log SessionListener: contextInitialized()
27-Mar-2023 16:19:38.015 INFO [main] org.apache.catalina.core.ApplicationContext.log ContextListener: attributeAdded('StockTicker', 'async.Stockticker@73ff4fae')
27-Mar-2023 16:20:31.360 INFO [main] org.apache.catalina.core.ApplicationContext.log SessionListener: contextDestroyed()
27-Mar-2023 16:20:31.361 INFO [main] org.apache.catalina.core.ApplicationContext.log ContextListener: contextDestroyed()
27-Mar-2023 16:20:34.373 INFO [main] org.apache.catalina.core.ApplicationContext.log ContextListener: contextInitialized()
27-Mar-2023 16:20:34.374 INFO [main] org.apache.catalina.core.ApplicationContext.log SessionListener: contextInitialized()
27-Mar-2023 16:20:34.376 INFO [main] org.apache.catalina.core.ApplicationContext.log ContextListener: attributeAdded('StockTicker', 'async.Stockticker@5b408dc3')
27-Mar-2023 16:20:56.012 INFO [main] org.apache.catalina.core.ApplicationContext.log SessionListener: contextDestroyed()
27-Mar-2023 16:20:56.012 INFO [main] org.apache.catalina.core.ApplicationContext.log ContextListener: contextDestroyed()
27-Mar-2023 16:20:58.970 INFO [main] org.apache.catalina.core.ApplicationContext.log ContextListener: contextInitialized()
27-Mar-2023 16:20:58.972 INFO [main] org.apache.catalina.core.ApplicationContext.log SessionListener: contextInitialized()
27-Mar-2023 16:20:58.977 INFO [main] org.apache.catalina.core.ApplicationContext.log ContextListener: attributeAdded('StockTicker', 'async.Stockticker@20b5f2ac')
27-Mar-2023 16:22:41.954 INFO [main] org.apache.catalina.core.ApplicationContext.log SessionListener: contextDestroyed()
27-Mar-2023 16:22:41.954 INFO [main] org.apache.catalina.core.ApplicationContext.log ContextListener: contextDestroyed()
27-Mar-2023 16:22:46.106 INFO [main] org.apache.catalina.core.ApplicationContext.log ContextListener: contextInitialized()
27-Mar-2023 16:22:46.109 INFO [main] org.apache.catalina.core.ApplicationContext.log SessionListener: contextInitialized()
27-Mar-2023 16:22:46.111 INFO [main] org.apache.catalina.core.ApplicationContext.log ContextListener: attributeAdded('StockTicker', 'async.Stockticker@36676c1a')
27-Mar-2023 16:27:28.636 INFO [main] org.apache.catalina.core.ApplicationContext.log SessionListener: contextDestroyed()
27-Mar-2023 16:27:28.637 INFO [main] org.apache.catalina.core.ApplicationContext.log ContextListener: contextDestroyed()
27-Mar-2023 16:27:31.416 INFO [main] org.apache.catalina.core.ApplicationContext.log ContextListener: contextInitialized()
27-Mar-2023 16:27:31.418 INFO [main] org.apache.catalina.core.ApplicationContext.log SessionListener: contextInitialized()
27-Mar-2023 16:27:31.420 INFO [main] org.apache.catalina.core.ApplicationContext.log ContextListener: attributeAdded('StockTicker', 'async.Stockticker@7fc44dec')
27-Mar-2023 16:30:24.817 INFO [main] org.apache.catalina.core.ApplicationContext.log SessionListener: contextDestroyed()
27-Mar-2023 16:30:24.818 INFO [main] org.apache.catalina.core.ApplicationContext.log ContextListener: contextDestroyed()
27-Mar-2023 16:30:27.402 INFO [main] org.apache.catalina.core.ApplicationContext.log ContextListener: contextInitialized()
27-Mar-2023 16:30:27.404 INFO [main] org.apache.catalina.core.ApplicationContext.log SessionListener: contextInitialized()
27-Mar-2023 16:30:27.406 INFO [main] org.apache.catalina.core.ApplicationContext.log ContextListener: attributeAdded('StockTicker', 'async.Stockticker@2692b61e')
27-Mar-2023 16:32:05.493 INFO [main] org.apache.catalina.core.ApplicationContext.log SessionListener: contextDestroyed()
27-Mar-2023 16:32:05.493 INFO [main] org.apache.catalina.core.ApplicationContext.log ContextListener: contextDestroyed()
27-Mar-2023 16:32:08.193 INFO [main] org.apache.catalina.core.ApplicationContext.log ContextListener: contextInitialized()
27-Mar-2023 16:32:08.196 INFO [main] org.apache.catalina.core.ApplicationContext.log SessionListener: contextInitialized()
27-Mar-2023 16:32:08.197 INFO [main] org.apache.catalina.core.ApplicationContext.log ContextListener: attributeAdded('StockTicker', 'async.Stockticker@7fc44dec')
27-Mar-2023 16:32:36.879 INFO [main] org.apache.catalina.core.ApplicationContext.log SessionListener: contextDestroyed()
27-Mar-2023 16:32:36.880 INFO [main] org.apache.catalina.core.ApplicationContext.log ContextListener: contextDestroyed()
27-Mar-2023 16:32:39.554 INFO [main] org.apache.catalina.core.ApplicationContext.log ContextListener: contextInitialized()
27-Mar-2023 16:32:39.557 INFO [main] org.apache.catalina.core.ApplicationContext.log SessionListener: contextInitialized()
27-Mar-2023 16:32:39.558 INFO [main] org.apache.catalina.core.ApplicationContext.log ContextListener: attributeAdded('StockTicker', 'async.Stockticker@36676c1a')
