19-May-2023 13:47:59.163 INFO [main] org.apache.catalina.core.ApplicationContext.log ContextListener: contextInitialized()
19-May-2023 13:47:59.180 INFO [main] org.apache.catalina.core.ApplicationContext.log SessionListener: contextInitialized()
19-May-2023 13:47:59.181 INFO [main] org.apache.catalina.core.ApplicationContext.log ContextListener: attributeAdded('StockTicker', 'async.Stockticker@51e8e6e6')
19-May-2023 14:42:42.553 INFO [main] org.apache.catalina.core.ApplicationContext.log ContextListener: contextInitialized()
19-May-2023 14:42:42.557 INFO [main] org.apache.catalina.core.ApplicationContext.log SessionListener: contextInitialized()
19-May-2023 14:42:42.558 INFO [main] org.apache.catalina.core.ApplicationContext.log ContextListener: attributeAdded('StockTicker', 'async.Stockticker@73ff4fae')
19-May-2023 14:45:15.904 INFO [main] org.apache.catalina.core.ApplicationContext.log SessionListener: contextDestroyed()
19-May-2023 14:45:15.904 INFO [main] org.apache.catalina.core.ApplicationContext.log ContextListener: contextDestroyed()
19-May-2023 14:45:23.686 INFO [main] org.apache.catalina.core.ApplicationContext.log ContextListener: contextInitialized()
19-May-2023 14:45:23.689 INFO [main] org.apache.catalina.core.ApplicationContext.log SessionListener: contextInitialized()
19-May-2023 14:45:23.690 INFO [main] org.apache.catalina.core.ApplicationContext.log ContextListener: attributeAdded('StockTicker', 'async.Stockticker@5b408dc3')
19-May-2023 14:46:01.774 INFO [main] org.apache.catalina.core.ApplicationContext.log SessionListener: contextDestroyed()
19-May-2023 14:46:01.774 INFO [main] org.apache.catalina.core.ApplicationContext.log ContextListener: contextDestroyed()
19-May-2023 14:46:18.316 INFO [main] org.apache.catalina.core.ApplicationContext.log ContextListener: contextInitialized()
19-May-2023 14:46:18.320 INFO [main] org.apache.catalina.core.ApplicationContext.log SessionListener: contextInitialized()
19-May-2023 14:46:18.322 INFO [main] org.apache.catalina.core.ApplicationContext.log ContextListener: attributeAdded('StockTicker', 'async.Stockticker@55e8ec2f')
19-May-2023 14:53:58.237 INFO [main] org.apache.catalina.core.ApplicationContext.log SessionListener: contextDestroyed()
19-May-2023 14:53:58.237 INFO [main] org.apache.catalina.core.ApplicationContext.log ContextListener: contextDestroyed()
19-May-2023 14:54:05.953 INFO [main] org.apache.catalina.core.ApplicationContext.log ContextListener: contextInitialized()
19-May-2023 14:54:05.953 INFO [main] org.apache.catalina.core.ApplicationContext.log SessionListener: contextInitialized()
19-May-2023 14:54:05.956 INFO [main] org.apache.catalina.core.ApplicationContext.log ContextListener: attributeAdded('StockTicker', 'async.Stockticker@36676c1a')
19-May-2023 14:56:27.441 INFO [main] org.apache.catalina.core.ApplicationContext.log SessionListener: contextDestroyed()
19-May-2023 14:56:27.441 INFO [main] org.apache.catalina.core.ApplicationContext.log ContextListener: contextDestroyed()
19-May-2023 14:57:06.486 INFO [main] org.apache.catalina.core.ApplicationContext.log ContextListener: contextInitialized()
19-May-2023 14:57:06.502 INFO [main] org.apache.catalina.core.ApplicationContext.log SessionListener: contextInitialized()
19-May-2023 14:57:06.503 INFO [main] org.apache.catalina.core.ApplicationContext.log ContextListener: attributeAdded('StockTicker', 'async.Stockticker@73ff4fae')
19-May-2023 14:59:44.450 INFO [main] org.apache.catalina.core.ApplicationContext.log ContextListener: contextInitialized()
19-May-2023 14:59:44.450 INFO [main] org.apache.catalina.core.ApplicationContext.log SessionListener: contextInitialized()
19-May-2023 14:59:44.455 INFO [main] org.apache.catalina.core.ApplicationContext.log ContextListener: attributeAdded('StockTicker', 'async.Stockticker@2453f95d')
19-May-2023 14:59:44.546 INFO [main] org.apache.catalina.core.ApplicationContext.log SessionListener: contextDestroyed()
19-May-2023 14:59:44.546 INFO [main] org.apache.catalina.core.ApplicationContext.log ContextListener: contextDestroyed()
19-May-2023 14:59:50.970 INFO [main] org.apache.catalina.core.ApplicationContext.log ContextListener: contextInitialized()
19-May-2023 14:59:50.972 INFO [main] org.apache.catalina.core.ApplicationContext.log SessionListener: contextInitialized()
19-May-2023 14:59:50.976 INFO [main] org.apache.catalina.core.ApplicationContext.log ContextListener: attributeAdded('StockTicker', 'async.Stockticker@36676c1a')
19-May-2023 14:59:51.204 INFO [main] org.apache.catalina.core.ApplicationContext.log SessionListener: contextDestroyed()
19-May-2023 14:59:51.205 INFO [main] org.apache.catalina.core.ApplicationContext.log ContextListener: contextDestroyed()
19-May-2023 15:00:03.599 INFO [main] org.apache.catalina.core.ApplicationContext.log ContextListener: contextInitialized()
19-May-2023 15:00:03.601 INFO [main] org.apache.catalina.core.ApplicationContext.log SessionListener: contextInitialized()
19-May-2023 15:00:03.602 INFO [main] org.apache.catalina.core.ApplicationContext.log ContextListener: attributeAdded('StockTicker', 'async.Stockticker@a5b0b86')
19-May-2023 15:00:03.853 INFO [main] org.apache.catalina.core.ApplicationContext.log SessionListener: contextDestroyed()
19-May-2023 15:00:03.855 INFO [main] org.apache.catalina.core.ApplicationContext.log ContextListener: contextDestroyed()
19-May-2023 15:00:18.959 INFO [main] org.apache.catalina.core.ApplicationContext.log SessionListener: contextDestroyed()
19-May-2023 15:00:18.959 INFO [main] org.apache.catalina.core.ApplicationContext.log ContextListener: contextDestroyed()
19-May-2023 15:01:55.550 INFO [main] org.apache.catalina.core.ApplicationContext.log ContextListener: contextInitialized()
19-May-2023 15:01:55.562 INFO [main] org.apache.catalina.core.ApplicationContext.log SessionListener: contextInitialized()
19-May-2023 15:01:55.565 INFO [main] org.apache.catalina.core.ApplicationContext.log ContextListener: attributeAdded('StockTicker', 'async.Stockticker@4d098f9b')
