31-Mar-2023 14:39:12.821 INFO [main] org.apache.catalina.core.ApplicationContext.log ContextListener: contextInitialized()
31-Mar-2023 14:39:12.824 INFO [main] org.apache.catalina.core.ApplicationContext.log SessionListener: contextInitialized()
31-Mar-2023 14:39:12.826 INFO [main] org.apache.catalina.core.ApplicationContext.log ContextListener: attributeAdded('StockTicker', 'async.Stockticker@557a1e2d')
31-Mar-2023 14:49:08.463 INFO [main] org.apache.catalina.core.ApplicationContext.log SessionListener: contextDestroyed()
31-Mar-2023 14:49:08.463 INFO [main] org.apache.catalina.core.ApplicationContext.log ContextListener: contextDestroyed()
31-Mar-2023 14:49:14.721 INFO [main] org.apache.catalina.core.ApplicationContext.log ContextListener: contextInitialized()
31-Mar-2023 14:49:14.724 INFO [main] org.apache.catalina.core.ApplicationContext.log SessionListener: contextInitialized()
31-Mar-2023 14:49:14.726 INFO [main] org.apache.catalina.core.ApplicationContext.log ContextListener: attributeAdded('StockTicker', 'async.Stockticker@55e8ec2f')
31-Mar-2023 14:51:50.194 INFO [main] org.apache.catalina.core.ApplicationContext.log SessionListener: contextDestroyed()
31-Mar-2023 14:51:50.194 INFO [main] org.apache.catalina.core.ApplicationContext.log ContextListener: contextDestroyed()
31-Mar-2023 14:51:53.342 INFO [main] org.apache.catalina.core.ApplicationContext.log ContextListener: contextInitialized()
31-Mar-2023 14:51:53.342 INFO [main] org.apache.catalina.core.ApplicationContext.log SessionListener: contextInitialized()
31-Mar-2023 14:51:53.345 INFO [main] org.apache.catalina.core.ApplicationContext.log ContextListener: attributeAdded('StockTicker', 'async.Stockticker@73ff4fae')
31-Mar-2023 14:52:17.653 INFO [main] org.apache.catalina.core.ApplicationContext.log SessionListener: contextDestroyed()
31-Mar-2023 14:52:17.653 INFO [main] org.apache.catalina.core.ApplicationContext.log ContextListener: contextDestroyed()
31-Mar-2023 14:52:23.949 INFO [main] org.apache.catalina.core.ApplicationContext.log ContextListener: contextInitialized()
31-Mar-2023 14:52:23.953 INFO [main] org.apache.catalina.core.ApplicationContext.log SessionListener: contextInitialized()
31-Mar-2023 14:52:23.955 INFO [main] org.apache.catalina.core.ApplicationContext.log ContextListener: attributeAdded('StockTicker', 'async.Stockticker@4b3c354a')
31-Mar-2023 14:52:44.187 INFO [main] org.apache.catalina.core.ApplicationContext.log SessionListener: contextDestroyed()
31-Mar-2023 14:52:44.187 INFO [main] org.apache.catalina.core.ApplicationContext.log ContextListener: contextDestroyed()
31-Mar-2023 14:52:48.798 INFO [main] org.apache.catalina.core.ApplicationContext.log ContextListener: contextInitialized()
31-Mar-2023 14:52:48.803 INFO [main] org.apache.catalina.core.ApplicationContext.log SessionListener: contextInitialized()
31-Mar-2023 14:52:48.812 INFO [main] org.apache.catalina.core.ApplicationContext.log ContextListener: attributeAdded('StockTicker', 'async.Stockticker@73ff4fae')
31-Mar-2023 14:53:10.565 INFO [main] org.apache.catalina.core.ApplicationContext.log SessionListener: contextDestroyed()
31-Mar-2023 14:53:10.565 INFO [main] org.apache.catalina.core.ApplicationContext.log ContextListener: contextDestroyed()
31-Mar-2023 14:54:20.394 INFO [main] org.apache.catalina.core.ApplicationContext.log ContextListener: contextInitialized()
31-Mar-2023 14:54:20.396 INFO [main] org.apache.catalina.core.ApplicationContext.log SessionListener: contextInitialized()
31-Mar-2023 14:54:20.398 INFO [main] org.apache.catalina.core.ApplicationContext.log ContextListener: attributeAdded('StockTicker', 'async.Stockticker@36676c1a')
31-Mar-2023 14:55:36.340 INFO [main] org.apache.catalina.core.ApplicationContext.log SessionListener: contextDestroyed()
31-Mar-2023 14:55:36.340 INFO [main] org.apache.catalina.core.ApplicationContext.log ContextListener: contextDestroyed()
31-Mar-2023 14:55:39.847 INFO [main] org.apache.catalina.core.ApplicationContext.log ContextListener: contextInitialized()
31-Mar-2023 14:55:39.849 INFO [main] org.apache.catalina.core.ApplicationContext.log SessionListener: contextInitialized()
31-Mar-2023 14:55:39.851 INFO [main] org.apache.catalina.core.ApplicationContext.log ContextListener: attributeAdded('StockTicker', 'async.Stockticker@36676c1a')
31-Mar-2023 14:56:13.303 INFO [main] org.apache.catalina.core.ApplicationContext.log SessionListener: contextDestroyed()
31-Mar-2023 14:56:13.303 INFO [main] org.apache.catalina.core.ApplicationContext.log ContextListener: contextDestroyed()
31-Mar-2023 14:56:16.335 INFO [main] org.apache.catalina.core.ApplicationContext.log ContextListener: contextInitialized()
31-Mar-2023 14:56:16.336 INFO [main] org.apache.catalina.core.ApplicationContext.log SessionListener: contextInitialized()
31-Mar-2023 14:56:16.338 INFO [main] org.apache.catalina.core.ApplicationContext.log ContextListener: attributeAdded('StockTicker', 'async.Stockticker@20b5f2ac')
